{'--activation': 'tanh',
 '--dropout': '0.70',
 '--epoch': '50',
 '--hidden': '100',
 '--lr': '0.1',
 '--mem_dim': '100',
 '--model': 'classification',
 '--optim': 'adagrad',
 '--reg': '3e-3',
 '--truncate_grad': '50',
 '<data>': 'data/senna0'}
{"dev_acc": 0.2370958782518563, "dev_loss": 2.9485073933998742, "epoch": 0, "train_acc": 0.16802755128653959, "train_loss": 3.2298572786518784}
{"dev_acc": 0.21350998494506113, "dev_loss": 2.8801716205974421, "epoch": 1, "train_acc": 0.20145715510548495, "train_loss": 2.973067850363059}
{"dev_acc": 0.23441424326038704, "dev_loss": 2.8341029025614262, "epoch": 2, "train_acc": 0.19743660914119257, "train_loss": 2.9166981529016964}
{"dev_acc": 0.23255980795310985, "dev_loss": 2.8183736242353916, "epoch": 3, "train_acc": 0.27329357466817938, "train_loss": 2.7425388283416874}
{"dev_acc": 0.25621180021788698, "dev_loss": 2.773581443975369, "epoch": 4, "train_acc": 0.31098003839857363, "train_loss": 2.566900492691603}
{"dev_acc": 0.24523859329032568, "dev_loss": 2.7518121488392353, "epoch": 5, "train_acc": 0.31065988717734044, "train_loss": 2.482922607758006}
{"dev_acc": 0.24199793115272525, "dev_loss": 2.7100258780022464, "epoch": 6, "train_acc": 0.42006955986876598, "train_loss": 2.2586153706566234}
{"dev_acc": 0.25627697068977423, "dev_loss": 2.6919467585782209, "epoch": 7, "train_acc": 0.41949447621907182, "train_loss": 2.1567759611567512}
{"dev_acc": 0.21842697683156007, "dev_loss": 2.6624143421649933, "epoch": 8, "train_acc": 0.46029051585659519, "train_loss": 2.0886453438977726}
{"dev_acc": 0.26099591527778104, "dev_loss": 2.6493653816481433, "epoch": 9, "train_acc": 0.5090858380840253, "train_loss": 2.0014156357186739}
{"dev_acc": 0.26661506640121851, "dev_loss": 2.6587171324839196, "epoch": 10, "train_acc": 0.53218363796483548, "train_loss": 1.9086571457933208}
{"dev_acc": 0.25578423239225617, "dev_loss": 2.649485862503449, "epoch": 11, "train_acc": 0.52536846780944157, "train_loss": 1.9017831785757033}
{"dev_acc": 0.26880317188592096, "dev_loss": 2.6264503598213196, "epoch": 12, "train_acc": 0.54677477906966654, "train_loss": 1.8161289112978294}
{"dev_acc": 0.27725248884922654, "dev_loss": 2.5865683952967324, "epoch": 13, "train_acc": 0.56968384000107442, "train_loss": 1.7592029350153247}
{"dev_acc": 0.297817880756513, "dev_loss": 2.5654328589638076, "epoch": 14, "train_acc": 0.56984886801556345, "train_loss": 1.7030705974177747}
{"dev_acc": 0.27820346528674916, "dev_loss": 2.5453725215047598, "epoch": 15, "train_acc": 0.5858857685499258, "train_loss": 1.6228159867593499}
{"dev_acc": 0.2886967903141297, "dev_loss": 2.5421855114400387, "epoch": 16, "train_acc": 0.60041748857160637, "train_loss": 1.5745166154792074}
{"dev_acc": 0.29740738711767151, "dev_loss": 2.539333488792181, "epoch": 17, "train_acc": 0.62640308616446549, "train_loss": 1.4872391291084837}
{"dev_acc": 0.29977047549624197, "dev_loss": 2.5213873808582625, "epoch": 18, "train_acc": 0.65615892840602441, "train_loss": 1.4915749801964056}
{"dev_acc": 0.3114906122386697, "dev_loss": 2.505047626172503, "epoch": 19, "train_acc": 0.63719338644424695, "train_loss": 1.4957191645183037}
{"dev_acc": 0.29808663375080724, "dev_loss": 2.4993705358356237, "epoch": 20, "train_acc": 0.63568315681633003, "train_loss": 1.4660854601591338}
{"dev_acc": 0.29676585143585638, "dev_loss": 2.5144530845185122, "epoch": 21, "train_acc": 0.65711133490556906, "train_loss": 1.4372240074711744}
{"dev_acc": 0.28038732317350173, "dev_loss": 2.5131614257891974, "epoch": 22, "train_acc": 0.65058497608046273, "train_loss": 1.4138323924214136}
{"dev_acc": 0.30633142496082061, "dev_loss": 2.5142418456574283, "epoch": 23, "train_acc": 0.65525408308304878, "train_loss": 1.3887491076879326}
{"dev_acc": 0.29805534720530169, "dev_loss": 2.4967498381932578, "epoch": 24, "train_acc": 0.66559617629674794, "train_loss": 1.3893973414221259}
{"dev_acc": 0.27615365036530642, "dev_loss": 2.4906075460215411, "epoch": 25, "train_acc": 0.68442295394069208, "train_loss": 1.2770438760167873}
{"dev_acc": 0.27669186308184374, "dev_loss": 2.5000682324171066, "epoch": 26, "train_acc": 0.67030305984691374, "train_loss": 1.2873447980334769}
{"dev_acc": 0.26908227199991869, "dev_loss": 2.473864103977879, "epoch": 27, "train_acc": 0.685210583110197, "train_loss": 1.2861934125053192}
{"dev_acc": 0.28645092873684946, "dev_loss": 2.4832771439105272, "epoch": 28, "train_acc": 0.69726130339274939, "train_loss": 1.2353675645760824}
{"dev_acc": 0.2925535584876951, "dev_loss": 2.4586233484248319, "epoch": 29, "train_acc": 0.68856836546774391, "train_loss": 1.2374936264527381}
{"dev_acc": 0.288388408359666, "dev_loss": 2.4716498578588166, "epoch": 30, "train_acc": 0.70410793404933858, "train_loss": 1.2108601602199907}
{"dev_acc": 0.28888218357654444, "dev_loss": 2.4421390617887178, "epoch": 31, "train_acc": 0.70359521359710819, "train_loss": 1.2197406406468543}
{"dev_acc": 0.29977938289542772, "dev_loss": 2.443230509137114, "epoch": 32, "train_acc": 0.70789332829620677, "train_loss": 1.1951483258611111}
{"dev_acc": 0.30415170751533854, "dev_loss": 2.4330073470870652, "epoch": 33, "train_acc": 0.70842205191546825, "train_loss": 1.1569209715091913}
{"dev_acc": 0.30688720619674376, "dev_loss": 2.4410805348306894, "epoch": 34, "train_acc": 0.71089549110433026, "train_loss": 1.1411871380920782}
{"dev_acc": 0.30473305980583615, "dev_loss": 2.4600219428539276, "epoch": 35, "train_acc": 0.7111639339115271, "train_loss": 1.1672870858465549}
{"dev_acc": 0.30139103204739059, "dev_loss": 2.4461749251931906, "epoch": 36, "train_acc": 0.71904395554569422, "train_loss": 1.1164622724850157}
{"dev_acc": 0.30658204183699972, "dev_loss": 2.4535312093794346, "epoch": 37, "train_acc": 0.72782291602846549, "train_loss": 1.0916411164980075}
{"dev_acc": 0.29930962839041925, "dev_loss": 2.4816002702961364, "epoch": 38, "train_acc": 0.73058890228451789, "train_loss": 1.1205106178855859}
{"dev_acc": 0.27403664000902206, "dev_loss": 2.5066151581704617, "epoch": 39, "train_acc": 0.7182311994345727, "train_loss": 1.1283467241761382}
{"dev_acc": 0.31480755416407696, "dev_loss": 2.4418255239725113, "epoch": 40, "train_acc": 0.73025536101352673, "train_loss": 1.092010853635567}
{"dev_acc": 0.32189577223117238, "dev_loss": 2.4330129909018674, "epoch": 41, "train_acc": 0.73249353760599067, "train_loss": 1.085161375194849}
{"dev_acc": 0.3106586239255138, "dev_loss": 2.4771285696576038, "epoch": 42, "train_acc": 0.72911447931598405, "train_loss": 1.0773572384295833}
{"dev_acc": 0.30613131353459488, "dev_loss": 2.4612668945143619, "epoch": 43, "train_acc": 0.70666064880385826, "train_loss": 1.1024358848216715}
{"dev_acc": 0.31506239054712115, "dev_loss": 2.4578622250507274, "epoch": 44, "train_acc": 0.73948841881819738, "train_loss": 1.0800101497691492}
{"dev_acc": 0.30175863451226381, "dev_loss": 2.4760760205487409, "epoch": 45, "train_acc": 0.73804527713940793, "train_loss": 1.0588712124611999}
{"dev_acc": 0.30002565362972322, "dev_loss": 2.4191273773709931, "epoch": 46, "train_acc": 0.74066037879595625, "train_loss": 1.0521528782002383}
{"dev_acc": 0.2941166203356092, "dev_loss": 2.424348097294569, "epoch": 47, "train_acc": 0.75189422190318944, "train_loss": 1.0056457236928285}
{"dev_acc": 0.31256658835599976, "dev_loss": 2.4264263811831674, "epoch": 48, "train_acc": 0.73323315732226324, "train_loss": 1.0557637714254136}
{"dev_acc": 0.31202142004025574, "dev_loss": 2.4305283272018037, "epoch": 49, "train_acc": 0.74479491997808345, "train_loss": 0.99765692233894265}
{"dev_acc": 0.30743595800295703, "dev_loss": 2.4403079453234873, "epoch": 50, "train_acc": 0.75256835300390168, "train_loss": 0.97591671274333702}
{'test_acc': 0.4007582595699522,
 'test_f1_macro': 0.18587011056399996,
 'test_f1_micro': 0.34470536109880373,
 'test_loss': 2.2441481903195379}
