{'--activation': 'tanh',
 '--dropout': '0.70',
 '--epoch': '50',
 '--hidden': '100',
 '--lr': '0.1',
 '--mem_dim': '100',
 '--model': 'classification',
 '--optim': 'adagrad',
 '--reg': '3e-3',
 '--truncate_grad': '50',
 '<data>': 'data/senna0'}
{"dev_acc": 0.22237497027251837, "dev_loss": 2.9458725402752557, "epoch": 0, "train_acc": 0.14601501445709664, "train_loss": 3.1997723774831801}
{"dev_acc": 0.23404889276132348, "dev_loss": 2.8571105351050696, "epoch": 1, "train_acc": 0.21087747125695858, "train_loss": 2.969547179878735}
{"dev_acc": 0.23314677862788469, "dev_loss": 2.8338641189038754, "epoch": 2, "train_acc": 0.22222745401074545, "train_loss": 2.926442492692197}
{"dev_acc": 0.22239506692771685, "dev_loss": 2.8027006536722183, "epoch": 3, "train_acc": 0.2936528074784609, "train_loss": 2.6555427322622207}
{"dev_acc": 0.25041425641086718, "dev_loss": 2.7581840381026268, "epoch": 4, "train_acc": 0.31618649987694281, "train_loss": 2.5450172991049094}
{"dev_acc": 0.25877025858096037, "dev_loss": 2.7575670319298902, "epoch": 5, "train_acc": 0.36997220961674537, "train_loss": 2.3544493483715372}
{"dev_acc": 0.2571936908178909, "dev_loss": 2.6959497158726058, "epoch": 6, "train_acc": 0.39800609788352143, "train_loss": 2.3061496620295476}
{"dev_acc": 0.2618191387246509, "dev_loss": 2.6660078726708889, "epoch": 7, "train_acc": 0.4386082953117964, "train_loss": 2.2102040726630414}
{"dev_acc": 0.29702108237477193, "dev_loss": 2.6491385412712893, "epoch": 8, "train_acc": 0.46062036788552835, "train_loss": 2.0693343894892053}
{"dev_acc": 0.27103977976940097, "dev_loss": 2.6156650694708028, "epoch": 9, "train_acc": 0.48494367507150066, "train_loss": 2.0463524206739958}
{"dev_acc": 0.28251699472453462, "dev_loss": 2.6043162817756333, "epoch": 10, "train_acc": 0.54789364578338784, "train_loss": 1.8581774257367751}
{"dev_acc": 0.30907091515094332, "dev_loss": 2.5738622471690178, "epoch": 11, "train_acc": 0.54116406912194259, "train_loss": 1.8308231820825671}
{"dev_acc": 0.29521168816203519, "dev_loss": 2.5121294967830181, "epoch": 12, "train_acc": 0.56739377080356734, "train_loss": 1.7650276796251048}
{"dev_acc": 0.32658757985428033, "dev_loss": 2.5287112022439637, "epoch": 13, "train_acc": 0.55322727446998909, "train_loss": 1.7876049475591691}
{"dev_acc": 0.31717124417786652, "dev_loss": 2.5354647065202394, "epoch": 14, "train_acc": 0.59346374303273164, "train_loss": 1.6413667387344311}
{"dev_acc": 0.29496841346843933, "dev_loss": 2.473298005759716, "epoch": 15, "train_acc": 0.58772718901674192, "train_loss": 1.5940188809496458}
{"dev_acc": 0.33858229698010728, "dev_loss": 2.4962797556072474, "epoch": 16, "train_acc": 0.6160009883409493, "train_loss": 1.609501875204141}
{"dev_acc": 0.36155389427224466, "dev_loss": 2.4587143876900277, "epoch": 17, "train_acc": 0.62198144743047046, "train_loss": 1.5189722621294319}
{"dev_acc": 0.32596766225365076, "dev_loss": 2.4636311853925386, "epoch": 18, "train_acc": 0.6245873532195908, "train_loss": 1.5000648378837305}
{"dev_acc": 0.34087096421360785, "dev_loss": 2.4345402264346681, "epoch": 19, "train_acc": 0.62869004974299314, "train_loss": 1.4552878114226899}
{"dev_acc": 0.32370031035089697, "dev_loss": 2.4528572869797549, "epoch": 20, "train_acc": 0.63190154777436813, "train_loss": 1.4701804806951617}
{"dev_acc": 0.30367260018722259, "dev_loss": 2.4303071349859238, "epoch": 21, "train_acc": 0.66280858290288736, "train_loss": 1.3728765747891587}
{"dev_acc": 0.27411269173928748, "dev_loss": 2.4409673127035298, "epoch": 22, "train_acc": 0.66505944693227603, "train_loss": 1.4056623059279116}
{"dev_acc": 0.29803817717625058, "dev_loss": 2.4153184487173953, "epoch": 23, "train_acc": 0.6718431617260564, "train_loss": 1.3304795362971356}
{"dev_acc": 0.32258907852854946, "dev_loss": 2.4215205473204455, "epoch": 24, "train_acc": 0.67634818618235981, "train_loss": 1.3345122310470363}
{"dev_acc": 0.29650102768761954, "dev_loss": 2.4221707421044507, "epoch": 25, "train_acc": 0.67433819343522639, "train_loss": 1.32969884153028}
{"dev_acc": 0.33334150931911055, "dev_loss": 2.4209730116029582, "epoch": 26, "train_acc": 0.68157171017490503, "train_loss": 1.2966706268489361}
{"dev_acc": 0.34875883603577051, "dev_loss": 2.3946178158124289, "epoch": 27, "train_acc": 0.67939257049583701, "train_loss": 1.2936949151125354}
{"dev_acc": 0.320455039439558, "dev_loss": 2.4097967644532523, "epoch": 28, "train_acc": 0.69578735929291957, "train_loss": 1.2399968649031685}
{"dev_acc": 0.3371046658664843, "dev_loss": 2.3843914990623793, "epoch": 29, "train_acc": 0.70519244557827154, "train_loss": 1.2175466229329954}
{"dev_acc": 0.32574178527085346, "dev_loss": 2.372312949349483, "epoch": 30, "train_acc": 0.7011797667758044, "train_loss": 1.1843787288888679}
{"dev_acc": 0.32661804163494301, "dev_loss": 2.396683762470881, "epoch": 31, "train_acc": 0.70354797926055346, "train_loss": 1.1787599443351147}
{"dev_acc": 0.31132952830616151, "dev_loss": 2.3989581794788442, "epoch": 32, "train_acc": 0.70925838198918989, "train_loss": 1.1707097717301278}
{"dev_acc": 0.31520169554941296, "dev_loss": 2.391472932572166, "epoch": 33, "train_acc": 0.71267899157855696, "train_loss": 1.1643102408966934}
{"dev_acc": 0.30323628839064981, "dev_loss": 2.4273465753843388, "epoch": 34, "train_acc": 0.70550232241152167, "train_loss": 1.1805766105315969}
{"dev_acc": 0.30176064854259294, "dev_loss": 2.4094139275451503, "epoch": 35, "train_acc": 0.71113682855331617, "train_loss": 1.1474116561885686}
{"dev_acc": 0.32051390585110179, "dev_loss": 2.3939462229609489, "epoch": 36, "train_acc": 0.70819944816189651, "train_loss": 1.1294459073926459}
{"dev_acc": 0.34364859160805272, "dev_loss": 2.3672208736340203, "epoch": 37, "train_acc": 0.72883154586091492, "train_loss": 1.1246681569037256}
{"dev_acc": 0.31344112734201879, "dev_loss": 2.4044826067984104, "epoch": 38, "train_acc": 0.71412387185972404, "train_loss": 1.1243769404798991}
{"dev_acc": 0.31860893069812668, "dev_loss": 2.363512571901083, "epoch": 39, "train_acc": 0.72012652791132248, "train_loss": 1.0798457476508911}
{"dev_acc": 0.32616928665302669, "dev_loss": 2.3887505096693835, "epoch": 40, "train_acc": 0.72970604020131546, "train_loss": 1.0758861767616672}
{"dev_acc": 0.32215803781923613, "dev_loss": 2.3740000066657863, "epoch": 41, "train_acc": 0.72882483319066671, "train_loss": 1.0723926314290186}
{"dev_acc": 0.33198070765667204, "dev_loss": 2.3751347971459231, "epoch": 42, "train_acc": 0.7308785677875026, "train_loss": 1.0471836017658476}
{"dev_acc": 0.3267788756287911, "dev_loss": 2.3984469206382832, "epoch": 43, "train_acc": 0.73882835154501114, "train_loss": 1.032075664849158}
{"dev_acc": 0.3360404588369425, "dev_loss": 2.3732176770766578, "epoch": 44, "train_acc": 0.73097293093378835, "train_loss": 1.0484732892974966}
{"dev_acc": 0.3430517733072494, "dev_loss": 2.4239740483462811, "epoch": 45, "train_acc": 0.7433815158095296, "train_loss": 1.02477671670132}
{"dev_acc": 0.36119979686352882, "dev_loss": 2.3801992212732634, "epoch": 46, "train_acc": 0.73914510545184853, "train_loss": 1.0370457817907217}
{"dev_acc": 0.34027429985438823, "dev_loss": 2.4046732510129609, "epoch": 47, "train_acc": 0.74413794708363934, "train_loss": 1.0190547834089423}
{"dev_acc": 0.36170209567730244, "dev_loss": 2.3882285257180533, "epoch": 48, "train_acc": 0.74402716101114597, "train_loss": 1.0349242330192909}
{"dev_acc": 0.34339187687011891, "dev_loss": 2.3524757108340659, "epoch": 49, "train_acc": 0.75331340443777073, "train_loss": 0.98001982594580683}
{"dev_acc": 0.34429348700682794, "dev_loss": 2.3363325198491416, "epoch": 50, "train_acc": 0.74747500878357176, "train_loss": 0.99519659975089403}
{'test_acc': 0.30855276306705082,
 'test_f1_macro': 0.20903299436472261,
 'test_f1_micro': 0.35666814355338944,
 'test_loss': 2.5087865568697452}
