{'--activation': 'tanh',
 '--dropout': '0.70',
 '--epoch': '50',
 '--hidden': '100',
 '--lr': '0.1',
 '--mem_dim': '100',
 '--model': 'classification',
 '--optim': 'adagrad',
 '--reg': '3e-3',
 '--truncate_grad': '50',
 '<data>': 'data/senna0'}
{"dev_acc": 0.23284936307336968, "dev_loss": 2.9467139666279158, "epoch": 0, "train_acc": 0.16261622849183274, "train_loss": 3.1674275280999358}
{"dev_acc": 0.23333579714515909, "dev_loss": 2.8888198075195155, "epoch": 1, "train_acc": 0.20281191107748123, "train_loss": 2.9781807231121378}
{"dev_acc": 0.22293930386836591, "dev_loss": 2.8247916748126349, "epoch": 2, "train_acc": 0.20445206205307651, "train_loss": 2.9452599892850784}
{"dev_acc": 0.25280550513043942, "dev_loss": 2.7839967658122382, "epoch": 3, "train_acc": 0.2299263212175911, "train_loss": 2.7628331223472218}
{"dev_acc": 0.27844781720587292, "dev_loss": 2.7871971912682056, "epoch": 4, "train_acc": 0.29112658139545577, "train_loss": 2.5855963151963031}
{"dev_acc": 0.25070679184118277, "dev_loss": 2.7491252111891904, "epoch": 5, "train_acc": 0.32954478352177557, "train_loss": 2.4609601292453829}
{"dev_acc": 0.28583185957336577, "dev_loss": 2.7274775418142476, "epoch": 6, "train_acc": 0.40999289848547843, "train_loss": 2.3060912392178521}
{"dev_acc": 0.27355521305938996, "dev_loss": 2.6866180226206779, "epoch": 7, "train_acc": 0.41794719715205086, "train_loss": 2.2203742050733721}
{"dev_acc": 0.26349321218628946, "dev_loss": 2.6707978819807372, "epoch": 8, "train_acc": 0.45383007800798536, "train_loss": 2.1625223179332544}
{"dev_acc": 0.27650630399853365, "dev_loss": 2.664530230065187, "epoch": 9, "train_acc": 0.47739187403705147, "train_loss": 2.0803918853157857}
{"dev_acc": 0.26307530407998564, "dev_loss": 2.641221315910419, "epoch": 10, "train_acc": 0.50384289615403388, "train_loss": 1.9283696938245023}
{"dev_acc": 0.26740840199628557, "dev_loss": 2.6474160055319467, "epoch": 11, "train_acc": 0.52378034280804509, "train_loss": 1.8793673096377341}
{"dev_acc": 0.27275670927958245, "dev_loss": 2.6083806479970613, "epoch": 12, "train_acc": 0.53365658562187368, "train_loss": 1.8315735627881815}
{"dev_acc": 0.27022633131622498, "dev_loss": 2.5923109191159406, "epoch": 13, "train_acc": 0.57708727432600815, "train_loss": 1.709391577321975}
{"dev_acc": 0.28443708845971294, "dev_loss": 2.5543432384729385, "epoch": 14, "train_acc": 0.57930347586898512, "train_loss": 1.706501918615865}
{"dev_acc": 0.30912606865671466, "dev_loss": 2.5417550212393203, "epoch": 15, "train_acc": 0.59039444393023188, "train_loss": 1.6438997891105589}
{"dev_acc": 0.29679935558646237, "dev_loss": 2.5491777546703815, "epoch": 16, "train_acc": 0.62051005852797769, "train_loss": 1.56396555033375}
{"dev_acc": 0.28040676593229996, "dev_loss": 2.5702122834821544, "epoch": 17, "train_acc": 0.61828243867400901, "train_loss": 1.5865521667006075}
{"dev_acc": 0.3020345014897487, "dev_loss": 2.5498103337983289, "epoch": 18, "train_acc": 0.63362350730930694, "train_loss": 1.5395664967840812}
{"dev_acc": 0.29673362519549867, "dev_loss": 2.5472521415601173, "epoch": 19, "train_acc": 0.61824591626635039, "train_loss": 1.4783596416294087}
{"dev_acc": 0.29635149254657306, "dev_loss": 2.5107739803691707, "epoch": 20, "train_acc": 0.62336605083631158, "train_loss": 1.4953033739670378}
{"dev_acc": 0.32072645204082667, "dev_loss": 2.5326770910372338, "epoch": 21, "train_acc": 0.61624587825667199, "train_loss": 1.4489499981530378}
{"dev_acc": 0.29664833610646668, "dev_loss": 2.5047900698458156, "epoch": 22, "train_acc": 0.6591810594133044, "train_loss": 1.4070427946013506}
{"dev_acc": 0.31688698889253847, "dev_loss": 2.4972742361327014, "epoch": 23, "train_acc": 0.65393984375666336, "train_loss": 1.3662977178932214}
{"dev_acc": 0.33747612622750062, "dev_loss": 2.443346006795764, "epoch": 24, "train_acc": 0.66717781982636348, "train_loss": 1.3351307892790216}
{"dev_acc": 0.31177998975752691, "dev_loss": 2.4625446585317454, "epoch": 25, "train_acc": 0.66553896909194787, "train_loss": 1.3357112909377109}
{"dev_acc": 0.2889447816633085, "dev_loss": 2.518135990947485, "epoch": 26, "train_acc": 0.66057082630871067, "train_loss": 1.353545222003929}
{"dev_acc": 0.31404480676526741, "dev_loss": 2.4876834402481713, "epoch": 27, "train_acc": 0.64763361873877034, "train_loss": 1.3708022682179437}
{"dev_acc": 0.31083171510202173, "dev_loss": 2.4507562021414437, "epoch": 28, "train_acc": 0.67166941340796471, "train_loss": 1.2901162240104598}
{"dev_acc": 0.31431975423085051, "dev_loss": 2.4651095631221929, "epoch": 29, "train_acc": 0.6751847460713275, "train_loss": 1.2751066971295437}
{"dev_acc": 0.31051622900256187, "dev_loss": 2.4691044117013612, "epoch": 30, "train_acc": 0.68961998166080662, "train_loss": 1.2686406937046129}
{"dev_acc": 0.30186405173517511, "dev_loss": 2.4892210687200227, "epoch": 31, "train_acc": 0.68437660683079715, "train_loss": 1.2730200892833412}
{"dev_acc": 0.33131257279160176, "dev_loss": 2.4652215943982205, "epoch": 32, "train_acc": 0.6728117428750644, "train_loss": 1.2629711300470545}
{"dev_acc": 0.30263733894666989, "dev_loss": 2.4518799974272647, "epoch": 33, "train_acc": 0.70073380102475358, "train_loss": 1.2090368187971046}
{"dev_acc": 0.33297313489708041, "dev_loss": 2.4373956139509878, "epoch": 34, "train_acc": 0.69808498237018379, "train_loss": 1.1861240066832206}
{"dev_acc": 0.32329596827022244, "dev_loss": 2.4470029609898725, "epoch": 35, "train_acc": 0.69872127906717474, "train_loss": 1.1718292542901196}
{"dev_acc": 0.32982276699744811, "dev_loss": 2.39418911592414, "epoch": 36, "train_acc": 0.7064803019971454, "train_loss": 1.1766850864667384}
{"dev_acc": 0.32311666220787577, "dev_loss": 2.4322486507395902, "epoch": 37, "train_acc": 0.7103837140409448, "train_loss": 1.1948150510166879}
{"dev_acc": 0.34395867730162033, "dev_loss": 2.4123025629669428, "epoch": 38, "train_acc": 0.70733815415955326, "train_loss": 1.1294576239783591}
{"dev_acc": 0.33747092040019105, "dev_loss": 2.4174562382201352, "epoch": 39, "train_acc": 0.70727424573702014, "train_loss": 1.141312229508137}
{"dev_acc": 0.32926194038233852, "dev_loss": 2.4002584759145975, "epoch": 40, "train_acc": 0.71401347322166375, "train_loss": 1.1132980596358109}
{"dev_acc": 0.32741602014998289, "dev_loss": 2.408601438626647, "epoch": 41, "train_acc": 0.72081986677892573, "train_loss": 1.105840519299639}
{"dev_acc": 0.33414234578985269, "dev_loss": 2.3832969181239605, "epoch": 42, "train_acc": 0.72451323471339313, "train_loss": 1.0878216948543415}
{"dev_acc": 0.33100559274421731, "dev_loss": 2.4054891827205815, "epoch": 43, "train_acc": 0.73272206925542516, "train_loss": 1.090786444374406}
{"dev_acc": 0.33452125592402221, "dev_loss": 2.4170167570312819, "epoch": 44, "train_acc": 0.72975730083663537, "train_loss": 1.0721773733613922}
{"dev_acc": 0.33108816409963854, "dev_loss": 2.3994319277505078, "epoch": 45, "train_acc": 0.72736904087367982, "train_loss": 1.0523432548497575}
{"dev_acc": 0.3236179832935781, "dev_loss": 2.3967901356518269, "epoch": 46, "train_acc": 0.73715532918484561, "train_loss": 1.0613280780399676}
{"dev_acc": 0.34493814734972039, "dev_loss": 2.3830114640295506, "epoch": 47, "train_acc": 0.73732254557607591, "train_loss": 1.0283641581286171}
{"dev_acc": 0.32626746573721205, "dev_loss": 2.3882093112915754, "epoch": 48, "train_acc": 0.73628823163452728, "train_loss": 1.0432235818035656}
{"dev_acc": 0.32437004711907408, "dev_loss": 2.3874294282868505, "epoch": 49, "train_acc": 0.73899939641314016, "train_loss": 1.0182955675208789}
{"dev_acc": 0.33903092915959543, "dev_loss": 2.4172943091640868, "epoch": 50, "train_acc": 0.73897505546992859, "train_loss": 1.037839946562241}
{'test_acc': 0.34272966553040585,
 'test_f1_macro': 0.20357713089157473,
 'test_f1_micro': 0.34736375719982276,
 'test_loss': 2.3802230857312678}
