{'--activation': 'tanh',
 '--dropout': '0.70',
 '--epoch': '50',
 '--hidden': '100',
 '--lr': '0.1',
 '--mem_dim': '100',
 '--model': 'classification',
 '--optim': 'adagrad',
 '--reg': '3e-3',
 '--truncate_grad': '50',
 '<data>': 'data/senna0'}
{"dev_acc": 0.21456736667019896, "dev_loss": 2.9125642664730549, "epoch": 0, "train_acc": 0.1665012169786303, "train_loss": 3.1749981045722961}
{"dev_acc": 0.22510993576113889, "dev_loss": 2.8878128851453462, "epoch": 1, "train_acc": 0.21055889286714816, "train_loss": 2.9579620488354417}
{"dev_acc": 0.23187054454206549, "dev_loss": 2.8533627577126026, "epoch": 2, "train_acc": 0.20891478014594378, "train_loss": 2.9417726465913114}
{"dev_acc": 0.22807158905073396, "dev_loss": 2.8276906932393708, "epoch": 3, "train_acc": 0.26920616942840686, "train_loss": 2.7770403946032292}
{"dev_acc": 0.26147017338210449, "dev_loss": 2.7958122541507087, "epoch": 4, "train_acc": 0.28266434070452373, "train_loss": 2.6313379563269068}
{"dev_acc": 0.28068123314750715, "dev_loss": 2.7584886675079665, "epoch": 5, "train_acc": 0.30175075922009659, "train_loss": 2.591738453653992}
{"dev_acc": 0.26667156683922905, "dev_loss": 2.7455053888261318, "epoch": 6, "train_acc": 0.34899283327504282, "train_loss": 2.4221154891076635}
{"dev_acc": 0.276343769254143, "dev_loss": 2.7131057729323707, "epoch": 7, "train_acc": 0.43637842419088724, "train_loss": 2.3217554180348507}
{"dev_acc": 0.28712079844180466, "dev_loss": 2.6822697147727013, "epoch": 8, "train_acc": 0.37316358698516333, "train_loss": 2.3096670479070944}
{"dev_acc": 0.27721330964849666, "dev_loss": 2.6738359232743583, "epoch": 9, "train_acc": 0.47802498299646506, "train_loss": 2.1563226286260808}
{"dev_acc": 0.29738219221586154, "dev_loss": 2.6503784383336702, "epoch": 10, "train_acc": 0.47742906079509045, "train_loss": 2.0934855422524157}
{"dev_acc": 0.30990938820676456, "dev_loss": 2.6230339358250299, "epoch": 11, "train_acc": 0.46387456887742123, "train_loss": 1.9896427721517984}
{"dev_acc": 0.32201758071784486, "dev_loss": 2.6265858523547649, "epoch": 12, "train_acc": 0.48511971704535461, "train_loss": 1.9120505417956681}
{"dev_acc": 0.30852976465054771, "dev_loss": 2.5959413268913827, "epoch": 13, "train_acc": 0.55997532982325937, "train_loss": 1.8125182622280278}
{"dev_acc": 0.31693872850433674, "dev_loss": 2.6002227774200342, "epoch": 14, "train_acc": 0.58634429997738391, "train_loss": 1.7752938666304603}
{"dev_acc": 0.28027066921763938, "dev_loss": 2.5789260845631361, "epoch": 15, "train_acc": 0.57719551414422399, "train_loss": 1.7089056738453809}
{"dev_acc": 0.33006022788775308, "dev_loss": 2.5491859627266726, "epoch": 16, "train_acc": 0.57182638964805965, "train_loss": 1.6565829407973367}
{"dev_acc": 0.31751425657771803, "dev_loss": 2.5448631616309285, "epoch": 17, "train_acc": 0.60054106637696558, "train_loss": 1.624109496774732}
{"dev_acc": 0.31630047172096254, "dev_loss": 2.5332856637736163, "epoch": 18, "train_acc": 0.62035054749780671, "train_loss": 1.5685321726515644}
{"dev_acc": 0.32104271765207271, "dev_loss": 2.5289053488522768, "epoch": 19, "train_acc": 0.63643015185340202, "train_loss": 1.5238692698175791}
{"dev_acc": 0.32760571752521822, "dev_loss": 2.5193794031317034, "epoch": 20, "train_acc": 0.62624190639971511, "train_loss": 1.5387782135092822}
{"dev_acc": 0.32565049046768929, "dev_loss": 2.5161268034329018, "epoch": 21, "train_acc": 0.62943797278362756, "train_loss": 1.4787607455442919}
{"dev_acc": 0.32534203565904474, "dev_loss": 2.500861519637207, "epoch": 22, "train_acc": 0.65456306462496938, "train_loss": 1.4678071781260069}
{"dev_acc": 0.32119268043693483, "dev_loss": 2.4994295736153922, "epoch": 23, "train_acc": 0.66540505394266614, "train_loss": 1.4053989370948956}
{"dev_acc": 0.30125593741196199, "dev_loss": 2.5283470076198378, "epoch": 24, "train_acc": 0.65767693446354536, "train_loss": 1.3894249274410675}
{"dev_acc": 0.32040987651102198, "dev_loss": 2.4962801365181804, "epoch": 25, "train_acc": 0.66769604341015831, "train_loss": 1.3794750131849871}
{"dev_acc": 0.32136659363998915, "dev_loss": 2.4928224661077061, "epoch": 26, "train_acc": 0.66134169249590569, "train_loss": 1.3173345999456332}
{"dev_acc": 0.32345973858289229, "dev_loss": 2.5088993292301893, "epoch": 27, "train_acc": 0.6746962790521408, "train_loss": 1.2897245315071502}
{"dev_acc": 0.32792885343313022, "dev_loss": 2.5105348502596221, "epoch": 28, "train_acc": 0.67357503885278691, "train_loss": 1.3032570444658154}
{"dev_acc": 0.31134870770336837, "dev_loss": 2.5225883551562824, "epoch": 29, "train_acc": 0.6714150862832251, "train_loss": 1.2845858331525424}
{"dev_acc": 0.32660110791431041, "dev_loss": 2.5091658156986036, "epoch": 30, "train_acc": 0.69572679644812108, "train_loss": 1.2375301282593338}
{"dev_acc": 0.33743449926947372, "dev_loss": 2.500967706243197, "epoch": 31, "train_acc": 0.68008552032073433, "train_loss": 1.2590903937511269}
{"dev_acc": 0.30818947571729266, "dev_loss": 2.5388308198501668, "epoch": 32, "train_acc": 0.69788859754958188, "train_loss": 1.2393575176963063}
{"dev_acc": 0.3344336905911825, "dev_loss": 2.5045814982925854, "epoch": 33, "train_acc": 0.69027812466034055, "train_loss": 1.2559355783322064}
{"dev_acc": 0.32375758194229581, "dev_loss": 2.5162682197988033, "epoch": 34, "train_acc": 0.69451356576455203, "train_loss": 1.1915915217746782}
{"dev_acc": 0.27941319978898532, "dev_loss": 2.5568195454155407, "epoch": 35, "train_acc": 0.6978430464408677, "train_loss": 1.206936015144418}
{"dev_acc": 0.32676253809163608, "dev_loss": 2.4836958438778916, "epoch": 36, "train_acc": 0.69719687656296314, "train_loss": 1.205719303034368}
{"dev_acc": 0.31946364736041738, "dev_loss": 2.4793700206403932, "epoch": 37, "train_acc": 0.70626810189672806, "train_loss": 1.2181277471121217}
{"dev_acc": 0.319224772157365, "dev_loss": 2.4908047405381999, "epoch": 38, "train_acc": 0.699216599365173, "train_loss": 1.19527782138521}
{"dev_acc": 0.29434510500155131, "dev_loss": 2.4846822616333761, "epoch": 39, "train_acc": 0.71968390363514101, "train_loss": 1.1015939170219859}
{"dev_acc": 0.31999518681494094, "dev_loss": 2.4753866977989674, "epoch": 40, "train_acc": 0.71278132313434084, "train_loss": 1.1236463712192462}
{"dev_acc": 0.32875485649688974, "dev_loss": 2.4699173498277864, "epoch": 41, "train_acc": 0.71596236095621979, "train_loss": 1.1264611100319957}
{"dev_acc": 0.33978539371096189, "dev_loss": 2.4794933230926595, "epoch": 42, "train_acc": 0.72631204199216415, "train_loss": 1.0847538342626888}
{"dev_acc": 0.29543995626729802, "dev_loss": 2.4514255356043577, "epoch": 43, "train_acc": 0.72064748792858613, "train_loss": 1.1143187427794041}
{"dev_acc": 0.34828035933837104, "dev_loss": 2.4088313241178789, "epoch": 44, "train_acc": 0.71566063338083208, "train_loss": 1.0990963791741333}
{"dev_acc": 0.33689111643980096, "dev_loss": 2.4319103714078665, "epoch": 45, "train_acc": 0.72560115402441761, "train_loss": 1.0714371939338592}
{"dev_acc": 0.30789374772271255, "dev_loss": 2.4571991513172784, "epoch": 46, "train_acc": 0.73249626824063963, "train_loss": 1.0578091770990705}
{"dev_acc": 0.31806937343489344, "dev_loss": 2.4262012206017971, "epoch": 47, "train_acc": 0.7359340205425644, "train_loss": 1.0596584609526469}
{"dev_acc": 0.31497462775999485, "dev_loss": 2.4538493404785791, "epoch": 48, "train_acc": 0.72486386925277513, "train_loss": 1.0559993633298113}
{"dev_acc": 0.32322656731873728, "dev_loss": 2.4707698219766221, "epoch": 49, "train_acc": 0.73795334187558281, "train_loss": 1.0883529782447903}
{"dev_acc": 0.33826073856248007, "dev_loss": 2.4141417651747665, "epoch": 50, "train_acc": 0.74383816431813676, "train_loss": 1.0344553054539396}
{'test_acc': 0.39042647743501036,
 'test_f1_macro': 0.16456274336568777,
 'test_f1_micro': 0.33983163491360213,
 'test_loss': 2.2663890587165954}
