{'--activation': 'tanh',
 '--dropout': '0.70',
 '--epoch': '50',
 '--hidden': '100',
 '--lr': '0.1',
 '--mem_dim': '100',
 '--model': 'classification',
 '--optim': 'adagrad',
 '--reg': '3e-3',
 '--truncate_grad': '50',
 '<data>': 'data/senna0'}
{"dev_acc": 0.22528787848671591, "dev_loss": 2.9170588999986649, "epoch": 0, "train_acc": 0.13694253128147946, "train_loss": 3.2413139128294146}
{"dev_acc": 0.21732162397852603, "dev_loss": 2.9027911610901356, "epoch": 1, "train_acc": 0.17686600583253681, "train_loss": 3.0413381857950181}
{"dev_acc": 0.23270694610785969, "dev_loss": 2.845388188958168, "epoch": 2, "train_acc": 0.18601942925450585, "train_loss": 2.9525027763648111}
{"dev_acc": 0.24201807286226806, "dev_loss": 2.8385655830303826, "epoch": 3, "train_acc": 0.23725990676900235, "train_loss": 2.8315910032538119}
{"dev_acc": 0.26066853141276419, "dev_loss": 2.7764117438346148, "epoch": 4, "train_acc": 0.25382290230530968, "train_loss": 2.6624197813331105}
{"dev_acc": 0.26503676911779045, "dev_loss": 2.7506905992825827, "epoch": 5, "train_acc": 0.30392103086645694, "train_loss": 2.5987117466379384}
{"dev_acc": 0.24612355012245926, "dev_loss": 2.7065851961572966, "epoch": 6, "train_acc": 0.33447706482629042, "train_loss": 2.4501293594719935}
{"dev_acc": 0.26247586501772391, "dev_loss": 2.71731852615873, "epoch": 7, "train_acc": 0.3656888191221831, "train_loss": 2.3406934696631354}
{"dev_acc": 0.24004615569287377, "dev_loss": 2.6654534041881561, "epoch": 8, "train_acc": 0.44005303336829343, "train_loss": 2.183681614086276}
{"dev_acc": 0.24778990288562608, "dev_loss": 2.6447860281914473, "epoch": 9, "train_acc": 0.41873838364641047, "train_loss": 2.2607503982840993}
{"dev_acc": 0.26236521815677621, "dev_loss": 2.5792574783166251, "epoch": 10, "train_acc": 0.41398360421530478, "train_loss": 2.0894598179176205}
{"dev_acc": 0.2922844700127793, "dev_loss": 2.534754772981008, "epoch": 11, "train_acc": 0.47707264073339212, "train_loss": 2.0360957354795737}
{"dev_acc": 0.26643720973808244, "dev_loss": 2.5352402372906604, "epoch": 12, "train_acc": 0.45436713211162616, "train_loss": 1.9310805743835011}
{"dev_acc": 0.28249751280965951, "dev_loss": 2.4828843232244253, "epoch": 13, "train_acc": 0.48961220280787404, "train_loss": 1.9725539054049821}
{"dev_acc": 0.31263383838213971, "dev_loss": 2.4975360302875438, "epoch": 14, "train_acc": 0.56105645071836185, "train_loss": 1.8054502134318235}
{"dev_acc": 0.30020726893435495, "dev_loss": 2.4416175559163094, "epoch": 15, "train_acc": 0.53693179194768381, "train_loss": 1.8431984603893561}
{"dev_acc": 0.2926818910562009, "dev_loss": 2.4932349473237991, "epoch": 16, "train_acc": 0.55264603371442389, "train_loss": 1.7742196349274428}
{"dev_acc": 0.27469965754366082, "dev_loss": 2.4648448042571545, "epoch": 17, "train_acc": 0.60154070297912954, "train_loss": 1.6838966173226717}
{"dev_acc": 0.30620874428201528, "dev_loss": 2.4088958632200956, "epoch": 18, "train_acc": 0.58278156331013897, "train_loss": 1.6285437860633019}
{"dev_acc": 0.30615363498305254, "dev_loss": 2.4025938663010797, "epoch": 19, "train_acc": 0.60226668567982644, "train_loss": 1.6066591218113899}
{"dev_acc": 0.30750575127508367, "dev_loss": 2.4521213450158634, "epoch": 20, "train_acc": 0.58172704526134711, "train_loss": 1.5491546699471894}
{"dev_acc": 0.32177396316857715, "dev_loss": 2.4046622595439353, "epoch": 21, "train_acc": 0.61954697229189515, "train_loss": 1.5521451559100972}
{"dev_acc": 0.33172559070235774, "dev_loss": 2.3656131358196339, "epoch": 22, "train_acc": 0.6415777290232294, "train_loss": 1.4711564193922477}
{"dev_acc": 0.32773010269964897, "dev_loss": 2.3549142202051976, "epoch": 23, "train_acc": 0.6372434138855313, "train_loss": 1.4778324553865145}
{"dev_acc": 0.3324738159007794, "dev_loss": 2.390275526791811, "epoch": 24, "train_acc": 0.63239959186943939, "train_loss": 1.450655999364423}
{"dev_acc": 0.31512376505495798, "dev_loss": 2.3217163654044271, "epoch": 25, "train_acc": 0.63782388462287343, "train_loss": 1.3965840178892994}
{"dev_acc": 0.31995451916727008, "dev_loss": 2.3397670993581414, "epoch": 26, "train_acc": 0.66652054401971417, "train_loss": 1.3705373406104866}
{"dev_acc": 0.30858695611153292, "dev_loss": 2.3249909146688879, "epoch": 27, "train_acc": 0.68297306534621205, "train_loss": 1.3966212006377392}
{"dev_acc": 0.32403592188757596, "dev_loss": 2.3536906737523773, "epoch": 28, "train_acc": 0.66699275089278454, "train_loss": 1.3621140970451544}
{"dev_acc": 0.33617557850333207, "dev_loss": 2.315708237544944, "epoch": 29, "train_acc": 0.66979444780613773, "train_loss": 1.3296609953900829}
{"dev_acc": 0.31919616080995589, "dev_loss": 2.3107873227757714, "epoch": 30, "train_acc": 0.67999587041581344, "train_loss": 1.2906410306325702}
{"dev_acc": 0.32725223103741702, "dev_loss": 2.3209007075056434, "epoch": 31, "train_acc": 0.6814812503885751, "train_loss": 1.3039864808412605}
{"dev_acc": 0.31881306845349688, "dev_loss": 2.2810226650908589, "epoch": 32, "train_acc": 0.68298268183489941, "train_loss": 1.2647250043991647}
{"dev_acc": 0.32275736307022468, "dev_loss": 2.3043579327253005, "epoch": 33, "train_acc": 0.69362236028621294, "train_loss": 1.2613498143943362}
{"dev_acc": 0.33890687862401531, "dev_loss": 2.3151981749882302, "epoch": 34, "train_acc": 0.69789207257998276, "train_loss": 1.2662360442222143}
{"dev_acc": 0.3470549583707862, "dev_loss": 2.2443121094256639, "epoch": 35, "train_acc": 0.69865103913294013, "train_loss": 1.2236465400344403}
{"dev_acc": 0.34147251450119875, "dev_loss": 2.2244560699909925, "epoch": 36, "train_acc": 0.67049948710002294, "train_loss": 1.2357819308908504}
{"dev_acc": 0.33951132903183417, "dev_loss": 2.2265866821010909, "epoch": 37, "train_acc": 0.711386739474275, "train_loss": 1.2050834958208725}
{"dev_acc": 0.3220076631556294, "dev_loss": 2.2300748086223998, "epoch": 38, "train_acc": 0.71138091974702045, "train_loss": 1.1715687247733662}
{"dev_acc": 0.31211018271884816, "dev_loss": 2.232704509360095, "epoch": 39, "train_acc": 0.71328369719569695, "train_loss": 1.1883771442731872}
{"dev_acc": 0.33777571886954055, "dev_loss": 2.2334244834880033, "epoch": 40, "train_acc": 0.70712464918544193, "train_loss": 1.1624906745540802}
{"dev_acc": 0.33541771610995291, "dev_loss": 2.2541348353649178, "epoch": 41, "train_acc": 0.72043939391304457, "train_loss": 1.1221138894878573}
{"dev_acc": 0.33310852822500914, "dev_loss": 2.2620310485363007, "epoch": 42, "train_acc": 0.71827614182600652, "train_loss": 1.1107607665624408}
{"dev_acc": 0.35482722046077853, "dev_loss": 2.234872093734642, "epoch": 43, "train_acc": 0.70604684652503824, "train_loss": 1.1464930394297985}
{"dev_acc": 0.33157112211471357, "dev_loss": 2.2400447622252009, "epoch": 44, "train_acc": 0.71918495829200457, "train_loss": 1.1077440400010539}
{"dev_acc": 0.32362979268711589, "dev_loss": 2.2610212195043764, "epoch": 45, "train_acc": 0.73382662373170249, "train_loss": 1.0939572144864647}
{"dev_acc": 0.32069576270871947, "dev_loss": 2.2683104385311403, "epoch": 46, "train_acc": 0.73080409336504937, "train_loss": 1.1179030869885149}
{"dev_acc": 0.32649409891629833, "dev_loss": 2.2226806152611971, "epoch": 47, "train_acc": 0.72270148101706477, "train_loss": 1.0712940245275158}
{"dev_acc": 0.32191074521419361, "dev_loss": 2.3149355777228871, "epoch": 48, "train_acc": 0.73043587181890668, "train_loss": 1.1012772128184434}
{"dev_acc": 0.32536301960750197, "dev_loss": 2.2613963189845285, "epoch": 49, "train_acc": 0.72002477845335755, "train_loss": 1.0859006349737832}
{"dev_acc": 0.33284629017530193, "dev_loss": 2.3085597322011986, "epoch": 50, "train_acc": 0.73594717687051325, "train_loss": 1.0550189247640178}
{'test_acc': 0.31024772172265747,
 'test_f1_macro': 0.18106718426096002,
 'test_f1_micro': 0.34071776694727512,
 'test_loss': 2.4002334892749788}
