{'--activation': 'tanh',
 '--dropout': '0.70',
 '--epoch': '50',
 '--hidden': '100',
 '--lr': '0.1',
 '--mem_dim': '100',
 '--model': 'classification',
 '--optim': 'adagrad',
 '--reg': '3e-3',
 '--truncate_grad': '50',
 '<data>': 'data/senna0'}
{"dev_acc": 0.21166511780759592, "dev_loss": 2.9952346732219062, "epoch": 0, "train_acc": 0.15042252356619276, "train_loss": 3.2149155354890668}
{"dev_acc": 0.21891261992172906, "dev_loss": 2.9274430299798646, "epoch": 1, "train_acc": 0.1898876517799683, "train_loss": 3.0250008301656752}
{"dev_acc": 0.26269124308680253, "dev_loss": 2.8943896008034549, "epoch": 2, "train_acc": 0.20059474762122848, "train_loss": 2.910110321201262}
{"dev_acc": 0.25563897016791792, "dev_loss": 2.8511441660424075, "epoch": 3, "train_acc": 0.28306702519781929, "train_loss": 2.6929215915867539}
{"dev_acc": 0.22652303708042129, "dev_loss": 2.8134228686491647, "epoch": 4, "train_acc": 0.28715985142215272, "train_loss": 2.588626236212058}
{"dev_acc": 0.26449190101699804, "dev_loss": 2.7822760976850986, "epoch": 5, "train_acc": 0.34202523025370407, "train_loss": 2.4515614885775769}
{"dev_acc": 0.24322100920819645, "dev_loss": 2.7815987542271614, "epoch": 6, "train_acc": 0.43622888736821419, "train_loss": 2.2716822099001681}
{"dev_acc": 0.27026747291971048, "dev_loss": 2.7113028938571611, "epoch": 7, "train_acc": 0.43574018775015566, "train_loss": 2.1797599714310443}
{"dev_acc": 0.2883454163555762, "dev_loss": 2.6972961872816086, "epoch": 8, "train_acc": 0.43962634854905647, "train_loss": 2.1542129924551388}
{"dev_acc": 0.29203033267635464, "dev_loss": 2.6811089366674423, "epoch": 9, "train_acc": 0.49868399427419818, "train_loss": 1.966427605415954}
{"dev_acc": 0.27738395303885915, "dev_loss": 2.6727410393456617, "epoch": 10, "train_acc": 0.50824862456555919, "train_loss": 1.994261850343376}
{"dev_acc": 0.29659778717261714, "dev_loss": 2.6365251777072749, "epoch": 11, "train_acc": 0.51454467040545782, "train_loss": 1.8685298799002756}
{"dev_acc": 0.29852976655578495, "dev_loss": 2.6021495902289948, "epoch": 12, "train_acc": 0.54460138059048135, "train_loss": 1.841153336841552}
{"dev_acc": 0.32631330893667215, "dev_loss": 2.5889146650830903, "epoch": 13, "train_acc": 0.58447926234029024, "train_loss": 1.7365987635538227}
{"dev_acc": 0.31988890285512467, "dev_loss": 2.5582228166361651, "epoch": 14, "train_acc": 0.57168766385382874, "train_loss": 1.6940630551000111}
{"dev_acc": 0.28660806574183956, "dev_loss": 2.5448493417352438, "epoch": 15, "train_acc": 0.5644093610046711, "train_loss": 1.7096377403521148}
{"dev_acc": 0.30996509531598054, "dev_loss": 2.5363822837049761, "epoch": 16, "train_acc": 0.58576606545305188, "train_loss": 1.6278217690157109}
{"dev_acc": 0.31464473187172165, "dev_loss": 2.5479779597371817, "epoch": 17, "train_acc": 0.62111523532358293, "train_loss": 1.5736554948399302}
{"dev_acc": 0.33099593558986679, "dev_loss": 2.567498798792561, "epoch": 18, "train_acc": 0.62080037483745332, "train_loss": 1.571769441859644}
{"dev_acc": 0.31130316844900102, "dev_loss": 2.524571817368269, "epoch": 19, "train_acc": 0.6459668494973545, "train_loss": 1.4540709769200595}
{"dev_acc": 0.30614294222150712, "dev_loss": 2.5348481818412743, "epoch": 20, "train_acc": 0.62254839128328332, "train_loss": 1.4464298915576006}
{"dev_acc": 0.31424154260557857, "dev_loss": 2.5463243834674358, "epoch": 21, "train_acc": 0.65642400811011625, "train_loss": 1.4243236554511747}
{"dev_acc": 0.33253579319858168, "dev_loss": 2.5015636825313172, "epoch": 22, "train_acc": 0.65970550029952846, "train_loss": 1.3792913444340229}
{"dev_acc": 0.35854195825231172, "dev_loss": 2.484112941659987, "epoch": 23, "train_acc": 0.66357335661041628, "train_loss": 1.3490180718849918}
{"dev_acc": 0.32738778830467058, "dev_loss": 2.4929425741235414, "epoch": 24, "train_acc": 0.64294304385086731, "train_loss": 1.3923989141085109}
{"dev_acc": 0.34802377136878343, "dev_loss": 2.4848764600853124, "epoch": 25, "train_acc": 0.67262916001323725, "train_loss": 1.3372645790337538}
{"dev_acc": 0.3375094137666535, "dev_loss": 2.477488910468916, "epoch": 26, "train_acc": 0.66568969914540099, "train_loss": 1.2947433871049128}
{"dev_acc": 0.32369936509300884, "dev_loss": 2.5168777319292226, "epoch": 27, "train_acc": 0.68600772488668627, "train_loss": 1.2592442086974129}
{"dev_acc": 0.31951130546042006, "dev_loss": 2.4930619339769087, "epoch": 28, "train_acc": 0.68370940090544319, "train_loss": 1.2777875868038686}
{"dev_acc": 0.30260712599986905, "dev_loss": 2.4946858601955078, "epoch": 29, "train_acc": 0.68823907282363006, "train_loss": 1.2454951230253353}
{"dev_acc": 0.31608831344575561, "dev_loss": 2.4772223758821688, "epoch": 30, "train_acc": 0.68199959409467348, "train_loss": 1.2881536627547112}
{"dev_acc": 0.3077114046555765, "dev_loss": 2.4913913548613587, "epoch": 31, "train_acc": 0.69857928308706785, "train_loss": 1.2168580591067917}
{"dev_acc": 0.33915546894857806, "dev_loss": 2.4948411085642874, "epoch": 32, "train_acc": 0.69949707449755227, "train_loss": 1.229496128185362}
{"dev_acc": 0.32006740187242072, "dev_loss": 2.4611671017482877, "epoch": 33, "train_acc": 0.70598163353769716, "train_loss": 1.1712806079780957}
{"dev_acc": 0.34934475452926445, "dev_loss": 2.4176859230113528, "epoch": 34, "train_acc": 0.69832545598102047, "train_loss": 1.1740820652912143}
{"dev_acc": 0.32899473187274064, "dev_loss": 2.4443037044256926, "epoch": 35, "train_acc": 0.70239010737842833, "train_loss": 1.159524766545071}
{"dev_acc": 0.33909360151580725, "dev_loss": 2.4459250991543136, "epoch": 36, "train_acc": 0.71991075360978507, "train_loss": 1.135013161704219}
{"dev_acc": 0.34020125719616739, "dev_loss": 2.4107572200397649, "epoch": 37, "train_acc": 0.72353430704679467, "train_loss": 1.1416369560250983}
{"dev_acc": 0.34107977873545425, "dev_loss": 2.3946278694396219, "epoch": 38, "train_acc": 0.7167507797363063, "train_loss": 1.1059087627399407}
{"dev_acc": 0.33552608308465431, "dev_loss": 2.4014813719938197, "epoch": 39, "train_acc": 0.71982259626672374, "train_loss": 1.1128764063936705}
{"dev_acc": 0.33482621281827379, "dev_loss": 2.4328893148340285, "epoch": 40, "train_acc": 0.72687598458493896, "train_loss": 1.0796008223331854}
{"dev_acc": 0.34352205561728288, "dev_loss": 2.409217189376553, "epoch": 41, "train_acc": 0.72729917332095317, "train_loss": 1.0867736247734578}
{"dev_acc": 0.33586639891704301, "dev_loss": 2.4439789797179401, "epoch": 42, "train_acc": 0.72355369954301285, "train_loss": 1.0675673929165255}
{"dev_acc": 0.33614802803439409, "dev_loss": 2.452208305398623, "epoch": 43, "train_acc": 0.73431891616461076, "train_loss": 1.0733500460437575}
{"dev_acc": 0.34552996172768752, "dev_loss": 2.4318146901205182, "epoch": 44, "train_acc": 0.73693595209800256, "train_loss": 1.0772420510985568}
{"dev_acc": 0.33080182986560447, "dev_loss": 2.4419567504276833, "epoch": 45, "train_acc": 0.7282178399334277, "train_loss": 1.0576162180390025}
{"dev_acc": 0.32067754114108521, "dev_loss": 2.4542484691676996, "epoch": 46, "train_acc": 0.73923416484781745, "train_loss": 1.0274020329033804}
{"dev_acc": 0.30785804816384105, "dev_loss": 2.4657002755751214, "epoch": 47, "train_acc": 0.74379590343660229, "train_loss": 1.0233763045188589}
{"dev_acc": 0.34168992323430186, "dev_loss": 2.4326099002112946, "epoch": 48, "train_acc": 0.74123545489479581, "train_loss": 1.0485121226768377}
{"dev_acc": 0.342630817157555, "dev_loss": 2.4550926311252019, "epoch": 49, "train_acc": 0.74177256468986252, "train_loss": 1.0267611625833346}
{"dev_acc": 0.31035137041043209, "dev_loss": 2.5365199355874211, "epoch": 50, "train_acc": 0.74163079134969379, "train_loss": 1.0253638809195673}
{'test_acc': 0.37484972944546496,
 'test_f1_macro': 0.14578179467885963,
 'test_f1_micro': 0.32698272042534338,
 'test_loss': 2.3369319498538972}
