{'--activation': 'tanh',
 '--dropout': '0.70',
 '--epoch': '50',
 '--hidden': '100',
 '--lr': '0.1',
 '--mem_dim': '100',
 '--model': 'classification',
 '--optim': 'adagrad',
 '--reg': '3e-3',
 '--truncate_grad': '50',
 '<data>': 'data/senna0'}
{"dev_acc": 0.13273370006258584, "dev_loss": 2.9830445696910224, "epoch": 0, "train_acc": 0.15377981993405976, "train_loss": 3.2998504345534276}
{"dev_acc": 0.21785962829826891, "dev_loss": 2.9063287054498992, "epoch": 1, "train_acc": 0.185791822317943, "train_loss": 3.0710332921293917}
{"dev_acc": 0.23792226650018689, "dev_loss": 2.8388991927107177, "epoch": 2, "train_acc": 0.19176234861431501, "train_loss": 2.8802375510090688}
{"dev_acc": 0.24107925172522029, "dev_loss": 2.8442020490765572, "epoch": 3, "train_acc": 0.21442725472538188, "train_loss": 2.8048069418453778}
{"dev_acc": 0.23960994579633296, "dev_loss": 2.8124924873312316, "epoch": 4, "train_acc": 0.26867025093081109, "train_loss": 2.6650705552491987}
{"dev_acc": 0.23862037506908837, "dev_loss": 2.7796648032963276, "epoch": 5, "train_acc": 0.32458821114826097, "train_loss": 2.5604774521999674}
{"dev_acc": 0.25503021628712025, "dev_loss": 2.7689599953591824, "epoch": 6, "train_acc": 0.29775605077009781, "train_loss": 2.4884828199617197}
{"dev_acc": 0.23634824452490899, "dev_loss": 2.7396401464939117, "epoch": 7, "train_acc": 0.41542663318504508, "train_loss": 2.2937699116644312}
{"dev_acc": 0.24531087697731491, "dev_loss": 2.7000774952272573, "epoch": 8, "train_acc": 0.36816703961699354, "train_loss": 2.2870938865864865}
{"dev_acc": 0.24626932957675954, "dev_loss": 2.6962997416655221, "epoch": 9, "train_acc": 0.38261731744705124, "train_loss": 2.2088304982810723}
{"dev_acc": 0.26200474941850727, "dev_loss": 2.6513251711924872, "epoch": 10, "train_acc": 0.49815854396131515, "train_loss": 2.0487288588383157}
{"dev_acc": 0.290779636143432, "dev_loss": 2.6434336304664612, "epoch": 11, "train_acc": 0.48374287368496877, "train_loss": 1.9480177967763337}
{"dev_acc": 0.2852698536918285, "dev_loss": 2.6298012870053449, "epoch": 12, "train_acc": 0.52908800389978494, "train_loss": 1.8942200267901186}
{"dev_acc": 0.28893850572160623, "dev_loss": 2.621162018428246, "epoch": 13, "train_acc": 0.47104318606926854, "train_loss": 1.8309526943036767}
{"dev_acc": 0.32322318623294172, "dev_loss": 2.6060939269761243, "epoch": 14, "train_acc": 0.54342640493963124, "train_loss": 1.7856209232914644}
{"dev_acc": 0.28320157091568038, "dev_loss": 2.5885338432465992, "epoch": 15, "train_acc": 0.55337546777748536, "train_loss": 1.7119600469338112}
{"dev_acc": 0.30696013143069739, "dev_loss": 2.5712521219005189, "epoch": 16, "train_acc": 0.5718793181278613, "train_loss": 1.6909001050669639}
{"dev_acc": 0.31911637005405463, "dev_loss": 2.5749875272934637, "epoch": 17, "train_acc": 0.56531709573153177, "train_loss": 1.6819905508614954}
{"dev_acc": 0.30792363399052253, "dev_loss": 2.5493591601649919, "epoch": 18, "train_acc": 0.61179348980352044, "train_loss": 1.5713912695646286}
{"dev_acc": 0.30953654705715439, "dev_loss": 2.5489539752403894, "epoch": 19, "train_acc": 0.60138852001957899, "train_loss": 1.5708031736192156}
{"dev_acc": 0.29410326012896382, "dev_loss": 2.5288527018080154, "epoch": 20, "train_acc": 0.60519072804214835, "train_loss": 1.569593706580459}
{"dev_acc": 0.29220353843597874, "dev_loss": 2.5233971107130251, "epoch": 21, "train_acc": 0.63146542157371155, "train_loss": 1.5042356242593684}
{"dev_acc": 0.313579992132198, "dev_loss": 2.5327412346377969, "epoch": 22, "train_acc": 0.63514090010456326, "train_loss": 1.5232583122236318}
{"dev_acc": 0.32493496861778032, "dev_loss": 2.5338708131263652, "epoch": 23, "train_acc": 0.61995309579223667, "train_loss": 1.4643745001283337}
{"dev_acc": 0.28631826940651794, "dev_loss": 2.6315586107472577, "epoch": 24, "train_acc": 0.63195498380800208, "train_loss": 1.4496695098818326}
{"dev_acc": 0.27571585926700565, "dev_loss": 2.5378571388622126, "epoch": 25, "train_acc": 0.61723492113136491, "train_loss": 1.5106022603748763}
{"dev_acc": 0.29706235799163, "dev_loss": 2.5430773437644043, "epoch": 26, "train_acc": 0.62712503250712659, "train_loss": 1.5026531077188547}
{"dev_acc": 0.31762832832707671, "dev_loss": 2.5129021061584353, "epoch": 27, "train_acc": 0.64717759015581522, "train_loss": 1.377930769757902}
{"dev_acc": 0.31639772743935723, "dev_loss": 2.5190973188728094, "epoch": 28, "train_acc": 0.66004291736259102, "train_loss": 1.3601302368047297}
{"dev_acc": 0.31129942656790166, "dev_loss": 2.5351896453648806, "epoch": 29, "train_acc": 0.65604446277577921, "train_loss": 1.3265638804276947}
{"dev_acc": 0.31378548263730249, "dev_loss": 2.5070124349246421, "epoch": 30, "train_acc": 0.66238796614876894, "train_loss": 1.3046637678854778}
{"dev_acc": 0.32835507875722186, "dev_loss": 2.4679664992727339, "epoch": 31, "train_acc": 0.65686245924380382, "train_loss": 1.3454282611806985}
{"dev_acc": 0.30772113242660826, "dev_loss": 2.4785973870505891, "epoch": 32, "train_acc": 0.68484849095076106, "train_loss": 1.3011276601951143}
{"dev_acc": 0.31222855600668692, "dev_loss": 2.4471165865349271, "epoch": 33, "train_acc": 0.68939415600331877, "train_loss": 1.274107053585839}
{"dev_acc": 0.30964091285094025, "dev_loss": 2.4556914422040186, "epoch": 34, "train_acc": 0.69132565853173322, "train_loss": 1.2364980115814777}
{"dev_acc": 0.32984892488052947, "dev_loss": 2.4149656658992171, "epoch": 35, "train_acc": 0.67718883257080276, "train_loss": 1.2910221644723026}
{"dev_acc": 0.31869454892209731, "dev_loss": 2.4288254853648445, "epoch": 36, "train_acc": 0.68730014692218855, "train_loss": 1.2067940635453971}
{"dev_acc": 0.32876192645703678, "dev_loss": 2.462571207433939, "epoch": 37, "train_acc": 0.69799920170044472, "train_loss": 1.2060179628401262}
{"dev_acc": 0.32823626384918009, "dev_loss": 2.4288826971314847, "epoch": 38, "train_acc": 0.70254052471540829, "train_loss": 1.1899099583874961}
{"dev_acc": 0.3321570529637205, "dev_loss": 2.4259360317761698, "epoch": 39, "train_acc": 0.68692152226745218, "train_loss": 1.1935393596144364}
{"dev_acc": 0.3217245700368232, "dev_loss": 2.427310268394649, "epoch": 40, "train_acc": 0.7011962494120948, "train_loss": 1.1415967869755552}
{"dev_acc": 0.33748621758927827, "dev_loss": 2.4159283214248717, "epoch": 41, "train_acc": 0.70131026356288606, "train_loss": 1.1733925487296504}
{"dev_acc": 0.34072357802714182, "dev_loss": 2.3887298270128667, "epoch": 42, "train_acc": 0.71428996385232768, "train_loss": 1.1491210063094977}
{"dev_acc": 0.33431023010999456, "dev_loss": 2.3641207288019359, "epoch": 43, "train_acc": 0.69579687162260428, "train_loss": 1.1460449758336926}
{"dev_acc": 0.33945303034966384, "dev_loss": 2.362375492695719, "epoch": 44, "train_acc": 0.71305073412377773, "train_loss": 1.1279678973445639}
{"dev_acc": 0.33268444114933832, "dev_loss": 2.3911809062895677, "epoch": 45, "train_acc": 0.72379935433382847, "train_loss": 1.1110852867303813}
{"dev_acc": 0.3343828531114626, "dev_loss": 2.3572656763717532, "epoch": 46, "train_acc": 0.71379672585552278, "train_loss": 1.1100971515397313}
{"dev_acc": 0.35758302370993228, "dev_loss": 2.3571664181848369, "epoch": 47, "train_acc": 0.72378446817434927, "train_loss": 1.1094250233355361}
{"dev_acc": 0.35439538565208367, "dev_loss": 2.3465775304163494, "epoch": 48, "train_acc": 0.73247214124929694, "train_loss": 1.1111661457288704}
{"dev_acc": 0.34404802671681062, "dev_loss": 2.3468490056693554, "epoch": 49, "train_acc": 0.72261430588730491, "train_loss": 1.0748932480346411}
{"dev_acc": 0.33371138130991085, "dev_loss": 2.3644087569167218, "epoch": 50, "train_acc": 0.73037661364171602, "train_loss": 1.0759268471452057}
{'test_acc': 0.3701606518278327,
 'test_f1_macro': 0.17177612609595183,
 'test_f1_micro': 0.33540097474523706,
 'test_loss': 2.3316933527588843}
