{'--activation': 'tanh',
 '--dropout': '0.70',
 '--epoch': '50',
 '--hidden': '100',
 '--lr': '0.1',
 '--mem_dim': '100',
 '--model': 'classification',
 '--optim': 'adagrad',
 '--reg': '3e-3',
 '--truncate_grad': '50',
 '<data>': 'data/senna0'}
{"dev_acc": 0.224161901817475, "dev_loss": 2.9505156353116035, "epoch": 0, "train_acc": 0.13630407078248091, "train_loss": 3.2067447470836954}
{"dev_acc": 0.23306776213976121, "dev_loss": 2.872229372461637, "epoch": 1, "train_acc": 0.18336468898644417, "train_loss": 3.0927720382565358}
{"dev_acc": 0.25519747262291803, "dev_loss": 2.8749229560295739, "epoch": 2, "train_acc": 0.19770096611994215, "train_loss": 2.9897660192896107}
{"dev_acc": 0.25278274356122643, "dev_loss": 2.7653854613502822, "epoch": 3, "train_acc": 0.23274566369048633, "train_loss": 2.8100590813355368}
{"dev_acc": 0.24168709260606533, "dev_loss": 2.7798253384729228, "epoch": 4, "train_acc": 0.2238810349080361, "train_loss": 2.8167737331546721}
{"dev_acc": 0.24424556774352854, "dev_loss": 2.7522042940060296, "epoch": 5, "train_acc": 0.27881510922632635, "train_loss": 2.612253105054136}
{"dev_acc": 0.24830858592356775, "dev_loss": 2.716708105057478, "epoch": 6, "train_acc": 0.29768451159283688, "train_loss": 2.5295022183754403}
{"dev_acc": 0.24718395725161477, "dev_loss": 2.6936981839438281, "epoch": 7, "train_acc": 0.32290388822041777, "train_loss": 2.3539016803757091}
{"dev_acc": 0.22966650849954282, "dev_loss": 2.6589614003896713, "epoch": 8, "train_acc": 0.39039689925948051, "train_loss": 2.2831561775481113}
{"dev_acc": 0.26395289138427741, "dev_loss": 2.6934505390624204, "epoch": 9, "train_acc": 0.39425586580912303, "train_loss": 2.2201409750297421}
{"dev_acc": 0.25607865758310017, "dev_loss": 2.6587275577088199, "epoch": 10, "train_acc": 0.45508767325256955, "train_loss": 2.1146579892908939}
{"dev_acc": 0.25964132488698882, "dev_loss": 2.6506878944734731, "epoch": 11, "train_acc": 0.45616841500537375, "train_loss": 1.9675157116573365}
{"dev_acc": 0.28477951073520152, "dev_loss": 2.6036194525659084, "epoch": 12, "train_acc": 0.46872958918574009, "train_loss": 1.9910030876759623}
{"dev_acc": 0.26558124038757702, "dev_loss": 2.5837663014729819, "epoch": 13, "train_acc": 0.52472876280616298, "train_loss": 1.8930771715450483}
{"dev_acc": 0.289690177265499, "dev_loss": 2.5627038950721421, "epoch": 14, "train_acc": 0.52808172865619663, "train_loss": 1.8440098961601492}
{"dev_acc": 0.28471518425698, "dev_loss": 2.5751597558458648, "epoch": 15, "train_acc": 0.54489038466013928, "train_loss": 1.7365500229548236}
{"dev_acc": 0.28619873209025926, "dev_loss": 2.5441344504555068, "epoch": 16, "train_acc": 0.52157003356340126, "train_loss": 1.8315340659168899}
{"dev_acc": 0.29614998276836452, "dev_loss": 2.5462537153313556, "epoch": 17, "train_acc": 0.57787209130883266, "train_loss": 1.6902784816615406}
{"dev_acc": 0.26609559430427493, "dev_loss": 2.5284611408909163, "epoch": 18, "train_acc": 0.54786633802353957, "train_loss": 1.7006835483136724}
{"dev_acc": 0.31002159591890216, "dev_loss": 2.5018321617196002, "epoch": 19, "train_acc": 0.5734904828892935, "train_loss": 1.6108530581486029}
{"dev_acc": 0.2921424602830362, "dev_loss": 2.5332220643758774, "epoch": 20, "train_acc": 0.62318119463459043, "train_loss": 1.5727094808807138}
{"dev_acc": 0.29688778001698596, "dev_loss": 2.4963581102589765, "epoch": 21, "train_acc": 0.61614610168456208, "train_loss": 1.5279747203725282}
{"dev_acc": 0.29432345106512775, "dev_loss": 2.4836078491061926, "epoch": 22, "train_acc": 0.63621163595972208, "train_loss": 1.4871338762831492}
{"dev_acc": 0.29164867562356944, "dev_loss": 2.4838186608006558, "epoch": 23, "train_acc": 0.64409135107629745, "train_loss": 1.4807441775061068}
{"dev_acc": 0.29334722026701254, "dev_loss": 2.4838570517798266, "epoch": 24, "train_acc": 0.60364154377720503, "train_loss": 1.4659387806399924}
{"dev_acc": 0.28965820661927716, "dev_loss": 2.4670416278143725, "epoch": 25, "train_acc": 0.63109149305824852, "train_loss": 1.4322372488677502}
{"dev_acc": 0.3069029279285424, "dev_loss": 2.4767483528703451, "epoch": 26, "train_acc": 0.64888058222849365, "train_loss": 1.3772782929485938}
{"dev_acc": 0.3275842312111466, "dev_loss": 2.4552741969625154, "epoch": 27, "train_acc": 0.67188696923156843, "train_loss": 1.3523332599061924}
{"dev_acc": 0.31946771599003815, "dev_loss": 2.485616878295938, "epoch": 28, "train_acc": 0.65226043635152198, "train_loss": 1.3783381481761816}
{"dev_acc": 0.29032599129673792, "dev_loss": 2.4221252600351968, "epoch": 29, "train_acc": 0.6734407272380909, "train_loss": 1.3528912060695593}
{"dev_acc": 0.30996552570512531, "dev_loss": 2.434042545656363, "epoch": 30, "train_acc": 0.66523951894283107, "train_loss": 1.3158603667541118}
{"dev_acc": 0.28781986495079398, "dev_loss": 2.4559682396550975, "epoch": 31, "train_acc": 0.68795536639452481, "train_loss": 1.2858352823274546}
{"dev_acc": 0.29324044326026127, "dev_loss": 2.4814669030408063, "epoch": 32, "train_acc": 0.69021367947665357, "train_loss": 1.2979613802105676}
{"dev_acc": 0.32215927160315444, "dev_loss": 2.4267523996531963, "epoch": 33, "train_acc": 0.68604785952026093, "train_loss": 1.2787656313816056}
{"dev_acc": 0.33240318086393794, "dev_loss": 2.4236367990573249, "epoch": 34, "train_acc": 0.69135257125803184, "train_loss": 1.2539212114986826}
{"dev_acc": 0.33808320483126053, "dev_loss": 2.4274700917303562, "epoch": 35, "train_acc": 0.6927927051282694, "train_loss": 1.2358583788402746}
{"dev_acc": 0.3216279862814822, "dev_loss": 2.4279965261618295, "epoch": 36, "train_acc": 0.68489911528993408, "train_loss": 1.2737465849543204}
{"dev_acc": 0.30799028905764997, "dev_loss": 2.4709176054845252, "epoch": 37, "train_acc": 0.6743160936750292, "train_loss": 1.2611712543675524}
{"dev_acc": 0.30099200109916818, "dev_loss": 2.4604392045487962, "epoch": 38, "train_acc": 0.69192109325016959, "train_loss": 1.2508110587530938}
{"dev_acc": 0.30495772637416901, "dev_loss": 2.4567323680967093, "epoch": 39, "train_acc": 0.69847938757558758, "train_loss": 1.205514260079162}
{"dev_acc": 0.30607636045749076, "dev_loss": 2.4475036971271038, "epoch": 40, "train_acc": 0.70482661955913539, "train_loss": 1.1739239174048188}
{"dev_acc": 0.30642764331001476, "dev_loss": 2.4294980081419149, "epoch": 41, "train_acc": 0.70856547168838058, "train_loss": 1.1646602630432024}
{"dev_acc": 0.31127803010864535, "dev_loss": 2.4228696419547, "epoch": 42, "train_acc": 0.70317978127575609, "train_loss": 1.1870323212237144}
{"dev_acc": 0.30560694293063667, "dev_loss": 2.4296282157301903, "epoch": 43, "train_acc": 0.71162244884712977, "train_loss": 1.1529930003109525}
{"dev_acc": 0.31748295929595693, "dev_loss": 2.4317062074939408, "epoch": 44, "train_acc": 0.71261922785367937, "train_loss": 1.1590501741185539}
{"dev_acc": 0.30971913439963078, "dev_loss": 2.456918622056643, "epoch": 45, "train_acc": 0.70818254079709497, "train_loss": 1.1198928584764543}
{"dev_acc": 0.30889696833881203, "dev_loss": 2.4380946345627308, "epoch": 46, "train_acc": 0.72735395075514198, "train_loss": 1.1202156532510015}
{"dev_acc": 0.31360743288635001, "dev_loss": 2.4584513871620097, "epoch": 47, "train_acc": 0.71782521236346442, "train_loss": 1.1332069717836184}
{"dev_acc": 0.31322868057570569, "dev_loss": 2.4470331432918706, "epoch": 48, "train_acc": 0.72891685570969578, "train_loss": 1.1027677792170254}
{"dev_acc": 0.31950712249173963, "dev_loss": 2.4329761465390525, "epoch": 49, "train_acc": 0.71835744250591593, "train_loss": 1.1157386200349839}
{"dev_acc": 0.32327011669297351, "dev_loss": 2.431623768682281, "epoch": 50, "train_acc": 0.70644191961971847, "train_loss": 1.0835255702316273}
{'test_acc': 0.33119883341980672,
 'test_f1_macro': 0.16896804435048651,
 'test_f1_micro': 0.32919805050952594,
 'test_loss': 2.3114255353808404}
