{'--activation': 'tanh',
 '--dropout': '0.70',
 '--epoch': '50',
 '--hidden': '100',
 '--lr': '0.1',
 '--mem_dim': '100',
 '--model': 'classification',
 '--optim': 'adagrad',
 '--reg': '3e-3',
 '--truncate_grad': '50',
 '<data>': 'data/senna0'}
{"dev_acc": 0.23175876065272213, "dev_loss": 2.9678870663046837, "epoch": 0, "train_acc": 0.14758911884627809, "train_loss": 3.3011436188807255}
{"dev_acc": 0.23655202355989072, "dev_loss": 2.9222674518823624, "epoch": 1, "train_acc": 0.17740482633265797, "train_loss": 3.0976240146355551}
{"dev_acc": 0.23354907963054181, "dev_loss": 2.89528563991189, "epoch": 2, "train_acc": 0.22974026176228235, "train_loss": 2.9425105374367511}
{"dev_acc": 0.22229313270085763, "dev_loss": 2.8525126203894615, "epoch": 3, "train_acc": 0.24595239210110628, "train_loss": 2.8512217490399472}
{"dev_acc": 0.24044003062011446, "dev_loss": 2.8351790830492973, "epoch": 4, "train_acc": 0.23981375839189822, "train_loss": 2.6136897440816536}
{"dev_acc": 0.24399524088376268, "dev_loss": 2.788033096740643, "epoch": 5, "train_acc": 0.27574868983877682, "train_loss": 2.5041902685751682}
{"dev_acc": 0.22005044546020924, "dev_loss": 2.7710762222607932, "epoch": 6, "train_acc": 0.38362838003712474, "train_loss": 2.4095292104805104}
{"dev_acc": 0.25658080696648128, "dev_loss": 2.739043440669775, "epoch": 7, "train_acc": 0.42018927184295546, "train_loss": 2.2650377369317853}
{"dev_acc": 0.25464173867344109, "dev_loss": 2.6862063159545264, "epoch": 8, "train_acc": 0.46961774922839772, "train_loss": 2.1543467934014369}
