{'--activation': 'tanh',
 '--dropout': '0.70',
 '--epoch': '50',
 '--hidden': '100',
 '--lr': '0.1',
 '--mem_dim': '100',
 '--model': 'classification',
 '--optim': 'adagrad',
 '--reg': '3e-3',
 '--truncate_grad': '50',
 '<data>': 'data/senna0'}
{"dev_acc": 0.21114261006918814, "dev_loss": 2.9631995484232903, "epoch": 0, "train_acc": 0.16324922661995234, "train_loss": 3.1785032807803546}
{"dev_acc": 0.23970705736939335, "dev_loss": 2.9071785298486552, "epoch": 1, "train_acc": 0.23081196055359249, "train_loss": 3.0599311668364728}
{"dev_acc": 0.24234621622354183, "dev_loss": 2.8579135164618492, "epoch": 2, "train_acc": 0.19570021828541212, "train_loss": 2.8900827833863554}
{"dev_acc": 0.26292749911155194, "dev_loss": 2.8176749845345817, "epoch": 3, "train_acc": 0.25920364957514425, "train_loss": 2.8105417724515571}
{"dev_acc": 0.24700600163137687, "dev_loss": 2.7993287816643715, "epoch": 4, "train_acc": 0.25858843970305656, "train_loss": 2.7026789305640047}
{"dev_acc": 0.24553694185162708, "dev_loss": 2.7590432055294514, "epoch": 5, "train_acc": 0.29336216976071461, "train_loss": 2.5569794383205351}
{"dev_acc": 0.24118068661523787, "dev_loss": 2.796823819478353, "epoch": 6, "train_acc": 0.29466887339503739, "train_loss": 2.4892650744954095}
{"dev_acc": 0.23156801336873181, "dev_loss": 2.7647213898599148, "epoch": 7, "train_acc": 0.39420450856316214, "train_loss": 2.4055389107250775}
{"dev_acc": 0.24843047575928534, "dev_loss": 2.7387217978636422, "epoch": 8, "train_acc": 0.38611217528031638, "train_loss": 2.3286541631964388}
{"dev_acc": 0.23841808802564157, "dev_loss": 2.7325482182204723, "epoch": 9, "train_acc": 0.40824901735897756, "train_loss": 2.2004385509940443}
{"dev_acc": 0.25497862365771401, "dev_loss": 2.7179412071903548, "epoch": 10, "train_acc": 0.44843652645755516, "train_loss": 2.1128674633190281}
{"dev_acc": 0.25904649242992822, "dev_loss": 2.6802905226747193, "epoch": 11, "train_acc": 0.46947985692003369, "train_loss": 1.9987947229967742}
{"dev_acc": 0.26666739951864143, "dev_loss": 2.6692880329986415, "epoch": 12, "train_acc": 0.50290724102673845, "train_loss": 1.9606477701273122}
{"dev_acc": 0.27024593189959734, "dev_loss": 2.6526982821524143, "epoch": 13, "train_acc": 0.54299662660118964, "train_loss": 1.8599628327322788}
{"dev_acc": 0.27575417765662275, "dev_loss": 2.6258976931373277, "epoch": 14, "train_acc": 0.56534392548557344, "train_loss": 1.8107782911326065}
{"dev_acc": 0.28373647944503305, "dev_loss": 2.6222341296573481, "epoch": 15, "train_acc": 0.54105591688519106, "train_loss": 1.7590837735133094}
{"dev_acc": 0.3203152302974141, "dev_loss": 2.5624814617137113, "epoch": 16, "train_acc": 0.58760435626392771, "train_loss": 1.6704406273536017}
{"dev_acc": 0.29904265218985526, "dev_loss": 2.5820145644247532, "epoch": 17, "train_acc": 0.59732956631520984, "train_loss": 1.6150133609771729}
{"dev_acc": 0.3226105801220297, "dev_loss": 2.5557882096618414, "epoch": 18, "train_acc": 0.60531520406563899, "train_loss": 1.5952996127002064}
{"dev_acc": 0.30910947474168632, "dev_loss": 2.5436496349672475, "epoch": 19, "train_acc": 0.60398835818663943, "train_loss": 1.5878966759096405}
{"dev_acc": 0.30906741707256374, "dev_loss": 2.5223724928994975, "epoch": 20, "train_acc": 0.62284030373793031, "train_loss": 1.5668346426358111}
{"dev_acc": 0.34750063250391761, "dev_loss": 2.4935549944639206, "epoch": 21, "train_acc": 0.6265907556738487, "train_loss": 1.5083463905592922}
{"dev_acc": 0.30895277549139016, "dev_loss": 2.4915621305505433, "epoch": 22, "train_acc": 0.64040057276085594, "train_loss": 1.4685802204748157}
{"dev_acc": 0.33315989882099645, "dev_loss": 2.4692577384412289, "epoch": 23, "train_acc": 0.65022312940913551, "train_loss": 1.4301724583902931}
{"dev_acc": 0.34111494390160507, "dev_loss": 2.4880899960796037, "epoch": 24, "train_acc": 0.64245134321577679, "train_loss": 1.4430860757949899}
{"dev_acc": 0.33732084319231109, "dev_loss": 2.4855249474445977, "epoch": 25, "train_acc": 0.6457966250112166, "train_loss": 1.3963520932316658}
{"dev_acc": 0.32860274272818157, "dev_loss": 2.493097634986043, "epoch": 26, "train_acc": 0.65099853254956797, "train_loss": 1.4286677258425071}
{"dev_acc": 0.35336839535803327, "dev_loss": 2.482940966884295, "epoch": 27, "train_acc": 0.63850231517622869, "train_loss": 1.3793149617363194}
{"dev_acc": 0.34488015812323947, "dev_loss": 2.4641751361389956, "epoch": 28, "train_acc": 0.66961291800036749, "train_loss": 1.299406935254753}
{"dev_acc": 0.34083495093781052, "dev_loss": 2.4887528779606023, "epoch": 29, "train_acc": 0.67130762361382468, "train_loss": 1.3273128886081156}
{"dev_acc": 0.33556767780437075, "dev_loss": 2.4655029665057859, "epoch": 30, "train_acc": 0.68415398655202886, "train_loss": 1.2979625162103625}
{"dev_acc": 0.33839438337657307, "dev_loss": 2.4650135176877179, "epoch": 31, "train_acc": 0.67141642982464367, "train_loss": 1.280685571342951}
{"dev_acc": 0.34425565520501333, "dev_loss": 2.4438050600389638, "epoch": 32, "train_acc": 0.68871477696584515, "train_loss": 1.2850347200378043}
{"dev_acc": 0.35395412817305316, "dev_loss": 2.4473341014236212, "epoch": 33, "train_acc": 0.69252978303099444, "train_loss": 1.270711623345975}
{"dev_acc": 0.33154649967632471, "dev_loss": 2.4435231511791549, "epoch": 34, "train_acc": 0.66223839124720307, "train_loss": 1.2881692880764604}
{"dev_acc": 0.35591141292656614, "dev_loss": 2.4368005196253457, "epoch": 35, "train_acc": 0.68713068929787069, "train_loss": 1.2385242680606783}
{"dev_acc": 0.34486761294416651, "dev_loss": 2.4300460933397212, "epoch": 36, "train_acc": 0.70520647875124876, "train_loss": 1.2084784343624946}
{"dev_acc": 0.34772852029955881, "dev_loss": 2.4296262450516224, "epoch": 37, "train_acc": 0.69911799169491062, "train_loss": 1.2041680412519662}
{"dev_acc": 0.3526974234074049, "dev_loss": 2.4276628748824201, "epoch": 38, "train_acc": 0.69169308344372127, "train_loss": 1.2165931044604446}
{"dev_acc": 0.35103192830490221, "dev_loss": 2.4206107196708522, "epoch": 39, "train_acc": 0.69549026951749282, "train_loss": 1.1930306706134779}
{"dev_acc": 0.35018257827036403, "dev_loss": 2.4291641432791948, "epoch": 40, "train_acc": 0.70168064002638941, "train_loss": 1.1786790146648913}
{"dev_acc": 0.35965715213541144, "dev_loss": 2.4314539513240256, "epoch": 41, "train_acc": 0.70723480156216945, "train_loss": 1.1758763434395927}
{"dev_acc": 0.32448957467599876, "dev_loss": 2.422572610899806, "epoch": 42, "train_acc": 0.71395877131015606, "train_loss": 1.1518949599722859}
{"dev_acc": 0.34858537658946553, "dev_loss": 2.4084032277266183, "epoch": 43, "train_acc": 0.72345112639478026, "train_loss": 1.1154631772269419}
{"dev_acc": 0.3641590495123081, "dev_loss": 2.4164445201555886, "epoch": 44, "train_acc": 0.71732829472226611, "train_loss": 1.1010938527551097}
{"dev_acc": 0.36476570101834899, "dev_loss": 2.3932528433700404, "epoch": 45, "train_acc": 0.72612908541567212, "train_loss": 1.1050700332519034}
{"dev_acc": 0.35127114134526188, "dev_loss": 2.4204003180687628, "epoch": 46, "train_acc": 0.72563384224190242, "train_loss": 1.073304965454688}
{"dev_acc": 0.35320692305567397, "dev_loss": 2.4138289483574531, "epoch": 47, "train_acc": 0.73409978018972954, "train_loss": 1.0569654263567454}
{"dev_acc": 0.35363474206732071, "dev_loss": 2.4268320677801967, "epoch": 48, "train_acc": 0.72835236644074708, "train_loss": 1.0706750588399954}
{"dev_acc": 0.33809744402175407, "dev_loss": 2.4420122187584639, "epoch": 49, "train_acc": 0.72161890132363338, "train_loss": 1.0753454722341944}
{"dev_acc": 0.35171462219025251, "dev_loss": 2.3960911159714064, "epoch": 50, "train_acc": 0.72445902245892291, "train_loss": 1.0582328850525569}
{'test_acc': 0.35149990396906639,
 'test_f1_macro': 0.18769250289442202,
 'test_f1_micro': 0.34027470093043866,
 'test_loss': 2.2544937178492548}
