{'--activation': 'tanh',
 '--dropout': '0.70',
 '--epoch': '50',
 '--hidden': '100',
 '--lr': '0.1',
 '--mem_dim': '100',
 '--model': 'classification',
 '--optim': 'adagrad',
 '--reg': '3e-3',
 '--truncate_grad': '50',
 '<data>': 'data/senna0'}
{"dev_acc": 0.21781090568426112, "dev_loss": 2.9668802718321481, "epoch": 0, "train_acc": 0.17588996243146396, "train_loss": 3.2602573574566449}
{"dev_acc": 0.21694980952308687, "dev_loss": 2.9000428641835847, "epoch": 1, "train_acc": 0.17448327190338511, "train_loss": 3.0554606738637706}
{"dev_acc": 0.22128527595457329, "dev_loss": 2.8358961033324399, "epoch": 2, "train_acc": 0.16766025357726955, "train_loss": 2.9774648009753619}
{"dev_acc": 0.21703831269399521, "dev_loss": 2.8615245670080185, "epoch": 3, "train_acc": 0.20834639198758054, "train_loss": 2.8328541165492576}
{"dev_acc": 0.23153532708070648, "dev_loss": 2.7797845751047134, "epoch": 4, "train_acc": 0.23002694473056981, "train_loss": 2.7538227947031864}
{"dev_acc": 0.24600749919689036, "dev_loss": 2.77988205725948, "epoch": 5, "train_acc": 0.25579789422232924, "train_loss": 2.6974500036630475}
{"dev_acc": 0.23825377065395173, "dev_loss": 2.7203549866875014, "epoch": 6, "train_acc": 0.27204175111585255, "train_loss": 2.5171568706387379}
{"dev_acc": 0.25527980963015323, "dev_loss": 2.6406205308934054, "epoch": 7, "train_acc": 0.34597260666437823, "train_loss": 2.4400078302524131}
{"dev_acc": 0.26334791126077434, "dev_loss": 2.5986453207830587, "epoch": 8, "train_acc": 0.35676731918106674, "train_loss": 2.2999738992237653}
{"dev_acc": 0.25875918120094904, "dev_loss": 2.5474624534447989, "epoch": 9, "train_acc": 0.40983899759042142, "train_loss": 2.2186066522950032}
{"dev_acc": 0.27210141897383494, "dev_loss": 2.561479220787684, "epoch": 10, "train_acc": 0.3806293619692806, "train_loss": 2.1837485979814999}
{"dev_acc": 0.26440989304340151, "dev_loss": 2.5257197028646865, "epoch": 11, "train_acc": 0.43935450823411182, "train_loss": 2.0325645960745264}
{"dev_acc": 0.26618648097107656, "dev_loss": 2.4961846157287559, "epoch": 12, "train_acc": 0.47817586617873409, "train_loss": 2.0278726481511944}
{"dev_acc": 0.25814847522872486, "dev_loss": 2.5095574986189604, "epoch": 13, "train_acc": 0.48829040429024384, "train_loss": 1.9390507379516226}
{"dev_acc": 0.25900389426764742, "dev_loss": 2.6098448696235814, "epoch": 14, "train_acc": 0.51839916387108165, "train_loss": 1.8962647632436185}
{"dev_acc": 0.27473427501798969, "dev_loss": 2.5247658280034861, "epoch": 15, "train_acc": 0.49585196369958401, "train_loss": 1.9350115556697376}
{"dev_acc": 0.27748399315455413, "dev_loss": 2.4979265704751015, "epoch": 16, "train_acc": 0.52218134236293789, "train_loss": 1.808138481173359}
{"dev_acc": 0.29064155152212068, "dev_loss": 2.5319910570979118, "epoch": 17, "train_acc": 0.55208407321702258, "train_loss": 1.7323418720090975}
{"dev_acc": 0.28633953399625717, "dev_loss": 2.504185289144516, "epoch": 18, "train_acc": 0.54201731371802675, "train_loss": 1.7445667670642744}
{"dev_acc": 0.29348266944812434, "dev_loss": 2.5257314654688039, "epoch": 19, "train_acc": 0.60976010545453563, "train_loss": 1.6503351008305784}
{"dev_acc": 0.27180298390231661, "dev_loss": 2.5355770187452435, "epoch": 20, "train_acc": 0.57538294401207768, "train_loss": 1.6040222020667108}
{"dev_acc": 0.26250100328484466, "dev_loss": 2.533277815207839, "epoch": 21, "train_acc": 0.59970804476090755, "train_loss": 1.5993095118491376}
{"dev_acc": 0.27082211687592922, "dev_loss": 2.5592253406842551, "epoch": 22, "train_acc": 0.59064727718769094, "train_loss": 1.5825759302519384}
{"dev_acc": 0.29287788885563004, "dev_loss": 2.5131201253583035, "epoch": 23, "train_acc": 0.61287771351643616, "train_loss": 1.5782530772667684}
{"dev_acc": 0.28159056676726146, "dev_loss": 2.4769317731261253, "epoch": 24, "train_acc": 0.57945888089798014, "train_loss": 1.5684784031549439}
{"dev_acc": 0.28239937140340787, "dev_loss": 2.4703076143438616, "epoch": 25, "train_acc": 0.62002280548869471, "train_loss": 1.5001595583362657}
{"dev_acc": 0.29956784204834735, "dev_loss": 2.4758219619592032, "epoch": 26, "train_acc": 0.62588438293034687, "train_loss": 1.5218730370407221}
{"dev_acc": 0.30633542972396283, "dev_loss": 2.4977114256471395, "epoch": 27, "train_acc": 0.63348478349400394, "train_loss": 1.4176405449016172}
{"dev_acc": 0.30327562644819228, "dev_loss": 2.4885104782879353, "epoch": 28, "train_acc": 0.63402504230761081, "train_loss": 1.4380632148536503}
{"dev_acc": 0.28506695258093795, "dev_loss": 2.4671491902942457, "epoch": 29, "train_acc": 0.63761190464850359, "train_loss": 1.4247307555414126}
{"dev_acc": 0.32611167242258599, "dev_loss": 2.4648885109151402, "epoch": 30, "train_acc": 0.64721323956026588, "train_loss": 1.4159571846611188}
{"dev_acc": 0.28326560139302831, "dev_loss": 2.5086730231220522, "epoch": 31, "train_acc": 0.64290944345059031, "train_loss": 1.3569656609878189}
{"dev_acc": 0.30924469577535046, "dev_loss": 2.4532647474358478, "epoch": 32, "train_acc": 0.66235254066180815, "train_loss": 1.3660897575624165}
{"dev_acc": 0.29515758657776453, "dev_loss": 2.4575215500469008, "epoch": 33, "train_acc": 0.66343925255940828, "train_loss": 1.3074453543398346}
{"dev_acc": 0.31734229016046339, "dev_loss": 2.4743975534414253, "epoch": 34, "train_acc": 0.680804996025827, "train_loss": 1.280822461310652}
{"dev_acc": 0.30077160355684751, "dev_loss": 2.4529294733268521, "epoch": 35, "train_acc": 0.67084399001437156, "train_loss": 1.3501732809866061}
{"dev_acc": 0.32626548763844193, "dev_loss": 2.4709421610459685, "epoch": 36, "train_acc": 0.68753626078976071, "train_loss": 1.2541324850171804}
{"dev_acc": 0.30412203113067471, "dev_loss": 2.4987624486287436, "epoch": 37, "train_acc": 0.65269374739453834, "train_loss": 1.3419673863157142}
{"dev_acc": 0.29958271876643761, "dev_loss": 2.5047201039269567, "epoch": 38, "train_acc": 0.6829766781518436, "train_loss": 1.2702180896504003}
{"dev_acc": 0.28057112306947912, "dev_loss": 2.4967604853833714, "epoch": 39, "train_acc": 0.68577056372915846, "train_loss": 1.2546055763959885}
{"dev_acc": 0.31843486970322954, "dev_loss": 2.5009448748702803, "epoch": 40, "train_acc": 0.67044868348508846, "train_loss": 1.2740327445942847}
{"dev_acc": 0.31691713803689864, "dev_loss": 2.4838072027390203, "epoch": 41, "train_acc": 0.68634579612485414, "train_loss": 1.2549842540327398}
{"dev_acc": 0.32185806694581404, "dev_loss": 2.4657488334923983, "epoch": 42, "train_acc": 0.69725716785407077, "train_loss": 1.2547505042882117}
{"dev_acc": 0.33611649105467106, "dev_loss": 2.4775111512281001, "epoch": 43, "train_acc": 0.69844053042221999, "train_loss": 1.2192894883270635}
{"dev_acc": 0.3113729572822197, "dev_loss": 2.4426826635996499, "epoch": 44, "train_acc": 0.69772053744975759, "train_loss": 1.1836204823635168}
{"dev_acc": 0.30553389066803865, "dev_loss": 2.4741512571151056, "epoch": 45, "train_acc": 0.69142669447789362, "train_loss": 1.1788078286059078}
{"dev_acc": 0.29582380237023748, "dev_loss": 2.477395323726038, "epoch": 46, "train_acc": 0.71804290094830203, "train_loss": 1.1597556457473117}
{"dev_acc": 0.33964241367067705, "dev_loss": 2.4577801243091622, "epoch": 47, "train_acc": 0.71093082856637102, "train_loss": 1.155247177638602}
{"dev_acc": 0.32945464944775926, "dev_loss": 2.4656463588277497, "epoch": 48, "train_acc": 0.71721067859707066, "train_loss": 1.1309335310561734}
{"dev_acc": 0.30983552822301325, "dev_loss": 2.4685624949634075, "epoch": 49, "train_acc": 0.70427767422137688, "train_loss": 1.1673873171943132}
{"dev_acc": 0.31452867043448413, "dev_loss": 2.4271761048585176, "epoch": 50, "train_acc": 0.70683071233960149, "train_loss": 1.1404526031711597}
{'test_acc': 0.33349821229464849,
 'test_f1_macro': 0.20083646445103648,
 'test_f1_micro': 0.34736375719982276,
 'test_loss': 2.3524767350405456}
