{'--activation': 'tanh',
 '--dropout': '0.70',
 '--epoch': '50',
 '--hidden': '100',
 '--lr': '0.1',
 '--mem_dim': '100',
 '--model': 'classification',
 '--optim': 'adagrad',
 '--reg': '3e-3',
 '--truncate_grad': '50',
 '<data>': 'data/senna0'}
{"dev_acc": 0.21418965971192214, "dev_loss": 2.9640652860204377, "epoch": 0, "train_acc": 0.1536585532910065, "train_loss": 3.2117731141262369}
{"dev_acc": 0.23260607761789712, "dev_loss": 2.8895919943849244, "epoch": 1, "train_acc": 0.16079002716552915, "train_loss": 3.0670215751304002}
{"dev_acc": 0.23006839748503169, "dev_loss": 2.8853507315119109, "epoch": 2, "train_acc": 0.18829828764889706, "train_loss": 2.9887798184254128}
{"dev_acc": 0.23379753753166652, "dev_loss": 2.85452671845754, "epoch": 3, "train_acc": 0.22833079571216683, "train_loss": 2.8264125741896082}
{"dev_acc": 0.25226807848299354, "dev_loss": 2.8478230374554792, "epoch": 4, "train_acc": 0.27597154845945226, "train_loss": 2.6885295441893282}
{"dev_acc": 0.25482232692888851, "dev_loss": 2.8241787763933339, "epoch": 5, "train_acc": 0.30611335078761309, "train_loss": 2.550087266281003}
{"dev_acc": 0.28226554550010147, "dev_loss": 2.7736879624426365, "epoch": 6, "train_acc": 0.31719948107672635, "train_loss": 2.4653497221039946}
{"dev_acc": 0.24460311203685936, "dev_loss": 2.7491458356380463, "epoch": 7, "train_acc": 0.36677980977357888, "train_loss": 2.3407373662854805}
{"dev_acc": 0.25177628926958656, "dev_loss": 2.7324392000834146, "epoch": 8, "train_acc": 0.35908652526616469, "train_loss": 2.295812109943296}
{"dev_acc": 0.25879603968238291, "dev_loss": 2.7162667376299701, "epoch": 9, "train_acc": 0.42322003927516144, "train_loss": 2.1403957429479381}
{"dev_acc": 0.27207813554338123, "dev_loss": 2.6676368340849876, "epoch": 10, "train_acc": 0.46654488875122258, "train_loss": 2.0895172352673579}
{"dev_acc": 0.26492479135378755, "dev_loss": 2.672582633793354, "epoch": 11, "train_acc": 0.4532207861194833, "train_loss": 2.0130973919371113}
{"dev_acc": 0.26441895772018176, "dev_loss": 2.6630369586249194, "epoch": 12, "train_acc": 0.53290950151207894, "train_loss": 1.8866469972446316}
{"dev_acc": 0.27780877649324426, "dev_loss": 2.6365059788028398, "epoch": 13, "train_acc": 0.53156655708975065, "train_loss": 1.8711926724578514}
{"dev_acc": 0.29735054140422285, "dev_loss": 2.5958872685829797, "epoch": 14, "train_acc": 0.54681302938016141, "train_loss": 1.8691641229097959}
{"dev_acc": 0.29274041750213997, "dev_loss": 2.5651922039687634, "epoch": 15, "train_acc": 0.58731504751362873, "train_loss": 1.7008644587925223}
{"dev_acc": 0.28907066818347632, "dev_loss": 2.56518929079175, "epoch": 16, "train_acc": 0.55755670883381281, "train_loss": 1.7443127414730728}
{"dev_acc": 0.27032191557372248, "dev_loss": 2.5413090574244657, "epoch": 17, "train_acc": 0.59478181735036884, "train_loss": 1.6904423003863605}
{"dev_acc": 0.2760992309180354, "dev_loss": 2.5557904727756977, "epoch": 18, "train_acc": 0.60119334009024272, "train_loss": 1.6510252954407794}
{"dev_acc": 0.2943380277512968, "dev_loss": 2.5243776142597198, "epoch": 19, "train_acc": 0.59312280045749766, "train_loss": 1.6416792646661156}
{"dev_acc": 0.28456088740861946, "dev_loss": 2.5196439052621522, "epoch": 20, "train_acc": 0.60715667085792369, "train_loss": 1.5766414304981466}
{"dev_acc": 0.2722259043198087, "dev_loss": 2.5164570659399033, "epoch": 21, "train_acc": 0.63679580223612953, "train_loss": 1.5381197003861431}
{"dev_acc": 0.25810563839451373, "dev_loss": 2.5042070858180523, "epoch": 22, "train_acc": 0.63575872291545421, "train_loss": 1.5029859430477268}
{"dev_acc": 0.26667391323017947, "dev_loss": 2.5272001723448434, "epoch": 23, "train_acc": 0.61962981031861708, "train_loss": 1.4747723356866447}
{"dev_acc": 0.24996214516165616, "dev_loss": 2.5154085283478103, "epoch": 24, "train_acc": 0.6331101410766129, "train_loss": 1.428382660216484}
{"dev_acc": 0.263077754092716, "dev_loss": 2.4814883160094419, "epoch": 25, "train_acc": 0.65430934266794649, "train_loss": 1.4416004579178379}
{"dev_acc": 0.28416800009336068, "dev_loss": 2.4926635200778642, "epoch": 26, "train_acc": 0.66548638309324692, "train_loss": 1.3626259843834112}
{"dev_acc": 0.26209561073451076, "dev_loss": 2.4801047729949155, "epoch": 27, "train_acc": 0.66515873802212877, "train_loss": 1.3635700848869612}
{"dev_acc": 0.27113551509679013, "dev_loss": 2.477635289231936, "epoch": 28, "train_acc": 0.67870036801858491, "train_loss": 1.3450942415224969}
{"dev_acc": 0.26751826726466121, "dev_loss": 2.487086502214273, "epoch": 29, "train_acc": 0.64019720558380078, "train_loss": 1.3376440980059445}
{"dev_acc": 0.26834518884883768, "dev_loss": 2.512155277033647, "epoch": 30, "train_acc": 0.67336983093502945, "train_loss": 1.3725784965256442}
{"dev_acc": 0.30348903741654348, "dev_loss": 2.496935642013947, "epoch": 31, "train_acc": 0.68319760174616473, "train_loss": 1.3163814152224509}
{"dev_acc": 0.26565611375277071, "dev_loss": 2.4726436473429203, "epoch": 32, "train_acc": 0.66395452412643674, "train_loss": 1.3057724729592561}
{"dev_acc": 0.30439622297483893, "dev_loss": 2.4843368083238602, "epoch": 33, "train_acc": 0.67037194229260122, "train_loss": 1.3191954397947574}
{"dev_acc": 0.30847356107302965, "dev_loss": 2.4649891431132951, "epoch": 34, "train_acc": 0.68343649847132104, "train_loss": 1.2330724130247215}
{"dev_acc": 0.28899150293080317, "dev_loss": 2.4897234663367271, "epoch": 35, "train_acc": 0.69103004383045707, "train_loss": 1.2815589705371435}
{"dev_acc": 0.30907274593867595, "dev_loss": 2.4532599101463952, "epoch": 36, "train_acc": 0.68921671325732059, "train_loss": 1.2599994868772928}
{"dev_acc": 0.30807913084920491, "dev_loss": 2.471940559645494, "epoch": 37, "train_acc": 0.6983288314556213, "train_loss": 1.2084271349012852}
{"dev_acc": 0.27147659406111291, "dev_loss": 2.5333594654997191, "epoch": 38, "train_acc": 0.69626255631960476, "train_loss": 1.2034448832807849}
{"dev_acc": 0.29430624400529654, "dev_loss": 2.4829366008440652, "epoch": 39, "train_acc": 0.70224840386612086, "train_loss": 1.2323534458753516}
{"dev_acc": 0.2979358681387701, "dev_loss": 2.4740758091211319, "epoch": 40, "train_acc": 0.69758847621834674, "train_loss": 1.1721703370605581}
{"dev_acc": 0.29024514680821228, "dev_loss": 2.474623573323091, "epoch": 41, "train_acc": 0.71252903829437775, "train_loss": 1.1818669951658269}
{"dev_acc": 0.29980041240960892, "dev_loss": 2.5011428693930307, "epoch": 42, "train_acc": 0.70567052477670067, "train_loss": 1.1769151606398527}
{"dev_acc": 0.28019017770832916, "dev_loss": 2.4801183342933655, "epoch": 43, "train_acc": 0.7058950543685133, "train_loss": 1.160155668503559}
{"dev_acc": 0.30086623768354848, "dev_loss": 2.4540006220340729, "epoch": 44, "train_acc": 0.71925717603656281, "train_loss": 1.1056529133519555}
{"dev_acc": 0.30926157211787419, "dev_loss": 2.4596283038457236, "epoch": 45, "train_acc": 0.71146402336006143, "train_loss": 1.1533608206196642}
{"dev_acc": 0.31098731331598695, "dev_loss": 2.4933193201820054, "epoch": 46, "train_acc": 0.72450929952527809, "train_loss": 1.105616841547298}
{"dev_acc": 0.29222381210458731, "dev_loss": 2.4811645112931728, "epoch": 47, "train_acc": 0.73307015427348177, "train_loss": 1.0902575354366639}
{"dev_acc": 0.31907066789536925, "dev_loss": 2.4790868386626244, "epoch": 48, "train_acc": 0.73626419207662064, "train_loss": 1.0694462861159633}
{"dev_acc": 0.30194625701748123, "dev_loss": 2.5158888076742492, "epoch": 49, "train_acc": 0.73189414315152179, "train_loss": 1.0976992339567571}
{"dev_acc": 0.29014335010466458, "dev_loss": 2.4921927899122238, "epoch": 50, "train_acc": 0.73000882619198915, "train_loss": 1.0814093131510938}
{'test_acc': 0.36123998422874837,
 'test_f1_macro': 0.19860366698228091,
 'test_f1_micro': 0.33141338059370845,
 'test_loss': 2.2929648786783217}
