{'--activation': 'tanh',
 '--dropout': '0.70',
 '--epoch': '50',
 '--hidden': '100',
 '--lr': '0.1',
 '--mem_dim': '100',
 '--model': 'classification',
 '--optim': 'adagrad',
 '--reg': '3e-3',
 '--truncate_grad': '50',
 '<data>': 'data/senna0'}
{"dev_acc": 0.23152781498681721, "dev_loss": 2.9539625818530717, "epoch": 0, "train_acc": 0.13028629730904076, "train_loss": 3.2688462929647475}
{"dev_acc": 0.22893621648831963, "dev_loss": 2.9296890124678612, "epoch": 1, "train_acc": 0.20843276685465717, "train_loss": 2.986910610902505}
{"dev_acc": 0.23268148675658429, "dev_loss": 2.9080613479018211, "epoch": 2, "train_acc": 0.21603763614788934, "train_loss": 2.8427603694259145}
{"dev_acc": 0.22247642671782364, "dev_loss": 2.880893737077713, "epoch": 3, "train_acc": 0.249150210135647, "train_loss": 2.8024499308867532}
{"dev_acc": 0.2315582895041054, "dev_loss": 2.8525816599527993, "epoch": 4, "train_acc": 0.28305583947173762, "train_loss": 2.5960931426188987}
{"dev_acc": 0.23439244926477878, "dev_loss": 2.8310011376937232, "epoch": 5, "train_acc": 0.35614562439524006, "train_loss": 2.4753395489981918}
{"dev_acc": 0.22483473513784422, "dev_loss": 2.8076526348789534, "epoch": 6, "train_acc": 0.4026591929997404, "train_loss": 2.3893940404790346}
{"dev_acc": 0.23340818633804414, "dev_loss": 2.7553618724147477, "epoch": 7, "train_acc": 0.39087170378210728, "train_loss": 2.2382078874306601}
{"dev_acc": 0.24047736950289447, "dev_loss": 2.7687663324177265, "epoch": 8, "train_acc": 0.44609474445668834, "train_loss": 2.1689370978073996}
{"dev_acc": 0.25271962073689069, "dev_loss": 2.7059664080540338, "epoch": 9, "train_acc": 0.48798766131199067, "train_loss": 2.0268152932651708}
{"dev_acc": 0.27289116271634556, "dev_loss": 2.6785890546937785, "epoch": 10, "train_acc": 0.52961821905284157, "train_loss": 1.973082070467902}
{"dev_acc": 0.26224541698672188, "dev_loss": 2.6672846681127944, "epoch": 11, "train_acc": 0.51808018679861845, "train_loss": 1.9227029750825928}
{"dev_acc": 0.3095706239804174, "dev_loss": 2.6538365061084428, "epoch": 12, "train_acc": 0.52331071953823405, "train_loss": 1.8358396770524197}
{"dev_acc": 0.28662181797962022, "dev_loss": 2.6669470736136041, "epoch": 13, "train_acc": 0.55110666806974473, "train_loss": 1.7953378092192236}
{"dev_acc": 0.29169689445053254, "dev_loss": 2.6375725250691175, "epoch": 14, "train_acc": 0.58525445696875555, "train_loss": 1.7161402291328203}
{"dev_acc": 0.29931482043801522, "dev_loss": 2.6256842389702797, "epoch": 15, "train_acc": 0.6072666127807258, "train_loss": 1.6730246252578791}
{"dev_acc": 0.30964347791075375, "dev_loss": 2.6016345306610069, "epoch": 16, "train_acc": 0.59726176814788157, "train_loss": 1.6274758391692989}
{"dev_acc": 0.31203728717688178, "dev_loss": 2.5786250634118915, "epoch": 17, "train_acc": 0.60324910149492583, "train_loss": 1.6008851991080848}
{"dev_acc": 0.31873364666070975, "dev_loss": 2.5605180108298859, "epoch": 18, "train_acc": 0.63060190787745274, "train_loss": 1.5706251193998291}
{"dev_acc": 0.30709040680750049, "dev_loss": 2.5307671129703522, "epoch": 19, "train_acc": 0.64277043617008212, "train_loss": 1.5258694835862174}
{"dev_acc": 0.32185784488116548, "dev_loss": 2.5063266828656197, "epoch": 20, "train_acc": 0.62756827890784561, "train_loss": 1.4556778514849358}
{"dev_acc": 0.31465275024811096, "dev_loss": 2.5326718029876552, "epoch": 21, "train_acc": 0.64594822001275265, "train_loss": 1.4350904367070219}
{"dev_acc": 0.32247129523567414, "dev_loss": 2.5113471526031694, "epoch": 22, "train_acc": 0.65675312162574229, "train_loss": 1.4069243143083618}
{"dev_acc": 0.3464041993593705, "dev_loss": 2.4883523527532816, "epoch": 23, "train_acc": 0.65365229761022492, "train_loss": 1.3889429246793028}
{"dev_acc": 0.30712178639715554, "dev_loss": 2.4961019636442265, "epoch": 24, "train_acc": 0.64746096927638175, "train_loss": 1.3672521272521527}
{"dev_acc": 0.32386543245116606, "dev_loss": 2.4669254462545118, "epoch": 25, "train_acc": 0.64643728765352182, "train_loss": 1.3829497382289073}
{"dev_acc": 0.34805653600378267, "dev_loss": 2.4767029974609613, "epoch": 26, "train_acc": 0.68251401785778254, "train_loss": 1.2731929310276859}
{"dev_acc": 0.32076451264592631, "dev_loss": 2.4572977187732854, "epoch": 27, "train_acc": 0.68232499126811552, "train_loss": 1.3020908431928666}
{"dev_acc": 0.34811356795364579, "dev_loss": 2.4592141341418028, "epoch": 28, "train_acc": 0.68539684910231491, "train_loss": 1.3326313659762505}
{"dev_acc": 0.31270557915474656, "dev_loss": 2.4729522864023843, "epoch": 29, "train_acc": 0.69085036955220158, "train_loss": 1.2792401181449962}
{"dev_acc": 0.31517368962015258, "dev_loss": 2.4529860323915877, "epoch": 30, "train_acc": 0.69008344136877264, "train_loss": 1.2390935300376082}
{"dev_acc": 0.32965693531755702, "dev_loss": 2.4536004128555455, "epoch": 31, "train_acc": 0.69351049238819462, "train_loss": 1.2296158003575}
{"dev_acc": 0.32635375451049914, "dev_loss": 2.4506356635441384, "epoch": 32, "train_acc": 0.69979105023400368, "train_loss": 1.2218418819982497}
{"dev_acc": 0.32269613598996955, "dev_loss": 2.4752676151692867, "epoch": 33, "train_acc": 0.70187384936782948, "train_loss": 1.1914308856958982}
{"dev_acc": 0.32718274322351615, "dev_loss": 2.4313540663570166, "epoch": 34, "train_acc": 0.71324721743256636, "train_loss": 1.1722520475016265}
{"dev_acc": 0.3190878586647205, "dev_loss": 2.4331267426411309, "epoch": 35, "train_acc": 0.70972043750723879, "train_loss": 1.1660660488958485}
{"dev_acc": 0.33263218605003364, "dev_loss": 2.4403222780674696, "epoch": 36, "train_acc": 0.7146748009871684, "train_loss": 1.1487564384998357}
{"dev_acc": 0.34492759466269268, "dev_loss": 2.4380597857137523, "epoch": 37, "train_acc": 0.7163879226388068, "train_loss": 1.1160097419833916}
{"dev_acc": 0.35707659653108892, "dev_loss": 2.4578146307418742, "epoch": 38, "train_acc": 0.72658757951647812, "train_loss": 1.0972922150747941}
{"dev_acc": 0.35122122761294605, "dev_loss": 2.4481223601227007, "epoch": 39, "train_acc": 0.72800476683266513, "train_loss": 1.0862289640678429}
{"dev_acc": 0.34231743726049313, "dev_loss": 2.4546515556673207, "epoch": 40, "train_acc": 0.72040971465628456, "train_loss": 1.0924821525323587}
{"dev_acc": 0.32735672756175466, "dev_loss": 2.4422927896181741, "epoch": 41, "train_acc": 0.72550858992577139, "train_loss": 1.0942187037807507}
{"dev_acc": 0.31555546102613069, "dev_loss": 2.4189259167760611, "epoch": 42, "train_acc": 0.73629418431373028, "train_loss": 1.0932490356747429}
{"dev_acc": 0.31449336093767433, "dev_loss": 2.4502914926658073, "epoch": 43, "train_acc": 0.72911929767614969, "train_loss": 1.0591885100355463}
{"dev_acc": 0.32513660411473183, "dev_loss": 2.396801192468653, "epoch": 44, "train_acc": 0.73590358866835737, "train_loss": 1.0687821119695475}
{"dev_acc": 0.31468750655100935, "dev_loss": 2.4831157773733139, "epoch": 45, "train_acc": 0.73084130560155669, "train_loss": 1.0565687525849483}
{"dev_acc": 0.2988931104780066, "dev_loss": 2.5071816792090735, "epoch": 46, "train_acc": 0.71005787187654301, "train_loss": 1.1472944611622418}
{"dev_acc": 0.28775218979173911, "dev_loss": 2.4928479132552943, "epoch": 47, "train_acc": 0.68550026631864358, "train_loss": 1.2493854353784537}
{"dev_acc": 0.30839624845354563, "dev_loss": 2.4541441483112671, "epoch": 48, "train_acc": 0.71405051641922102, "train_loss": 1.1684808616266875}
{"dev_acc": 0.302887070433771, "dev_loss": 2.440419421220819, "epoch": 49, "train_acc": 0.72587366958576316, "train_loss": 1.1214559754036122}
{"dev_acc": 0.29414437270348009, "dev_loss": 2.4658360568185649, "epoch": 50, "train_acc": 0.72410878127136413, "train_loss": 1.1049408710973918}
{'test_acc': 0.28590715855366067,
 'test_f1_macro': 0.16991619233963826,
 'test_f1_micro': 0.34027470093043866,
 'test_loss': 2.4626346260309218}
