{'--activation': 'tanh',
 '--dropout': '0.70',
 '--epoch': '50',
 '--hidden': '100',
 '--lr': '0.1',
 '--mem_dim': '100',
 '--model': 'classification',
 '--optim': 'adagrad',
 '--reg': '3e-3',
 '--truncate_grad': '50',
 '<data>': 'data/senna0'}
{"dev_acc": 0.22759195557857739, "dev_loss": 2.9202907755970955, "epoch": 0, "train_acc": 0.18127288425781526, "train_loss": 3.2685962192347793}
{"dev_acc": 0.23096755251023271, "dev_loss": 2.8784623866279921, "epoch": 1, "train_acc": 0.20886308434584017, "train_loss": 3.0380657930843165}
{"dev_acc": 0.22328054453974036, "dev_loss": 2.8714429140090942, "epoch": 2, "train_acc": 0.22359429180498974, "train_loss": 2.8751313647285839}
{"dev_acc": 0.23318682355976059, "dev_loss": 2.8162037928899131, "epoch": 3, "train_acc": 0.21970017805411834, "train_loss": 2.7661174672548889}
{"dev_acc": 0.25634627811201588, "dev_loss": 2.791768835236629, "epoch": 4, "train_acc": 0.29380585838924689, "train_loss": 2.5842106865077721}
{"dev_acc": 0.27415812837635672, "dev_loss": 2.735675148665905, "epoch": 5, "train_acc": 0.34067700501041842, "train_loss": 2.4418781644008201}
{"dev_acc": 0.25576601143210648, "dev_loss": 2.7106643132865429, "epoch": 6, "train_acc": 0.36949761931809916, "train_loss": 2.3585120654496992}
{"dev_acc": 0.26334016025221024, "dev_loss": 2.7014585739622512, "epoch": 7, "train_acc": 0.41124020539823292, "train_loss": 2.2027226434867888}
{"dev_acc": 0.24996200892584408, "dev_loss": 2.6895291513452926, "epoch": 8, "train_acc": 0.41929272467227346, "train_loss": 2.1371553586643248}
{"dev_acc": 0.2679679842848034, "dev_loss": 2.6833784449845552, "epoch": 9, "train_acc": 0.4417967594379637, "train_loss": 2.0992185519855528}
{"dev_acc": 0.26663545427307611, "dev_loss": 2.6491541862487793, "epoch": 10, "train_acc": 0.43674223656060712, "train_loss": 2.0544642063437917}
{"dev_acc": 0.24351037616105078, "dev_loss": 2.620709621657928, "epoch": 11, "train_acc": 0.49690225492735107, "train_loss": 1.9346848968111101}
{"dev_acc": 0.27949492669162129, "dev_loss": 2.607199932759007, "epoch": 12, "train_acc": 0.54064460800752989, "train_loss": 1.8705320503623759}
{"dev_acc": 0.2735307222798366, "dev_loss": 2.595294507841269, "epoch": 13, "train_acc": 0.54984695608343581, "train_loss": 1.7981628335890223}
{"dev_acc": 0.27554568551967656, "dev_loss": 2.5715089794248343, "epoch": 14, "train_acc": 0.55358938934747692, "train_loss": 1.6823690041411119}
{"dev_acc": 0.26829688480410002, "dev_loss": 2.5519840111956, "epoch": 15, "train_acc": 0.55386186062686948, "train_loss": 1.743547115200123}
{"dev_acc": 0.291890944196668, "dev_loss": 2.563135907674829, "epoch": 16, "train_acc": 0.59653312698311134, "train_loss": 1.6219800837704392}
{"dev_acc": 0.26911543408889732, "dev_loss": 2.5844726841896772, "epoch": 17, "train_acc": 0.6283192816879255, "train_loss": 1.5678359340326709}
{"dev_acc": 0.27639865247118056, "dev_loss": 2.5251870841408768, "epoch": 18, "train_acc": 0.60147460757471805, "train_loss": 1.541304141771598}
{"dev_acc": 0.26234446432063335, "dev_loss": 2.5352019794906178, "epoch": 19, "train_acc": 0.62670213541844533, "train_loss": 1.5225348322362195}
{"dev_acc": 0.25891602689184751, "dev_loss": 2.5250380635261536, "epoch": 20, "train_acc": 0.62788968008147572, "train_loss": 1.480582605345083}
{"dev_acc": 0.23686575690136272, "dev_loss": 2.5265994658693671, "epoch": 21, "train_acc": 0.6533107829640632, "train_loss": 1.4538864518408892}
{"dev_acc": 0.25364324365228913, "dev_loss": 2.5363436232631407, "epoch": 22, "train_acc": 0.6466063345728329, "train_loss": 1.4781354707284051}
{"dev_acc": 0.24838481225303669, "dev_loss": 2.5203428125629821, "epoch": 23, "train_acc": 0.6501286439362709, "train_loss": 1.3660811025221817}
{"dev_acc": 0.26567495811683589, "dev_loss": 2.5367074487730861, "epoch": 24, "train_acc": 0.65474391776759477, "train_loss": 1.3926976803140563}
{"dev_acc": 0.26990274456702118, "dev_loss": 2.5365523680423698, "epoch": 25, "train_acc": 0.67928209914030502, "train_loss": 1.3171463577290539}
{"dev_acc": 0.27149212489403785, "dev_loss": 2.4731544594590864, "epoch": 26, "train_acc": 0.6822585900270095, "train_loss": 1.3149939225070546}
{"dev_acc": 0.27515544861354574, "dev_loss": 2.5050902152433991, "epoch": 27, "train_acc": 0.69177671024660936, "train_loss": 1.2879366425827878}
{"dev_acc": 0.26857050737924854, "dev_loss": 2.4995601049934826, "epoch": 28, "train_acc": 0.68602043495610077, "train_loss": 1.3237669190208687}
{"dev_acc": 0.26906808888970907, "dev_loss": 2.4872542784238854, "epoch": 29, "train_acc": 0.68393878070104741, "train_loss": 1.2678803461374806}
{"dev_acc": 0.27635147270851096, "dev_loss": 2.4991389034936824, "epoch": 30, "train_acc": 0.68507331042179898, "train_loss": 1.2683953137793502}
{"dev_acc": 0.29255609187869563, "dev_loss": 2.4999903881301484, "epoch": 31, "train_acc": 0.68309947108888569, "train_loss": 1.2697859417845603}
{"dev_acc": 0.29498531695882174, "dev_loss": 2.4762347126379609, "epoch": 32, "train_acc": 0.69048585745234303, "train_loss": 1.2322920513354609}
{"dev_acc": 0.28941591211726425, "dev_loss": 2.4751079448809228, "epoch": 33, "train_acc": 0.70342227391323797, "train_loss": 1.2021154792154911}
{"dev_acc": 0.28171531661623289, "dev_loss": 2.4704139350603023, "epoch": 34, "train_acc": 0.70580672605604577, "train_loss": 1.2200833210859021}
{"dev_acc": 0.29411004993267648, "dev_loss": 2.4895299163957438, "epoch": 35, "train_acc": 0.70852778452595966, "train_loss": 1.2022571175313386}
{"dev_acc": 0.29736174435065182, "dev_loss": 2.4728195999438563, "epoch": 36, "train_acc": 0.70868592121260565, "train_loss": 1.1626449941397934}
{"dev_acc": 0.3065357826544719, "dev_loss": 2.4654377127687135, "epoch": 37, "train_acc": 0.68826524333146655, "train_loss": 1.1526303766142638}
{"dev_acc": 0.30329661146728781, "dev_loss": 2.4543535560369492, "epoch": 38, "train_acc": 0.71021124594707075, "train_loss": 1.1570641421025893}
{"dev_acc": 0.30262817886546139, "dev_loss": 2.449410654604435, "epoch": 39, "train_acc": 0.71821042652466494, "train_loss": 1.1570671207832599}
{"dev_acc": 0.29952144625791655, "dev_loss": 2.4395194395134845, "epoch": 40, "train_acc": 0.70972105572099664, "train_loss": 1.1355678745255362}
{"dev_acc": 0.30644968420999702, "dev_loss": 2.4337154651681581, "epoch": 41, "train_acc": 0.71415687783638315, "train_loss": 1.1022684289081419}
{"dev_acc": 0.29325249813591142, "dev_loss": 2.43686867877841, "epoch": 42, "train_acc": 0.70765946959257731, "train_loss": 1.1155213773494861}
{"dev_acc": 0.3224107515246884, "dev_loss": 2.433528833091259, "epoch": 43, "train_acc": 0.72542976944661897, "train_loss": 1.0647285561855944}
{"dev_acc": 0.29654192685490166, "dev_loss": 2.4597416631877422, "epoch": 44, "train_acc": 0.72402161366262208, "train_loss": 1.0591338086018309}
{"dev_acc": 0.31734829771049278, "dev_loss": 2.4334619945536056, "epoch": 45, "train_acc": 0.73322149895658273, "train_loss": 1.054359065294342}
{"dev_acc": 0.31638914756852499, "dev_loss": 2.4460842745999494, "epoch": 46, "train_acc": 0.73030229774133182, "train_loss": 1.0643348801083343}
{"dev_acc": 0.29695674087716389, "dev_loss": 2.4712723965446153, "epoch": 47, "train_acc": 0.73583950908515317, "train_loss": 1.0406271697396077}
{"dev_acc": 0.34516001076751662, "dev_loss": 2.4641567266856632, "epoch": 48, "train_acc": 0.73512801703845698, "train_loss": 1.0576447367927702}
{"dev_acc": 0.30505724071348089, "dev_loss": 2.4718620851635933, "epoch": 49, "train_acc": 0.74437778432155255, "train_loss": 1.047430429302278}
{"dev_acc": 0.30312192825277345, "dev_loss": 2.4989447755118213, "epoch": 50, "train_acc": 0.74230267582766096, "train_loss": 0.99570779355059635}
{'test_acc': 0.37930670643563474,
 'test_f1_macro': 0.17766078378303946,
 'test_f1_micro': 0.33805937084625609,
 'test_loss': 2.2255035420879721}
