{'--activation': 'tanh',
 '--dropout': '0.70',
 '--epoch': '50',
 '--hidden': '100',
 '--lr': '0.1',
 '--mem_dim': '100',
 '--model': 'classification',
 '--optim': 'adagrad',
 '--reg': '3e-3',
 '--truncate_grad': '50',
 '<data>': 'data/senna0'}
{"dev_acc": 0.21022573726126423, "dev_loss": 2.9922316844264665, "epoch": 0, "train_acc": 0.17431289220824633, "train_loss": 3.1800591711138115}
{"dev_acc": 0.22603765195883077, "dev_loss": 2.9269891840716205, "epoch": 1, "train_acc": 0.21626908464772451, "train_loss": 3.0446382037928847}
{"dev_acc": 0.21847436118471644, "dev_loss": 2.8852347309390702, "epoch": 2, "train_acc": 0.22473294492830462, "train_loss": 2.9301847649402304}
{"dev_acc": 0.22931659070095056, "dev_loss": 2.872892078012228, "epoch": 3, "train_acc": 0.26282121057508895, "train_loss": 2.8319756036899131}
{"dev_acc": 0.25225703019510404, "dev_loss": 2.8265039386848607, "epoch": 4, "train_acc": 0.23151851006825067, "train_loss": 2.7176073232635121}
{"dev_acc": 0.2356505417134549, "dev_loss": 2.8041437591115632, "epoch": 5, "train_acc": 0.28318561779498552, "train_loss": 2.6142845173351099}
{"dev_acc": 0.27466225447403597, "dev_loss": 2.713598471134901, "epoch": 6, "train_acc": 0.33650555920118747, "train_loss": 2.4455013836993547}
{"dev_acc": 0.24560436234689467, "dev_loss": 2.734678503125906, "epoch": 7, "train_acc": 0.39958073099963648, "train_loss": 2.3405031581394007}
{"dev_acc": 0.26538802123776578, "dev_loss": 2.6744819413870573, "epoch": 8, "train_acc": 0.40394862244128993, "train_loss": 2.2144127800816396}
{"dev_acc": 0.25128768911815691, "dev_loss": 2.6748047098517418, "epoch": 9, "train_acc": 0.4196937938406558, "train_loss": 2.2188067492402967}
{"dev_acc": 0.25923469804106192, "dev_loss": 2.6667650354405246, "epoch": 10, "train_acc": 0.46499643953600484, "train_loss": 2.1399931008698512}
{"dev_acc": 0.27387548167780212, "dev_loss": 2.6189157677193484, "epoch": 11, "train_acc": 0.43679336354120663, "train_loss": 2.0642668575537009}
{"dev_acc": 0.27574857762361193, "dev_loss": 2.6151722085972628, "epoch": 12, "train_acc": 0.46740213593197949, "train_loss": 2.0036761430931871}
{"dev_acc": 0.28538934393347481, "dev_loss": 2.5541006289422512, "epoch": 13, "train_acc": 0.52465357814288249, "train_loss": 1.8987125740920912}
{"dev_acc": 0.28319344747979319, "dev_loss": 2.5576467843105397, "epoch": 14, "train_acc": 0.54014409952428788, "train_loss": 1.8372269705182216}
{"dev_acc": 0.30310600332998139, "dev_loss": 2.5677665024995804, "epoch": 15, "train_acc": 0.53347594791624242, "train_loss": 1.750617790051171}
{"dev_acc": 0.26497393155572502, "dev_loss": 2.5251686532671251, "epoch": 16, "train_acc": 0.56906073007986635, "train_loss": 1.6809098102518769}
{"dev_acc": 0.29707484469124684, "dev_loss": 2.5229387162253261, "epoch": 17, "train_acc": 0.57185013832288245, "train_loss": 1.6457432243423384}
{"dev_acc": 0.30222565817591446, "dev_loss": 2.4915526943902173, "epoch": 18, "train_acc": 0.5990763755695071, "train_loss": 1.6494092736087862}
{"dev_acc": 0.30412541423461015, "dev_loss": 2.4945072509969273, "epoch": 19, "train_acc": 0.60033516195733483, "train_loss": 1.5714690683745458}
{"dev_acc": 0.3216227224639307, "dev_loss": 2.477341253310442, "epoch": 20, "train_acc": 0.60429124463073536, "train_loss": 1.562970958436366}
{"dev_acc": 0.30923360092765756, "dev_loss": 2.4567046640440822, "epoch": 21, "train_acc": 0.61466968560498925, "train_loss": 1.5648294334284594}
{"dev_acc": 0.31482687249193886, "dev_loss": 2.4675504909828305, "epoch": 22, "train_acc": 0.63061858142218019, "train_loss": 1.4484346768528711}
{"dev_acc": 0.32375901419545722, "dev_loss": 2.4579076773176589, "epoch": 23, "train_acc": 0.65394927745982534, "train_loss": 1.4346199783756108}
{"dev_acc": 0.31310197318962335, "dev_loss": 2.4472916210070252, "epoch": 24, "train_acc": 0.64260626506404828, "train_loss": 1.441633111140767}
{"dev_acc": 0.32996396531319855, "dev_loss": 2.4293905313437185, "epoch": 25, "train_acc": 0.64765582050128934, "train_loss": 1.3783804676953519}
{"dev_acc": 0.30638408134596717, "dev_loss": 2.4479644036230943, "epoch": 26, "train_acc": 0.66619129426968393, "train_loss": 1.3508239611067245}
{"dev_acc": 0.31888451151734543, "dev_loss": 2.4384417176867523, "epoch": 27, "train_acc": 0.64646813198044639, "train_loss": 1.3823047317259136}
{"dev_acc": 0.29143755107284502, "dev_loss": 2.4430827097967267, "epoch": 28, "train_acc": 0.66657378023865732, "train_loss": 1.3305140649747165}
{"dev_acc": 0.30630869957862744, "dev_loss": 2.4512423695996404, "epoch": 29, "train_acc": 0.67642390369488992, "train_loss": 1.3186751525146796}
{"dev_acc": 0.28921937005954962, "dev_loss": 2.4596756440587342, "epoch": 30, "train_acc": 0.68422806113667678, "train_loss": 1.3313459006794652}
{"dev_acc": 0.28628521444962179, "dev_loss": 2.4262507728611431, "epoch": 31, "train_acc": 0.68337904557291751, "train_loss": 1.2872051831189788}
{"dev_acc": 0.30205696216215416, "dev_loss": 2.4202225132224462, "epoch": 32, "train_acc": 0.69086986815203755, "train_loss": 1.255652349900271}
{"dev_acc": 0.2945989844510663, "dev_loss": 2.4496963146763542, "epoch": 33, "train_acc": 0.69489872225081972, "train_loss": 1.2411523332769723}
{"dev_acc": 0.28851790277446843, "dev_loss": 2.4200294602972767, "epoch": 34, "train_acc": 0.68692972601828239, "train_loss": 1.2465090212969445}
{"dev_acc": 0.30189159548679873, "dev_loss": 2.4229359415670237, "epoch": 35, "train_acc": 0.6832779688000421, "train_loss": 1.2091354585966463}
{"dev_acc": 0.27779770373324553, "dev_loss": 2.4245682877177992, "epoch": 36, "train_acc": 0.70154730343786809, "train_loss": 1.1783745689775611}
{"dev_acc": 0.29152044016786233, "dev_loss": 2.4378713923506439, "epoch": 37, "train_acc": 0.7072540160834091, "train_loss": 1.1534719481209263}
{"dev_acc": 0.29801815239412149, "dev_loss": 2.4302078272836902, "epoch": 38, "train_acc": 0.71470108060905146, "train_loss": 1.1603121174285647}
{"dev_acc": 0.29492551257537553, "dev_loss": 2.4709135320348046, "epoch": 39, "train_acc": 0.71207312351884933, "train_loss": 1.1497458121204962}
{"dev_acc": 0.31514785922048594, "dev_loss": 2.4075058473584554, "epoch": 40, "train_acc": 0.71318084295140149, "train_loss": 1.1398642035735558}
{"dev_acc": 0.31433561555015394, "dev_loss": 2.4343574883726737, "epoch": 41, "train_acc": 0.71267363738964762, "train_loss": 1.1434443038659261}
{"dev_acc": 0.31424734513985986, "dev_loss": 2.3966340223948159, "epoch": 42, "train_acc": 0.70802317576810225, "train_loss": 1.1444117371527265}
{"dev_acc": 0.28683913620102358, "dev_loss": 2.4151551659839847, "epoch": 43, "train_acc": 0.70856660760703427, "train_loss": 1.1349888836419149}
{"dev_acc": 0.29130864849450272, "dev_loss": 2.3892458034679294, "epoch": 44, "train_acc": 0.72627385502626185, "train_loss": 1.1217032244016767}
{"dev_acc": 0.29815046556108143, "dev_loss": 2.3725915406830609, "epoch": 45, "train_acc": 0.72630081628820609, "train_loss": 1.099015906544738}
{"dev_acc": 0.30748459886462759, "dev_loss": 2.3758282279595733, "epoch": 46, "train_acc": 0.73788859297756448, "train_loss": 1.0739834981600249}
{"dev_acc": 0.29395376578672738, "dev_loss": 2.3666284563951194, "epoch": 47, "train_acc": 0.727377935986665, "train_loss": 1.0448525243392977}
{"dev_acc": 0.28671989740162324, "dev_loss": 2.3803642137597003, "epoch": 48, "train_acc": 0.73228751427828342, "train_loss": 1.0388605819679186}
{"dev_acc": 0.28543125674366093, "dev_loss": 2.4030251692359648, "epoch": 49, "train_acc": 0.71811273209632109, "train_loss": 1.0496804544155403}
{"dev_acc": 0.29566559330292524, "dev_loss": 2.376175006463503, "epoch": 50, "train_acc": 0.72342265259870231, "train_loss": 1.065421436420932}
{'test_acc': 0.31233527312572518,
 'test_f1_macro': 0.13605528615999865,
 'test_f1_micro': 0.31945059813912274,
 'test_loss': 2.3738750398159025}
