{'--activation': 'tanh',
 '--dropout': '0.70',
 '--epoch': '50',
 '--hidden': '100',
 '--lr': '0.1',
 '--mem_dim': '100',
 '--model': 'classification',
 '--optim': 'adagrad',
 '--reg': '3e-3',
 '--truncate_grad': '50',
 '<data>': 'data/senna0'}
{"dev_acc": 0.21673735473072042, "dev_loss": 2.9854948620001474, "epoch": 0, "train_acc": 0.17500687127990702, "train_loss": 3.2805150727756689}
{"dev_acc": 0.17598803507766969, "dev_loss": 2.9484075307846069, "epoch": 1, "train_acc": 0.20872891110913694, "train_loss": 3.007456244015303}
{"dev_acc": 0.21825925936828783, "dev_loss": 2.920486775537332, "epoch": 2, "train_acc": 0.18798518514720799, "train_loss": 3.0607452548918177}
{"dev_acc": 0.22753039485308879, "dev_loss": 2.8675376797715821, "epoch": 3, "train_acc": 0.26876966998495672, "train_loss": 2.8154766549829575}
{"dev_acc": 0.23458774899498061, "dev_loss": 2.8091006800532341, "epoch": 4, "train_acc": 0.24582426008560254, "train_loss": 2.7419454347891885}
{"dev_acc": 0.23169077535220114, "dev_loss": 2.7790629689892135, "epoch": 5, "train_acc": 0.3115597103165581, "train_loss": 2.6050447049688121}
{"dev_acc": 0.25578479594050874, "dev_loss": 2.7342906842629113, "epoch": 6, "train_acc": 0.29992052029063898, "train_loss": 2.4912132747837754}
{"dev_acc": 0.26405680085725436, "dev_loss": 2.7437074519693851, "epoch": 7, "train_acc": 0.31786411076378729, "train_loss": 2.4635645473589665}
{"dev_acc": 0.26556689300607711, "dev_loss": 2.6963794504602752, "epoch": 8, "train_acc": 0.37063899138408751, "train_loss": 2.299020567878348}
{"dev_acc": 0.273393294334145, "dev_loss": 2.6321891328940787, "epoch": 9, "train_acc": 0.42608598686086152, "train_loss": 2.2051080905023168}
{"dev_acc": 0.27539129519194744, "dev_loss": 2.6260309952000775, "epoch": 10, "train_acc": 0.46446779964696733, "train_loss": 2.1105213013828776}
{"dev_acc": 0.27385897144438737, "dev_loss": 2.5577121774355569, "epoch": 11, "train_acc": 0.43892291407789558, "train_loss": 2.05959367898644}
{"dev_acc": 0.29338206038275044, "dev_loss": 2.5690822067360082, "epoch": 12, "train_acc": 0.51897730283090204, "train_loss": 1.9191407497789039}
{"dev_acc": 0.29405813503063721, "dev_loss": 2.5514347429076829, "epoch": 13, "train_acc": 0.50676872543232498, "train_loss": 1.9102465450519421}
{"dev_acc": 0.31185030001068303, "dev_loss": 2.5421006673326096, "epoch": 14, "train_acc": 0.49257166200097163, "train_loss": 1.8813403322071325}
{"dev_acc": 0.33081886679511768, "dev_loss": 2.5153769136716924, "epoch": 15, "train_acc": 0.55305966132058182, "train_loss": 1.7362381745068753}
{"dev_acc": 0.31261160313765973, "dev_loss": 2.5554785163452229, "epoch": 16, "train_acc": 0.51701309987087574, "train_loss": 1.8063824607944878}
{"dev_acc": 0.31611522824490007, "dev_loss": 2.4619004288688302, "epoch": 17, "train_acc": 0.56647230178472641, "train_loss": 1.7525754312022788}
{"dev_acc": 0.31561752370927981, "dev_loss": 2.4947873447090387, "epoch": 18, "train_acc": 0.55479955333845377, "train_loss": 1.6617315362711422}
{"dev_acc": 0.31926006568666948, "dev_loss": 2.4694792019824185, "epoch": 19, "train_acc": 0.60883837347149272, "train_loss": 1.6674749383428058}
{"dev_acc": 0.31565424392340996, "dev_loss": 2.4398457510396838, "epoch": 20, "train_acc": 0.59860643540883873, "train_loss": 1.574878051205248}
{"dev_acc": 0.31971748852201398, "dev_loss": 2.4191993040343127, "epoch": 21, "train_acc": 0.59262447827270892, "train_loss": 1.535114627270425}
{"dev_acc": 0.34261933200271089, "dev_loss": 2.4042985386525593, "epoch": 22, "train_acc": 0.61414096355197278, "train_loss": 1.5571766177528217}
{"dev_acc": 0.35153078651376246, "dev_loss": 2.4213595477243266, "epoch": 23, "train_acc": 0.64213019748305833, "train_loss": 1.4657634829522157}
{"dev_acc": 0.34339462166201518, "dev_loss": 2.3712080474942923, "epoch": 24, "train_acc": 0.62643913839892362, "train_loss": 1.4380856244748488}
{"dev_acc": 0.33864736488960295, "dev_loss": 2.3612538892775774, "epoch": 25, "train_acc": 0.64852463253990522, "train_loss": 1.422341125482907}
{"dev_acc": 0.33967902354836516, "dev_loss": 2.3692005554524562, "epoch": 26, "train_acc": 0.64414189677361333, "train_loss": 1.4265829276476727}
{"dev_acc": 0.35449339899047344, "dev_loss": 2.3297788533382118, "epoch": 27, "train_acc": 0.65070137169858921, "train_loss": 1.3763521926813438}
{"dev_acc": 0.36629426084117522, "dev_loss": 2.3838896428545318, "epoch": 28, "train_acc": 0.66899724588997411, "train_loss": 1.3785502461289041}
{"dev_acc": 0.36329710558178024, "dev_loss": 2.347676950506866, "epoch": 29, "train_acc": 0.65678286856199719, "train_loss": 1.3654453322657796}
{"dev_acc": 0.37804166812694423, "dev_loss": 2.3405734654515982, "epoch": 30, "train_acc": 0.67181211162758014, "train_loss": 1.3082500730381637}
{"dev_acc": 0.37275206987984483, "dev_loss": 2.3403670312836766, "epoch": 31, "train_acc": 0.64878117406764646, "train_loss": 1.3212481778053964}
{"dev_acc": 0.35751488362812611, "dev_loss": 2.3265433944761753, "epoch": 32, "train_acc": 0.68573201186466448, "train_loss": 1.2795737809196237}
{"dev_acc": 0.37603543491613528, "dev_loss": 2.3483638186007738, "epoch": 33, "train_acc": 0.69106316052665195, "train_loss": 1.2486869591731029}
{"dev_acc": 0.37272390007846945, "dev_loss": 2.338035418341557, "epoch": 34, "train_acc": 0.67368367727525147, "train_loss": 1.2525466929082987}
{"dev_acc": 0.35089436477703018, "dev_loss": 2.3225446480015912, "epoch": 35, "train_acc": 0.68974451887180788, "train_loss": 1.2266139323960563}
{"dev_acc": 0.37327242327617149, "dev_loss": 2.3141947773595652, "epoch": 36, "train_acc": 0.70498831528423345, "train_loss": 1.1955215126947789}
{"dev_acc": 0.36667389176238924, "dev_loss": 2.3227523316939673, "epoch": 37, "train_acc": 0.71036290023797088, "train_loss": 1.1888961049071589}
{"dev_acc": 0.37056690510938878, "dev_loss": 2.3014402906410396, "epoch": 38, "train_acc": 0.70146267742618584, "train_loss": 1.1943759132543059}
{"dev_acc": 0.36070016350813688, "dev_loss": 2.3265264391278229, "epoch": 39, "train_acc": 0.70500044063788248, "train_loss": 1.1824390064298984}
{"dev_acc": 0.34196894652345922, "dev_loss": 2.2986726028223834, "epoch": 40, "train_acc": 0.70930292225328151, "train_loss": 1.1810885900478871}
{"dev_acc": 0.36172170799823472, "dev_loss": 2.3366305188586316, "epoch": 41, "train_acc": 0.7212853271504871, "train_loss": 1.1517657422017855}
{"dev_acc": 0.37019172654701055, "dev_loss": 2.3144957292824984, "epoch": 42, "train_acc": 0.68377503401221595, "train_loss": 1.1889231772177289}
{"dev_acc": 0.36639969009024614, "dev_loss": 2.2956688739359379, "epoch": 43, "train_acc": 0.72076920548513801, "train_loss": 1.1233274650256164}
{"dev_acc": 0.36498291559743462, "dev_loss": 2.2815933831346533, "epoch": 44, "train_acc": 0.72553532167992052, "train_loss": 1.1183733611413447}
{"dev_acc": 0.37901872712987378, "dev_loss": 2.2894165449154875, "epoch": 45, "train_acc": 0.720972985071334, "train_loss": 1.1450362307187476}
{"dev_acc": 0.37553272432608248, "dev_loss": 2.2978013623505831, "epoch": 46, "train_acc": 0.71837520679187716, "train_loss": 1.1347074179497898}
{"dev_acc": 0.35847059465324249, "dev_loss": 2.266834924618403, "epoch": 47, "train_acc": 0.72389525397548415, "train_loss": 1.0931409884122063}
{"dev_acc": 0.37625230209372273, "dev_loss": 2.2747566262260079, "epoch": 48, "train_acc": 0.71138912599125625, "train_loss": 1.1022842687050827}
{"dev_acc": 0.35778608265448936, "dev_loss": 2.2726897255827985, "epoch": 49, "train_acc": 0.72572615555256181, "train_loss": 1.0770521459520841}
{"dev_acc": 0.34379923463626372, "dev_loss": 2.304158836758385, "epoch": 50, "train_acc": 0.72990721748635334, "train_loss": 1.1124560108988499}
{'test_acc': 0.31152703021576372,
 'test_f1_macro': 0.18030072127890931,
 'test_f1_micro': 0.33761630482941957,
 'test_loss': 2.3945438057184218}
