{'--activation': 'tanh',
 '--dropout': '0.70',
 '--epoch': '50',
 '--hidden': '100',
 '--lr': '0.1',
 '--mem_dim': '100',
 '--model': 'classification',
 '--optim': 'adagrad',
 '--reg': '3e-3',
 '--truncate_grad': '50',
 '<data>': 'data/senna0'}
{"dev_acc": 0.21097545596689238, "dev_loss": 2.9510933632651963, "epoch": 0, "train_acc": 0.16328887705492157, "train_loss": 3.1901667548007651}
{"dev_acc": 0.22263646110220678, "dev_loss": 2.9063575615485511, "epoch": 1, "train_acc": 0.19144131601918865, "train_loss": 2.9521647427902846}
{"dev_acc": 0.23843239722748488, "dev_loss": 2.8568450249731541, "epoch": 2, "train_acc": 0.18727463735583816, "train_loss": 2.8866189679161449}
{"dev_acc": 0.24269838304456814, "dev_loss": 2.8202574911216893, "epoch": 3, "train_acc": 0.25543038311194372, "train_loss": 2.7408001520594611}
{"dev_acc": 0.23429908055438109, "dev_loss": 2.8124111704528332, "epoch": 4, "train_acc": 0.30112959680946216, "train_loss": 2.5804801378093782}
{"dev_acc": 0.26548588241306431, "dev_loss": 2.7739765383303165, "epoch": 5, "train_acc": 0.38294986546883225, "train_loss": 2.4430350436538948}
{"dev_acc": 0.25477147565419439, "dev_loss": 2.7396590982874236, "epoch": 6, "train_acc": 0.40952645175295277, "train_loss": 2.2577006303873217}
{"dev_acc": 0.26270667975980239, "dev_loss": 2.7084980259339013, "epoch": 7, "train_acc": 0.41288805668108919, "train_loss": 2.1897878827618773}
{"dev_acc": 0.25950305068518459, "dev_loss": 2.6929753397901854, "epoch": 8, "train_acc": 0.445380104533807, "train_loss": 2.134895613203283}
{"dev_acc": 0.2711932106347904, "dev_loss": 2.6393262768785157, "epoch": 9, "train_acc": 0.4609747035410855, "train_loss": 2.0096991427975599}
{"dev_acc": 0.27857048892141578, "dev_loss": 2.6377586995561919, "epoch": 10, "train_acc": 0.53259738525958811, "train_loss": 1.8476750170353984}
{"dev_acc": 0.27164334304738824, "dev_loss": 2.5987931812802949, "epoch": 11, "train_acc": 0.48747266184091392, "train_loss": 1.89734770760673}
{"dev_acc": 0.27293365856967183, "dev_loss": 2.5953600897143283, "epoch": 12, "train_acc": 0.56713797576690006, "train_loss": 1.7599760109528166}
{"dev_acc": 0.27365172914988706, "dev_loss": 2.5739435603221259, "epoch": 13, "train_acc": 0.58312161340683955, "train_loss": 1.6787229539429556}
{"dev_acc": 0.297927125291988, "dev_loss": 2.5500906159480414, "epoch": 14, "train_acc": 0.57650730389883631, "train_loss": 1.6784435128640445}
{"dev_acc": 0.28761434573420125, "dev_loss": 2.5691640128691993, "epoch": 15, "train_acc": 0.60401698063312492, "train_loss": 1.6075814715968293}
{"dev_acc": 0.29401644031964319, "dev_loss": 2.5345599682380757, "epoch": 16, "train_acc": 0.59037042999504863, "train_loss": 1.5560281456249658}
{"dev_acc": 0.29717479577193706, "dev_loss": 2.5266580218449235, "epoch": 17, "train_acc": 0.62934899570418146, "train_loss": 1.5228070147701951}
{"dev_acc": 0.30132020056768966, "dev_loss": 2.50469850252072, "epoch": 18, "train_acc": 0.62611692125472918, "train_loss": 1.4852378893582547}
{"dev_acc": 0.30466068338930152, "dev_loss": 2.4861846187462411, "epoch": 19, "train_acc": 0.63879087754616493, "train_loss": 1.4894967258404024}
{"dev_acc": 0.3083156939912462, "dev_loss": 2.5010411298523345, "epoch": 20, "train_acc": 0.62686470578392639, "train_loss": 1.4735204153617874}
{"dev_acc": 0.29798402476420144, "dev_loss": 2.4828276854629316, "epoch": 21, "train_acc": 0.66695701048875222, "train_loss": 1.4265680627775241}
{"dev_acc": 0.28515023249243265, "dev_loss": 2.4745526388287544, "epoch": 22, "train_acc": 0.66596955208227815, "train_loss": 1.3900332447813182}
{"dev_acc": 0.30529726014001085, "dev_loss": 2.4477681818728647, "epoch": 23, "train_acc": 0.68078289283251059, "train_loss": 1.3603061614710776}
{"dev_acc": 0.28639135431240997, "dev_loss": 2.4268667226036391, "epoch": 24, "train_acc": 0.67580739637084231, "train_loss": 1.3168105967953556}
{"dev_acc": 0.33918245947404974, "dev_loss": 2.4277291602144637, "epoch": 25, "train_acc": 0.66248888547984541, "train_loss": 1.2941420650506605}
{"dev_acc": 0.32067138544057383, "dev_loss": 2.4056930020451546, "epoch": 26, "train_acc": 0.67734411049929411, "train_loss": 1.3140127037453357}
{"dev_acc": 0.307192708837841, "dev_loss": 2.4385576754187546, "epoch": 27, "train_acc": 0.69910902014573262, "train_loss": 1.2702387961574266}
{"dev_acc": 0.33267786889762535, "dev_loss": 2.4199436185881495, "epoch": 28, "train_acc": 0.69797721163087934, "train_loss": 1.2561345562705251}
{"dev_acc": 0.31606640251752427, "dev_loss": 2.4115754561498761, "epoch": 29, "train_acc": 0.69242695604091298, "train_loss": 1.2625976666563847}
{"dev_acc": 0.3216999422383241, "dev_loss": 2.3990079639479518, "epoch": 30, "train_acc": 0.70477939777211196, "train_loss": 1.2102636017103787}
{"dev_acc": 0.31548680206358148, "dev_loss": 2.4039849548911056, "epoch": 31, "train_acc": 0.70394331385136888, "train_loss": 1.180843539986393}
{"dev_acc": 0.33488542407717886, "dev_loss": 2.3921101527909436, "epoch": 32, "train_acc": 0.70947628583003763, "train_loss": 1.1796399826855688}
{"dev_acc": 0.31371188926819271, "dev_loss": 2.4372284635901451, "epoch": 33, "train_acc": 0.68536720555993835, "train_loss": 1.2095895024840948}
{"dev_acc": 0.33473287120784478, "dev_loss": 2.4032194092869759, "epoch": 34, "train_acc": 0.70446657300544668, "train_loss": 1.1885918000651921}
{"dev_acc": 0.31894659174242418, "dev_loss": 2.3794245794415474, "epoch": 35, "train_acc": 0.71926480375302426, "train_loss": 1.1453253567585202}
{"dev_acc": 0.34540648252564954, "dev_loss": 2.3653818468252816, "epoch": 36, "train_acc": 0.71043206188110086, "train_loss": 1.1411894754369238}
{"dev_acc": 0.30741190086841386, "dev_loss": 2.3672670672337213, "epoch": 37, "train_acc": 0.72128528840080508, "train_loss": 1.1081928493393982}
{"dev_acc": 0.32794612597991174, "dev_loss": 2.3536105044186115, "epoch": 38, "train_acc": 0.72073901474328561, "train_loss": 1.1006209922870469}
{"dev_acc": 0.33099217953837545, "dev_loss": 2.36359489398698, "epoch": 39, "train_acc": 0.72449276753808689, "train_loss": 1.0764493181095383}
{"dev_acc": 0.31676306078801547, "dev_loss": 2.3679505887751779, "epoch": 40, "train_acc": 0.73314200421636999, "train_loss": 1.0646631455461144}
{"dev_acc": 0.34089986015564983, "dev_loss": 2.3544145291671157, "epoch": 41, "train_acc": 0.73905886971948564, "train_loss": 1.0453132618959138}
{"dev_acc": 0.33498970719275389, "dev_loss": 2.3621241959432759, "epoch": 42, "train_acc": 0.72819950267795508, "train_loss": 1.0811919598824908}
{"dev_acc": 0.343991696885592, "dev_loss": 2.3713408764451742, "epoch": 43, "train_acc": 0.73983139880729998, "train_loss": 1.0489641856020469}
{"dev_acc": 0.31968364271135369, "dev_loss": 2.3686001372213163, "epoch": 44, "train_acc": 0.72495249111829219, "train_loss": 1.0788276841115878}
{"dev_acc": 0.34403919170611413, "dev_loss": 2.3625280630464354, "epoch": 45, "train_acc": 0.73085613870911792, "train_loss": 1.077335217288222}
{"dev_acc": 0.33934855510424589, "dev_loss": 2.3793159974738955, "epoch": 46, "train_acc": 0.73717221378538411, "train_loss": 1.0462237507730845}
{"dev_acc": 0.3519434771306047, "dev_loss": 2.3671594940436385, "epoch": 47, "train_acc": 0.74027265872721626, "train_loss": 1.0435916129346998}
{"dev_acc": 0.33731244758386508, "dev_loss": 2.3701870927276709, "epoch": 48, "train_acc": 0.74440486131573314, "train_loss": 1.0226643400831668}
{"dev_acc": 0.34951215233273153, "dev_loss": 2.4138146507708975, "epoch": 49, "train_acc": 0.75043483004201095, "train_loss": 0.99159406616779988}
{"dev_acc": 0.33321292236913153, "dev_loss": 2.4036086878428855, "epoch": 50, "train_acc": 0.6996842326333137, "train_loss": 1.1734335580535356}
{'test_acc': 0.32189099655745512,
 'test_f1_macro': 0.20177441100968146,
 'test_f1_micro': 0.33584404076207353,
 'test_loss': 2.4371782034635543}
