{'--activation': 'tanh',
 '--dropout': '0.70',
 '--epoch': '50',
 '--hidden': '100',
 '--lr': '0.1',
 '--mem_dim': '100',
 '--model': 'classification',
 '--optim': 'adagrad',
 '--reg': '3e-3',
 '--truncate_grad': '50',
 '<data>': 'data/senna0'}
{"dev_acc": 0.21725503458726073, "dev_loss": 2.9432377057770887, "epoch": 0, "train_acc": 0.15493278739248553, "train_loss": 3.205132088700279}
{"dev_acc": 0.23274896730266403, "dev_loss": 2.8511635499695935, "epoch": 1, "train_acc": 0.17771342046640534, "train_loss": 2.9545773697681113}
{"dev_acc": 0.233977410299788, "dev_loss": 2.8234471728404364, "epoch": 2, "train_acc": 0.25016895836738451, "train_loss": 2.8269690275192261}
{"dev_acc": 0.24052827119853085, "dev_loss": 2.8092158697545528, "epoch": 3, "train_acc": 0.23769842096182367, "train_loss": 2.7702581335286625}
{"dev_acc": 0.23942101859002232, "dev_loss": 2.7710085573295751, "epoch": 4, "train_acc": 0.27250282275928939, "train_loss": 2.6224938240207609}
{"dev_acc": 0.26689933113100123, "dev_loss": 2.7464475966989994, "epoch": 5, "train_acc": 0.33095690694871649, "train_loss": 2.5718814584075429}
{"dev_acc": 0.27581389785163751, "dev_loss": 2.7239428125321865, "epoch": 6, "train_acc": 0.38801476408589441, "train_loss": 2.3495783605536475}
{"dev_acc": 0.29821612555215532, "dev_loss": 2.7095706015825272, "epoch": 7, "train_acc": 0.39361506738272778, "train_loss": 2.2105610443920387}
{"dev_acc": 0.31080593738426554, "dev_loss": 2.6565656053523221, "epoch": 8, "train_acc": 0.44175182873942603, "train_loss": 2.1504693681099374}
