{'--activation': 'tanh',
 '--dropout': '0.70',
 '--epoch': '50',
 '--hidden': '100',
 '--lr': '0.1',
 '--mem_dim': '100',
 '--model': 'filter',
 '--optim': 'adagrad',
 '--reg': '3e-3',
 '--truncate_grad': '50',
 '<data>': 'data/senna0'}
{"dev_acc": 0.57161166925765838, "dev_loss": 0.69141113651650288, "epoch": 0, "train_acc": 0.68910785731037827, "train_loss": 0.73984772004658661}
{"dev_acc": 0.4926804549235681, "dev_loss": 0.70081050268241341, "epoch": 1, "train_acc": 0.71914917042834603, "train_loss": 0.68400133523759965}
{"dev_acc": 0.55491059303437495, "dev_loss": 0.69361861422657967, "epoch": 2, "train_acc": 0.75560685865721655, "train_loss": 0.67573459955710402}
{"dev_acc": 0.60911377574443093, "dev_loss": 0.67360653568591389, "epoch": 3, "train_acc": 0.78972929538614756, "train_loss": 0.59268948096263263}
{"dev_acc": 0.5601679022042797, "dev_loss": 0.67075257748365402, "epoch": 4, "train_acc": 0.81798449975345, "train_loss": 0.56771595257369778}
{"dev_acc": 0.60157660045278061, "dev_loss": 0.66968300778950962, "epoch": 5, "train_acc": 0.82675938975081253, "train_loss": 0.50661085508292236}
{"dev_acc": 0.67568174609040044, "dev_loss": 0.64141773326056339, "epoch": 6, "train_acc": 0.85420626353604845, "train_loss": 0.45512816913520232}
{"dev_acc": 0.6040430250802088, "dev_loss": 0.69877411531550548, "epoch": 7, "train_acc": 0.86677765057415779, "train_loss": 0.4094981019727037}
{"dev_acc": 0.56378742965175965, "dev_loss": 0.72141890467277592, "epoch": 8, "train_acc": 0.87657770008672853, "train_loss": 0.36543705788311326}
{"dev_acc": 0.62513194749651679, "dev_loss": 0.70346173697284287, "epoch": 9, "train_acc": 0.88308490867961098, "train_loss": 0.35298619702269757}
{"dev_acc": 0.64031937750535139, "dev_loss": 0.70250063482671976, "epoch": 10, "train_acc": 0.89230779916953717, "train_loss": 0.30752919310161586}
{"dev_acc": 0.61724837540916122, "dev_loss": 0.70831314008682966, "epoch": 11, "train_acc": 0.89719742465232266, "train_loss": 0.2882525617392333}
{"dev_acc": 0.62245348587299798, "dev_loss": 0.74047161691955155, "epoch": 12, "train_acc": 0.90326373756522804, "train_loss": 0.28104513601836145}
{"dev_acc": 0.59216694215420507, "dev_loss": 0.75354433265913812, "epoch": 13, "train_acc": 0.90604991133418611, "train_loss": 0.26736052152464945}
{"dev_acc": 0.61097326645046734, "dev_loss": 0.75957464390168228, "epoch": 14, "train_acc": 0.90898239223491217, "train_loss": 0.25237357392140863}
{"dev_acc": 0.63495999718584584, "dev_loss": 0.73918296034181752, "epoch": 15, "train_acc": 0.91333331418284258, "train_loss": 0.23681038164068013}
{"dev_acc": 0.63481956312236998, "dev_loss": 0.72689885473144911, "epoch": 16, "train_acc": 0.91879751552141109, "train_loss": 0.22105932598373604}
{"dev_acc": 0.62831234233582778, "dev_loss": 0.74568024247751707, "epoch": 17, "train_acc": 0.92166878731192425, "train_loss": 0.21597741355919103}
{"dev_acc": 0.63733814166021463, "dev_loss": 0.73062353095571908, "epoch": 18, "train_acc": 0.92479075922836862, "train_loss": 0.20726206912246498}
{"dev_acc": 0.65621027564259615, "dev_loss": 0.72446139469476678, "epoch": 19, "train_acc": 0.92629328902302122, "train_loss": 0.21000255168934318}
{"dev_acc": 0.66783816240066407, "dev_loss": 0.70995325425506706, "epoch": 20, "train_acc": 0.92872313204377299, "train_loss": 0.20492835863400546}
{"dev_acc": 0.67874584927045178, "dev_loss": 0.71986673191921524, "epoch": 21, "train_acc": 0.93025578095290029, "train_loss": 0.20602257216137043}
{"dev_acc": 0.59510779897026489, "dev_loss": 0.7699744919581073, "epoch": 22, "train_acc": 0.93057332768066836, "train_loss": 0.19946989032058221}
{"dev_acc": 0.6123451223804065, "dev_loss": 0.73847904056310654, "epoch": 23, "train_acc": 0.92073821910065801, "train_loss": 0.25374195273800554}
{"dev_acc": 0.62732590527887522, "dev_loss": 0.7209787667130253, "epoch": 24, "train_acc": 0.92618713560474986, "train_loss": 0.21183912122741494}
{"dev_acc": 0.64172371777752502, "dev_loss": 0.74283368818994078, "epoch": 25, "train_acc": 0.93124624224406327, "train_loss": 0.19547169808522338}
{"dev_acc": 0.63500873191535978, "dev_loss": 0.73773793817963451, "epoch": 26, "train_acc": 0.93578779073191853, "train_loss": 0.18459788076815348}
{"dev_acc": 0.64470710820635346, "dev_loss": 0.74570914146689959, "epoch": 27, "train_acc": 0.938826658559199, "train_loss": 0.17749921734300383}
{"dev_acc": 0.67161780690213913, "dev_loss": 0.76438054419954171, "epoch": 28, "train_acc": 0.93857677366838832, "train_loss": 0.17561602778511734}
{"dev_acc": 0.63211464453124688, "dev_loss": 0.78524612126472804, "epoch": 29, "train_acc": 0.94350727418014602, "train_loss": 0.16408973156907036}
{"dev_acc": 0.6725668758890887, "dev_loss": 0.78413718722211867, "epoch": 30, "train_acc": 0.94439476447993742, "train_loss": 0.16037648460088014}
{"dev_acc": 0.64246132748696461, "dev_loss": 0.7541273090921875, "epoch": 31, "train_acc": 0.94492154412359253, "train_loss": 0.15760476332042908}
{"dev_acc": 0.64177059392323355, "dev_loss": 0.71516451136475168, "epoch": 32, "train_acc": 0.93406918973669639, "train_loss": 0.20717153369590546}
{"dev_acc": 0.63911428646696644, "dev_loss": 0.75092213675712371, "epoch": 33, "train_acc": 0.93439594376536195, "train_loss": 0.20207121057264193}
{"dev_acc": 0.67335480182935548, "dev_loss": 0.72522764499964454, "epoch": 34, "train_acc": 0.93650899150072453, "train_loss": 0.19508048065067152}
{"dev_acc": 0.61180363666158311, "dev_loss": 0.75522228925754986, "epoch": 35, "train_acc": 0.94142161709844729, "train_loss": 0.17677389829908793}
{"dev_acc": 0.63046656724527472, "dev_loss": 0.79045739320905084, "epoch": 36, "train_acc": 0.94535448152595214, "train_loss": 0.16088863746358872}
{"dev_acc": 0.63801954394103699, "dev_loss": 0.8110228090746594, "epoch": 37, "train_acc": 0.94805377537747093, "train_loss": 0.15348028489373788}
{"dev_acc": 0.6214274536202955, "dev_loss": 0.86776656848711098, "epoch": 38, "train_acc": 0.95075525474362976, "train_loss": 0.14636595793757506}
{"dev_acc": 0.6273080036313573, "dev_loss": 0.86974737889249809, "epoch": 39, "train_acc": 0.95247536237844876, "train_loss": 0.14130102881986376}
{"dev_acc": 0.62817451656831313, "dev_loss": 0.88317740100735265, "epoch": 40, "train_acc": 0.95528842631148714, "train_loss": 0.13566363062226963}
{"dev_acc": 0.62210787788138222, "dev_loss": 0.90698392725399957, "epoch": 41, "train_acc": 0.95580722172196575, "train_loss": 0.13220218161862973}
{"dev_acc": 0.61371541766315907, "dev_loss": 0.94498039431138225, "epoch": 42, "train_acc": 0.9574479066559678, "train_loss": 0.12764022654402099}
{"dev_acc": 0.60815875330968627, "dev_loss": 0.91391248260541558, "epoch": 43, "train_acc": 0.95723794110685012, "train_loss": 0.12996037672214869}
{"dev_acc": 0.62501003343476824, "dev_loss": 0.94214516355090638, "epoch": 44, "train_acc": 0.95715595292435607, "train_loss": 0.12904641179930082}
{"dev_acc": 0.62525174087062318, "dev_loss": 0.8918566159430027, "epoch": 45, "train_acc": 0.96044602935796075, "train_loss": 0.12094286135815989}
{"dev_acc": 0.6150041916850183, "dev_loss": 0.99638117596623488, "epoch": 46, "train_acc": 0.96160727937643009, "train_loss": 0.11810373160634426}
{"dev_acc": 0.6393152351684197, "dev_loss": 0.81522425555158406, "epoch": 47, "train_acc": 0.94973280181670705, "train_loss": 0.15410986752580863}
{"dev_acc": 0.64812896985259894, "dev_loss": 0.89751709398946589, "epoch": 48, "train_acc": 0.93823492543873332, "train_loss": 0.18612125935834239}
{"dev_acc": 0.63079713781343127, "dev_loss": 0.92825286624221393, "epoch": 49, "train_acc": 0.94629914908096258, "train_loss": 0.16370037763592821}
{"dev_acc": 0.60792283659899071, "dev_loss": 0.90876686523136285, "epoch": 50, "train_acc": 0.95344410150248704, "train_loss": 0.14421334341971523}
