{'--activation': 'tanh',
 '--dropout': '0.70',
 '--epoch': '50',
 '--hidden': '100',
 '--lr': '0.1',
 '--mem_dim': '100',
 '--model': 'filter',
 '--optim': 'adagrad',
 '--reg': '3e-3',
 '--truncate_grad': '50',
 '<data>': 'data/senna0'}
{"dev_acc": 0.56256092671061642, "dev_loss": 0.68755204283765381, "epoch": 0, "train_acc": 0.75792926259323901, "train_loss": 0.72068516080138045}
{"dev_acc": 0.54774467675627014, "dev_loss": 0.68872693340693203, "epoch": 1, "train_acc": 0.75455132927481949, "train_loss": 0.70882873067372965}
{"dev_acc": 0.56643619959220948, "dev_loss": 0.68858925572463447, "epoch": 2, "train_acc": 0.7705895878216017, "train_loss": 0.63133456963527057}
{"dev_acc": 0.56304054934979741, "dev_loss": 0.6921512628240245, "epoch": 3, "train_acc": 0.79506019854501175, "train_loss": 0.59133475151243087}
{"dev_acc": 0.57201400185127771, "dev_loss": 0.6828915854649884, "epoch": 4, "train_acc": 0.81435970721930073, "train_loss": 0.54394552036176758}
{"dev_acc": 0.62663105884024872, "dev_loss": 0.65889116190373898, "epoch": 5, "train_acc": 0.83930996436403638, "train_loss": 0.48176303057919573}
{"dev_acc": 0.63954848420652399, "dev_loss": 0.72055193050099275, "epoch": 6, "train_acc": 0.85583419380631942, "train_loss": 0.42768549714001675}
{"dev_acc": 0.63278498920158466, "dev_loss": 0.67473403843385837, "epoch": 7, "train_acc": 0.8631739396813829, "train_loss": 0.42172537838356405}
{"dev_acc": 0.62778572191768645, "dev_loss": 0.68425702729395455, "epoch": 8, "train_acc": 0.87371788571468945, "train_loss": 0.38480465171882244}
{"dev_acc": 0.65819920557002909, "dev_loss": 0.70187621164534775, "epoch": 9, "train_acc": 0.88325744005209605, "train_loss": 0.34271187527411723}
{"dev_acc": 0.64844024770861031, "dev_loss": 0.72388443510447231, "epoch": 10, "train_acc": 0.89121580156250724, "train_loss": 0.31012998181807844}
{"dev_acc": 0.64933827725810123, "dev_loss": 0.72209045543734518, "epoch": 11, "train_acc": 0.89773335164293533, "train_loss": 0.29071821739213377}
{"dev_acc": 0.63651702637993446, "dev_loss": 0.71734165107565262, "epoch": 12, "train_acc": 0.90141701691952358, "train_loss": 0.26403174410526981}
{"dev_acc": 0.64036992104738577, "dev_loss": 0.72149339850459782, "epoch": 13, "train_acc": 0.90733111567049973, "train_loss": 0.25487836854255325}
{"dev_acc": 0.6432509776464771, "dev_loss": 0.69827094268319867, "epoch": 14, "train_acc": 0.90530523073277025, "train_loss": 0.24613307472731022}
{"dev_acc": 0.63812443149466369, "dev_loss": 0.69501417077013428, "epoch": 15, "train_acc": 0.90509082308987387, "train_loss": 0.25908498874426333}
{"dev_acc": 0.6581425109434963, "dev_loss": 0.71580271449472221, "epoch": 16, "train_acc": 0.9094286761317798, "train_loss": 0.26568653526689412}
{"dev_acc": 0.64316603389126059, "dev_loss": 0.75926071199189338, "epoch": 17, "train_acc": 0.91423511957212378, "train_loss": 0.23755985907134541}
{"dev_acc": 0.67634631108452403, "dev_loss": 0.7335797818377614, "epoch": 18, "train_acc": 0.91655644435532113, "train_loss": 0.22089408287451354}
{"dev_acc": 0.63955288403049659, "dev_loss": 0.74779238827925709, "epoch": 19, "train_acc": 0.91864870849769431, "train_loss": 0.22194117661477125}
{"dev_acc": 0.66845319748760113, "dev_loss": 0.71682442372132626, "epoch": 20, "train_acc": 0.90864839798055463, "train_loss": 0.25028626729816766}
{"dev_acc": 0.60819716299321469, "dev_loss": 0.77877860852251091, "epoch": 21, "train_acc": 0.91250272635311613, "train_loss": 0.24156364904498517}
{"dev_acc": 0.63166191068312527, "dev_loss": 0.74396753830036944, "epoch": 22, "train_acc": 0.91858523696147243, "train_loss": 0.21825438467977284}
{"dev_acc": 0.65343573347915196, "dev_loss": 0.72543950947666802, "epoch": 23, "train_acc": 0.92301900816997695, "train_loss": 0.20663359800951933}
{"dev_acc": 0.61439894438886322, "dev_loss": 0.75640040340035086, "epoch": 24, "train_acc": 0.92592539082378744, "train_loss": 0.19862181406476995}
{"dev_acc": 0.64391261231521768, "dev_loss": 0.7448810824259583, "epoch": 25, "train_acc": 0.929017398885149, "train_loss": 0.19663315525652747}
{"dev_acc": 0.64630447981713535, "dev_loss": 0.78707068772720434, "epoch": 26, "train_acc": 0.93102262506828404, "train_loss": 0.1891565142472752}
{"dev_acc": 0.64097473671748884, "dev_loss": 0.78357838282162062, "epoch": 27, "train_acc": 0.93439265273770189, "train_loss": 0.18436956910499006}
{"dev_acc": 0.65380409376240201, "dev_loss": 0.76377508283725803, "epoch": 28, "train_acc": 0.93339339166477364, "train_loss": 0.17871524964804067}
{"dev_acc": 0.64003999156256264, "dev_loss": 0.80163727492825798, "epoch": 29, "train_acc": 0.93723480312980756, "train_loss": 0.1752971868438549}
{"dev_acc": 0.65688811497750643, "dev_loss": 0.72080537693441982, "epoch": 30, "train_acc": 0.93705848095411093, "train_loss": 0.17384370770067314}
{"dev_acc": 0.63999702667726166, "dev_loss": 0.7820744642355878, "epoch": 31, "train_acc": 0.94135172120145993, "train_loss": 0.16759426634536473}
{"dev_acc": 0.63851799125667064, "dev_loss": 0.80501214137101285, "epoch": 32, "train_acc": 0.94263100011867862, "train_loss": 0.16166989970353618}
{"dev_acc": 0.64864704390737227, "dev_loss": 0.8126672882520195, "epoch": 33, "train_acc": 0.94501029777246071, "train_loss": 0.15611491128809668}
{"dev_acc": 0.66348862672839493, "dev_loss": 0.82988527925668421, "epoch": 34, "train_acc": 0.9460549166994372, "train_loss": 0.15698911954944988}
{"dev_acc": 0.66141938624985142, "dev_loss": 0.80778014236212969, "epoch": 35, "train_acc": 0.9471183379262208, "train_loss": 0.15238713563579764}
{"dev_acc": 0.68553584702163006, "dev_loss": 0.75768752863431088, "epoch": 36, "train_acc": 0.94441353149007845, "train_loss": 0.15518856381074525}
{"dev_acc": 0.61417968429020586, "dev_loss": 0.7494940262820039, "epoch": 37, "train_acc": 0.90242698689085177, "train_loss": 0.31583551772541507}
{"dev_acc": 0.63859873686064894, "dev_loss": 0.70384005749864242, "epoch": 38, "train_acc": 0.89793814775979874, "train_loss": 0.29980101076225879}
{"dev_acc": 0.64746582255634855, "dev_loss": 0.7657534887215921, "epoch": 39, "train_acc": 0.91067921784141204, "train_loss": 0.24707612498070974}
{"dev_acc": 0.64813446942436848, "dev_loss": 0.72556806694982312, "epoch": 40, "train_acc": 0.9174257379815699, "train_loss": 0.22460260075558261}
{"dev_acc": 0.63882562412847999, "dev_loss": 0.71763621756274787, "epoch": 41, "train_acc": 0.9212881332171069, "train_loss": 0.20961229753613478}
{"dev_acc": 0.66913004273969712, "dev_loss": 0.72216424212924069, "epoch": 42, "train_acc": 0.92561587586581007, "train_loss": 0.19856085778505814}
{"dev_acc": 0.64748533054254154, "dev_loss": 0.77498002669640953, "epoch": 43, "train_acc": 0.92853803775098509, "train_loss": 0.19231386869022907}
{"dev_acc": 0.64427363000562377, "dev_loss": 0.78359677870425259, "epoch": 44, "train_acc": 0.93205110944682368, "train_loss": 0.18719770380625902}
{"dev_acc": 0.6680597401577254, "dev_loss": 0.69249400110649206, "epoch": 45, "train_acc": 0.92956654482187495, "train_loss": 0.19124668648284476}
{"dev_acc": 0.63981051392271693, "dev_loss": 0.74120842801806119, "epoch": 46, "train_acc": 0.93219172414318807, "train_loss": 0.18799115794370411}
{"dev_acc": 0.67752737445136613, "dev_loss": 0.74035014200489968, "epoch": 47, "train_acc": 0.93582429313049686, "train_loss": 0.17751876725037907}
{"dev_acc": 0.6691224416974263, "dev_loss": 0.76013885504133738, "epoch": 48, "train_acc": 0.93843645543110843, "train_loss": 0.17080300876169313}
{"dev_acc": 0.65136585237855005, "dev_loss": 0.81481271887397655, "epoch": 49, "train_acc": 0.9407632492084449, "train_loss": 0.1655774008549652}
{"dev_acc": 0.64817927572662204, "dev_loss": 0.79138561640034566, "epoch": 50, "train_acc": 0.94257246786807725, "train_loss": 0.16052776151980053}
