{'--activation': 'tanh',
 '--dropout': '0.70',
 '--epoch': '50',
 '--hidden': '100',
 '--lr': '0.1',
 '--mem_dim': '100',
 '--model': 'filter',
 '--optim': 'adagrad',
 '--reg': '3e-3',
 '--truncate_grad': '50',
 '<data>': 'data/senna0'}
{"dev_acc": 0.4555614386584394, "dev_loss": 0.72434199282101219, "epoch": 0, "train_acc": 0.7066058604880342, "train_loss": 0.73468510938596121}
{"dev_acc": 0.58592617385669599, "dev_loss": 0.68415828687804081, "epoch": 1, "train_acc": 0.71770186823903792, "train_loss": 0.67995378790022454}
{"dev_acc": 0.56570405726095896, "dev_loss": 0.67960570326873238, "epoch": 2, "train_acc": 0.79721844378342577, "train_loss": 0.62476427871969686}
{"dev_acc": 0.62632526809959277, "dev_loss": 0.66790198960474556, "epoch": 3, "train_acc": 0.82324133863607696, "train_loss": 0.58422285997414891}
{"dev_acc": 0.60888128011565712, "dev_loss": 0.67330104431935722, "epoch": 4, "train_acc": 0.84300812666886837, "train_loss": 0.50220646143336845}
{"dev_acc": 0.6323678860482822, "dev_loss": 0.67169595882296562, "epoch": 5, "train_acc": 0.85911933231631143, "train_loss": 0.44358546232592455}
{"dev_acc": 0.63018387901296913, "dev_loss": 0.67585397804422043, "epoch": 6, "train_acc": 0.8735630712810748, "train_loss": 0.40769167777292337}
{"dev_acc": 0.6233374959833069, "dev_loss": 0.70397963055542534, "epoch": 7, "train_acc": 0.86756830164583887, "train_loss": 0.40795527745179738}
{"dev_acc": 0.62949055093001394, "dev_loss": 0.64724007727844379, "epoch": 8, "train_acc": 0.87897342672258938, "train_loss": 0.37835630472702314}
{"dev_acc": 0.64844794718323673, "dev_loss": 0.67355328133063652, "epoch": 9, "train_acc": 0.88213708898354037, "train_loss": 0.3364237654317595}
{"dev_acc": 0.67665299839109305, "dev_loss": 0.65238536907626055, "epoch": 10, "train_acc": 0.89247479140095509, "train_loss": 0.30763185462513587}
{"dev_acc": 0.65029420286277417, "dev_loss": 0.67700362963868044, "epoch": 11, "train_acc": 0.89800772914701388, "train_loss": 0.28198754293637796}
{"dev_acc": 0.65217284311259138, "dev_loss": 0.66442370068814072, "epoch": 12, "train_acc": 0.90237196732653047, "train_loss": 0.2713074119617172}
{"dev_acc": 0.65248624525564713, "dev_loss": 0.66491762415638989, "epoch": 13, "train_acc": 0.90527514551390353, "train_loss": 0.26500241836102656}
{"dev_acc": 0.64783761988319977, "dev_loss": 0.66493867923106464, "epoch": 14, "train_acc": 0.90974873962672376, "train_loss": 0.25120541614279907}
{"dev_acc": 0.64515241766120468, "dev_loss": 0.66729638379599365, "epoch": 15, "train_acc": 0.91355578581099639, "train_loss": 0.23782834980070969}
{"dev_acc": 0.65609552021951922, "dev_loss": 0.69457056549643836, "epoch": 16, "train_acc": 0.91598242149960785, "train_loss": 0.22831109737317207}
{"dev_acc": 0.67160891717498417, "dev_loss": 0.64769074334097765, "epoch": 17, "train_acc": 0.91941768030365034, "train_loss": 0.22083275241458999}
{"dev_acc": 0.65560314949674847, "dev_loss": 0.68737754714675248, "epoch": 18, "train_acc": 0.92012239823491404, "train_loss": 0.21851187177599979}
{"dev_acc": 0.65768930512922708, "dev_loss": 0.69201372617057388, "epoch": 19, "train_acc": 0.92176605331417594, "train_loss": 0.2239344086722011}
{"dev_acc": 0.68666341209990189, "dev_loss": 0.69311762893838547, "epoch": 20, "train_acc": 0.91936716097699478, "train_loss": 0.22477622240593162}
{"dev_acc": 0.68758085449492146, "dev_loss": 0.7124123596586287, "epoch": 21, "train_acc": 0.9245885119542433, "train_loss": 0.20273034232764364}
{"dev_acc": 0.66895343939939267, "dev_loss": 0.72120970041890231, "epoch": 22, "train_acc": 0.92857311163043266, "train_loss": 0.20466327066997456}
{"dev_acc": 0.64406015943990513, "dev_loss": 0.75363045940840878, "epoch": 23, "train_acc": 0.93168167187290662, "train_loss": 0.19136520955712341}
{"dev_acc": 0.68564589602164216, "dev_loss": 0.71702859211446979, "epoch": 24, "train_acc": 0.93192188270332199, "train_loss": 0.18971103022119643}
{"dev_acc": 0.6563019116336799, "dev_loss": 0.75674976570631514, "epoch": 25, "train_acc": 0.9371110791235947, "train_loss": 0.17793579777272395}
{"dev_acc": 0.63987456438082191, "dev_loss": 0.81592996132842799, "epoch": 26, "train_acc": 0.93948198898457624, "train_loss": 0.17241123728557267}
{"dev_acc": 0.61298062324324609, "dev_loss": 0.71266362722963095, "epoch": 27, "train_acc": 0.9282900423966195, "train_loss": 0.21118975530564196}
{"dev_acc": 0.69579518110433625, "dev_loss": 0.6425003707242597, "epoch": 28, "train_acc": 0.92498937751521271, "train_loss": 0.22553677272929845}
{"dev_acc": 0.67902237324448667, "dev_loss": 0.67065029019223787, "epoch": 29, "train_acc": 0.93187114934377158, "train_loss": 0.19892812230479845}
{"dev_acc": 0.68987210246602915, "dev_loss": 0.70230468186283745, "epoch": 30, "train_acc": 0.93723561574556535, "train_loss": 0.18111128764042095}
{"dev_acc": 0.67673273131161427, "dev_loss": 0.71579743467736989, "epoch": 31, "train_acc": 0.94087947307472242, "train_loss": 0.17054890194274869}
{"dev_acc": 0.66546945705690452, "dev_loss": 0.77090222425093613, "epoch": 32, "train_acc": 0.94277073253757426, "train_loss": 0.16427552913900617}
{"dev_acc": 0.69277336245771648, "dev_loss": 0.69727586072986014, "epoch": 33, "train_acc": 0.94577069785542534, "train_loss": 0.15866179753973922}
{"dev_acc": 0.67326582609735675, "dev_loss": 0.72733501419757629, "epoch": 34, "train_acc": 0.94746041833372552, "train_loss": 0.15570222713336943}
{"dev_acc": 0.64788736474504127, "dev_loss": 0.69254907493346507, "epoch": 35, "train_acc": 0.94536451188145532, "train_loss": 0.28341446635335438}
{"dev_acc": 0.69151752948843248, "dev_loss": 0.72778701539417467, "epoch": 36, "train_acc": 0.94029181697952657, "train_loss": 0.1844229617692483}
{"dev_acc": 0.69340660561748435, "dev_loss": 0.68046740988834897, "epoch": 37, "train_acc": 0.94556051844723965, "train_loss": 0.16892616770634003}
{"dev_acc": 0.68683928309298115, "dev_loss": 0.66145345809802947, "epoch": 38, "train_acc": 0.93889235239818847, "train_loss": 0.18756882077130146}
{"dev_acc": 0.68742915434383445, "dev_loss": 0.73069162537077703, "epoch": 39, "train_acc": 0.93846593771702314, "train_loss": 0.17915944058885647}
{"dev_acc": 0.66462141652941986, "dev_loss": 0.74353529976880439, "epoch": 40, "train_acc": 0.94375501493254366, "train_loss": 0.16523505391919974}
{"dev_acc": 0.67835747130834478, "dev_loss": 0.76008383243710598, "epoch": 41, "train_acc": 0.94930173706501741, "train_loss": 0.15308377213033411}
{"dev_acc": 0.6518281560063226, "dev_loss": 0.70554818037531475, "epoch": 42, "train_acc": 0.95199518841945141, "train_loss": 0.14426681111401679}
{"dev_acc": 0.7218578578759729, "dev_loss": 0.73209132133550681, "epoch": 43, "train_acc": 0.95160542093505118, "train_loss": 0.14559071052746178}
{"dev_acc": 0.71581522940106823, "dev_loss": 0.78073227534852252, "epoch": 44, "train_acc": 0.95437546264603546, "train_loss": 0.13715692899960588}
{"dev_acc": 0.70972190948617186, "dev_loss": 0.78323240896861535, "epoch": 45, "train_acc": 0.95542967622953612, "train_loss": 0.13200030920498776}
{"dev_acc": 0.68809685708490309, "dev_loss": 0.73288251038840302, "epoch": 46, "train_acc": 0.95677645813962164, "train_loss": 0.13007430062344047}
{"dev_acc": 0.69848532804007935, "dev_loss": 0.85138098352971225, "epoch": 47, "train_acc": 0.95723643567589844, "train_loss": 0.13297000095825509}
{"dev_acc": 0.69584381230108949, "dev_loss": 0.79447363250073977, "epoch": 48, "train_acc": 0.95855131755787304, "train_loss": 0.12740692122610245}
{"dev_acc": 0.67498273430240918, "dev_loss": 0.69306689803488553, "epoch": 49, "train_acc": 0.92004461295467033, "train_loss": 0.2860559102248576}
{"dev_acc": 0.65431664784319887, "dev_loss": 0.73691427521407604, "epoch": 50, "train_acc": 0.90271912004186916, "train_loss": 0.28238000221332371}
