{'--activation': 'tanh',
 '--dropout': '0.70',
 '--epoch': '50',
 '--hidden': '100',
 '--lr': '0.1',
 '--mem_dim': '100',
 '--model': 'filter',
 '--optim': 'adagrad',
 '--reg': '3e-3',
 '--truncate_grad': '50',
 '<data>': 'data/senna0'}
{"dev_acc": 0.595030775033487, "dev_loss": 0.67268142423459465, "epoch": 0, "train_acc": 0.69446882566302337, "train_loss": 0.70362844195546981}
{"dev_acc": 0.43459723101020387, "dev_loss": 0.71672558784484863, "epoch": 1, "train_acc": 0.67950133544965508, "train_loss": 0.72539886115472529}
{"dev_acc": 0.5821727351050221, "dev_loss": 0.6751771856631551, "epoch": 2, "train_acc": 0.6741345629320511, "train_loss": 0.69218846929224231}
{"dev_acc": 0.55776498477530156, "dev_loss": 0.68940436094999313, "epoch": 3, "train_acc": 0.74009365847285236, "train_loss": 0.67987175851683068}
{"dev_acc": 0.52270959252875426, "dev_loss": 0.70685113700372837, "epoch": 4, "train_acc": 0.78528181688572185, "train_loss": 0.63635673062710818}
{"dev_acc": 0.58911985804659628, "dev_loss": 0.65877860465220039, "epoch": 5, "train_acc": 0.78546414631321426, "train_loss": 0.57889828331108339}
{"dev_acc": 0.62842583646437744, "dev_loss": 0.65116062015295029, "epoch": 6, "train_acc": 0.83082431950070712, "train_loss": 0.53620092891439608}
{"dev_acc": 0.61557391944536388, "dev_loss": 0.66080241224595482, "epoch": 7, "train_acc": 0.84033120038257048, "train_loss": 0.48930266735297218}
{"dev_acc": 0.63410223939026966, "dev_loss": 0.64804961851664955, "epoch": 8, "train_acc": 0.85775820093981547, "train_loss": 0.46566808214293248}
{"dev_acc": 0.6223379412472082, "dev_loss": 0.66669976924146923, "epoch": 9, "train_acc": 0.86830240331487052, "train_loss": 0.40562702324005623}
{"dev_acc": 0.63172748404278956, "dev_loss": 0.67977332935801571, "epoch": 10, "train_acc": 0.87689232353075164, "train_loss": 0.37944220147932634}
{"dev_acc": 0.64389783457444594, "dev_loss": 0.66878329802836689, "epoch": 11, "train_acc": 0.8845159618208599, "train_loss": 0.34842415157516921}
{"dev_acc": 0.63070338657738267, "dev_loss": 0.67878418708486221, "epoch": 12, "train_acc": 0.89154110698296118, "train_loss": 0.30960120866664603}
{"dev_acc": 0.64245285171411493, "dev_loss": 0.70953160923506531, "epoch": 13, "train_acc": 0.89710394793525938, "train_loss": 0.31172947491271585}
{"dev_acc": 0.62355288577691781, "dev_loss": 0.69604840861367323, "epoch": 14, "train_acc": 0.90130474537825933, "train_loss": 0.28254914072731252}
{"dev_acc": 0.65612446557325754, "dev_loss": 0.71095969547916738, "epoch": 15, "train_acc": 0.9053361300240631, "train_loss": 0.26382767940175872}
{"dev_acc": 0.64812219087630829, "dev_loss": 0.69306916344378677, "epoch": 16, "train_acc": 0.90860984027567648, "train_loss": 0.24883500167428033}
{"dev_acc": 0.64693550658888976, "dev_loss": 0.69620155948879459, "epoch": 17, "train_acc": 0.91263971372572594, "train_loss": 0.24057191824599441}
{"dev_acc": 0.68665452878077282, "dev_loss": 0.71649813605472445, "epoch": 18, "train_acc": 0.91654044742947915, "train_loss": 0.22770664911375299}
{"dev_acc": 0.62807132237704644, "dev_loss": 0.76035272932079223, "epoch": 19, "train_acc": 0.91449211885320314, "train_loss": 0.23050611116923392}
{"dev_acc": 0.6261871212599609, "dev_loss": 0.71488273463078911, "epoch": 20, "train_acc": 0.91479815596044323, "train_loss": 0.23471634549418866}
{"dev_acc": 0.64570206529482121, "dev_loss": 0.69528525109801975, "epoch": 21, "train_acc": 0.88529875920823009, "train_loss": 0.30003290043486563}
{"dev_acc": 0.66631453746106539, "dev_loss": 0.73914934398739462, "epoch": 22, "train_acc": 0.90702406743249309, "train_loss": 0.26121755479687614}
{"dev_acc": 0.64988354167769258, "dev_loss": 0.72457603714428842, "epoch": 23, "train_acc": 0.91039377273215838, "train_loss": 0.23582949933354283}
{"dev_acc": 0.66008754838780237, "dev_loss": 0.69964749891577027, "epoch": 24, "train_acc": 0.91575030301884153, "train_loss": 0.23132026367349243}
{"dev_acc": 0.67212007312735633, "dev_loss": 0.76085570284963722, "epoch": 25, "train_acc": 0.91901890235610328, "train_loss": 0.21323461829879192}
{"dev_acc": 0.66007951836706069, "dev_loss": 0.78592296766250258, "epoch": 26, "train_acc": 0.92240398214948671, "train_loss": 0.20408153824439668}
{"dev_acc": 0.66839002390179802, "dev_loss": 0.77959219148449066, "epoch": 27, "train_acc": 0.92634753278497506, "train_loss": 0.19611524745875003}
{"dev_acc": 0.67238159945652209, "dev_loss": 0.79754690781036131, "epoch": 28, "train_acc": 0.92838996578428679, "train_loss": 0.19150578338414123}
{"dev_acc": 0.68064074517817075, "dev_loss": 0.8071675057789045, "epoch": 29, "train_acc": 0.93035889514292314, "train_loss": 0.18819193767245176}
{"dev_acc": 0.65261589901519257, "dev_loss": 0.81185227896120138, "epoch": 30, "train_acc": 0.93375529319252315, "train_loss": 0.17935174885883787}
{"dev_acc": 0.61739478339895926, "dev_loss": 0.78361842718108421, "epoch": 31, "train_acc": 0.92372944281106895, "train_loss": 0.2002256304671092}
{"dev_acc": 0.64478340643415355, "dev_loss": 0.83864544687925702, "epoch": 32, "train_acc": 0.92732518377408379, "train_loss": 0.19297092626920512}
{"dev_acc": 0.65063392047970747, "dev_loss": 0.86697593176670906, "epoch": 33, "train_acc": 0.93326773805219465, "train_loss": 0.17998816680289875}
{"dev_acc": 0.66371596771119035, "dev_loss": 0.87093151972762173, "epoch": 34, "train_acc": 0.93712755175546669, "train_loss": 0.17486185450851033}
{"dev_acc": 0.66743800992250379, "dev_loss": 0.89468076728683499, "epoch": 35, "train_acc": 0.93800112851093476, "train_loss": 0.16748927869462657}
{"dev_acc": 0.63917668911658621, "dev_loss": 0.91476488635609188, "epoch": 36, "train_acc": 0.94027367781588078, "train_loss": 0.16660946980560834}
{"dev_acc": 0.59684621798245707, "dev_loss": 0.70714834971087315, "epoch": 37, "train_acc": 0.90276656180781756, "train_loss": 0.43451362808346983}
{"dev_acc": 0.62143008221883311, "dev_loss": 0.73063891194760799, "epoch": 38, "train_acc": 0.88650695213030828, "train_loss": 0.34317555854427095}
{"dev_acc": 0.62078886726995852, "dev_loss": 0.71475424191781456, "epoch": 39, "train_acc": 0.89169436114174971, "train_loss": 0.28801069345584585}
{"dev_acc": 0.63143014429595712, "dev_loss": 0.72338741884699886, "epoch": 40, "train_acc": 0.90132410151509923, "train_loss": 0.26917452042144313}
{"dev_acc": 0.60380560233209835, "dev_loss": 0.72101298027804916, "epoch": 41, "train_acc": 0.90709858185417758, "train_loss": 0.24372492926976277}
{"dev_acc": 0.64066236579547309, "dev_loss": 0.71365244846258846, "epoch": 42, "train_acc": 0.91115297979297516, "train_loss": 0.23804523856850648}
{"dev_acc": 0.64877327718201627, "dev_loss": 0.70859515680266283, "epoch": 43, "train_acc": 0.91398486637415355, "train_loss": 0.2224995837763506}
{"dev_acc": 0.64353294999526345, "dev_loss": 0.7158157667145133, "epoch": 44, "train_acc": 0.91585314891376957, "train_loss": 0.22009561635639308}
{"dev_acc": 0.64038467912207575, "dev_loss": 0.73072470338749029, "epoch": 45, "train_acc": 0.91791749511864573, "train_loss": 0.21175609841055673}
{"dev_acc": 0.63936225236250765, "dev_loss": 0.74291300414396189, "epoch": 46, "train_acc": 0.92010764166298442, "train_loss": 0.2040514481906732}
{"dev_acc": 0.65119631927859756, "dev_loss": 0.74276159763602279, "epoch": 47, "train_acc": 0.92215537641604906, "train_loss": 0.20357972912304692}
{"dev_acc": 0.65031935574414634, "dev_loss": 0.7422923216197107, "epoch": 48, "train_acc": 0.92275806237966562, "train_loss": 0.19570346232216299}
{"dev_acc": 0.65634666908749772, "dev_loss": 0.74586206634661978, "epoch": 49, "train_acc": 0.92432009070937315, "train_loss": 0.19236044249647663}
{"dev_acc": 0.65416258233477242, "dev_loss": 0.774202319527311, "epoch": 50, "train_acc": 0.92240981365865637, "train_loss": 0.1891226401218048}
