{'--activation': 'tanh',
 '--dropout': '0.70',
 '--epoch': '50',
 '--hidden': '100',
 '--lr': '0.1',
 '--mem_dim': '100',
 '--model': 'filter',
 '--optim': 'adagrad',
 '--reg': '3e-3',
 '--truncate_grad': '50',
 '<data>': 'data/senna0'}
{"dev_acc": 0.54869873461624263, "dev_loss": 0.68218662855880596, "epoch": 0, "train_acc": 0.73453230183855167, "train_loss": 0.72273126734962945}
{"dev_acc": 0.54367417814595076, "dev_loss": 0.69151483263288227, "epoch": 1, "train_acc": 0.70902559819798794, "train_loss": 0.68827256447152252}
{"dev_acc": 0.54624637314532631, "dev_loss": 0.69221718290022438, "epoch": 2, "train_acc": 0.76019039079939843, "train_loss": 0.63379093250141871}
{"dev_acc": 0.53635163241951544, "dev_loss": 0.68908820407731197, "epoch": 3, "train_acc": 0.81612216288184103, "train_loss": 0.56224401710154137}
{"dev_acc": 0.56867123531415686, "dev_loss": 0.67400708049535751, "epoch": 4, "train_acc": 0.82818441621611527, "train_loss": 0.51999699739338479}
{"dev_acc": 0.57674334075547151, "dev_loss": 0.69144702543105396, "epoch": 5, "train_acc": 0.8502245909011249, "train_loss": 0.46054142568543366}
{"dev_acc": 0.57032144328601031, "dev_loss": 0.69349817080157139, "epoch": 6, "train_acc": 0.86600716113172271, "train_loss": 0.41434887657531455}
{"dev_acc": 0.56175634669832997, "dev_loss": 0.7610548665480954, "epoch": 7, "train_acc": 0.87599524341704127, "train_loss": 0.374253026056516}
{"dev_acc": 0.63340394200742056, "dev_loss": 0.68155811780265396, "epoch": 8, "train_acc": 0.88849418487295273, "train_loss": 0.33763073645885799}
{"dev_acc": 0.6422569394444525, "dev_loss": 0.673661386061992, "epoch": 9, "train_acc": 0.89517813307016358, "train_loss": 0.31913592649883105}
{"dev_acc": 0.60406110236797728, "dev_loss": 0.77256794007761143, "epoch": 10, "train_acc": 0.90032315838752164, "train_loss": 0.2929144476656802}
{"dev_acc": 0.59887852003094899, "dev_loss": 0.75175287787403378, "epoch": 11, "train_acc": 0.90677351332147227, "train_loss": 0.26710543040586987}
{"dev_acc": 0.6205840928693489, "dev_loss": 0.78923258398260387, "epoch": 12, "train_acc": 0.91157703863441752, "train_loss": 0.24829239339186054}
{"dev_acc": 0.60262898540274612, "dev_loss": 0.76227381200130495, "epoch": 13, "train_acc": 0.91567410912075764, "train_loss": 0.23594238918239274}
{"dev_acc": 0.59122504356808858, "dev_loss": 0.77279273926147396, "epoch": 14, "train_acc": 0.91922313730547611, "train_loss": 0.23220558350174864}
{"dev_acc": 0.60722905284962281, "dev_loss": 0.84692200585933664, "epoch": 15, "train_acc": 0.92453752672467648, "train_loss": 0.21367075108949543}
{"dev_acc": 0.61145270061634993, "dev_loss": 0.80085091306162737, "epoch": 16, "train_acc": 0.92072553697371107, "train_loss": 0.21231685826095129}
{"dev_acc": 0.56155085555634165, "dev_loss": 0.88116692725036827, "epoch": 17, "train_acc": 0.92534338121873172, "train_loss": 0.2085461207955436}
{"dev_acc": 0.58357633730572556, "dev_loss": 0.79825825137751438, "epoch": 18, "train_acc": 0.9178152308378934, "train_loss": 0.24016275455072947}
{"dev_acc": 0.61378442493106278, "dev_loss": 0.82332469775740591, "epoch": 19, "train_acc": 0.92397252970399457, "train_loss": 0.21868985249215878}
{"dev_acc": 0.65233344654982528, "dev_loss": 0.81641401603285757, "epoch": 20, "train_acc": 0.93048395470348821, "train_loss": 0.19867158993559925}
{"dev_acc": 0.56429516420700854, "dev_loss": 0.82345108621354612, "epoch": 21, "train_acc": 0.91357551043966723, "train_loss": 0.25274529790025368}
{"dev_acc": 0.55002164687470112, "dev_loss": 0.85805672141058109, "epoch": 22, "train_acc": 0.91797494957744419, "train_loss": 0.23927203787356627}
{"dev_acc": 0.5985950567232724, "dev_loss": 0.93088540421532728, "epoch": 23, "train_acc": 0.92471459282125512, "train_loss": 0.20656241327295774}
{"dev_acc": 0.58048076333349974, "dev_loss": 0.93886345784579006, "epoch": 24, "train_acc": 0.93027519684088367, "train_loss": 0.19417285255051095}
{"dev_acc": 0.56542719603831049, "dev_loss": 1.0122561436146498, "epoch": 25, "train_acc": 0.934137322836189, "train_loss": 0.18284188863774173}
{"dev_acc": 0.56204237811773305, "dev_loss": 1.0231681746164603, "epoch": 26, "train_acc": 0.93778969853470684, "train_loss": 0.17526781897331717}
{"dev_acc": 0.55618864547742042, "dev_loss": 1.0394790505192109, "epoch": 27, "train_acc": 0.94141045437398363, "train_loss": 0.16894500001161977}
{"dev_acc": 0.55197621735746949, "dev_loss": 0.9912783905331578, "epoch": 28, "train_acc": 0.9359716808003643, "train_loss": 0.18187234874061733}
{"dev_acc": 0.5252581980676988, "dev_loss": 0.98755488358438015, "epoch": 29, "train_acc": 0.93643655369173295, "train_loss": 0.18824827926639759}
{"dev_acc": 0.5623007848788466, "dev_loss": 0.98853821546903675, "epoch": 30, "train_acc": 0.93945371589411963, "train_loss": 0.17798531151050997}
{"dev_acc": 0.54108424924275411, "dev_loss": 1.1135899267891156, "epoch": 31, "train_acc": 0.94317121278341431, "train_loss": 0.16331290495191417}
{"dev_acc": 0.55433027721783068, "dev_loss": 1.0739355139500861, "epoch": 32, "train_acc": 0.9472898111817265, "train_loss": 0.1578302606885009}
{"dev_acc": 0.53816744255366211, "dev_loss": 1.1548949819324272, "epoch": 33, "train_acc": 0.94927932208147769, "train_loss": 0.14849459783819172}
{"dev_acc": 0.55248396530556532, "dev_loss": 1.0268616008106619, "epoch": 34, "train_acc": 0.95175444874835902, "train_loss": 0.14313148307710549}
{"dev_acc": 0.53928414916513712, "dev_loss": 1.1994361730758101, "epoch": 35, "train_acc": 0.95231526378806297, "train_loss": 0.13705676300387609}
{"dev_acc": 0.55468217216482207, "dev_loss": 1.0892475032181079, "epoch": 36, "train_acc": 0.95376309515315316, "train_loss": 0.13551433695645271}
{"dev_acc": 0.53028031123917319, "dev_loss": 0.83371907845139503, "epoch": 37, "train_acc": 0.94307002327321077, "train_loss": 0.16639163113771396}
{"dev_acc": 0.52825913688962445, "dev_loss": 0.80449265481105869, "epoch": 38, "train_acc": 0.92065623396109619, "train_loss": 0.24626197024319274}
{"dev_acc": 0.51444586862140496, "dev_loss": 0.83358198031783104, "epoch": 39, "train_acc": 0.92865706484799637, "train_loss": 0.20707884617886635}
{"dev_acc": 0.55222191496054707, "dev_loss": 0.84866147940712311, "epoch": 40, "train_acc": 0.93661882260170359, "train_loss": 0.18113391818419758}
{"dev_acc": 0.55658302535837734, "dev_loss": 0.88796991056629593, "epoch": 41, "train_acc": 0.94088794999496994, "train_loss": 0.16789581586921418}
{"dev_acc": 0.55288809889714641, "dev_loss": 0.92929803979183945, "epoch": 42, "train_acc": 0.94345773496881424, "train_loss": 0.16182938504623709}
{"dev_acc": 0.56681820467512123, "dev_loss": 0.96757032429533341, "epoch": 43, "train_acc": 0.94777126356645347, "train_loss": 0.1545721845818489}
{"dev_acc": 0.59062677348527104, "dev_loss": 0.9812837706080505, "epoch": 44, "train_acc": 0.9505443416950583, "train_loss": 0.14436555679267143}
{"dev_acc": 0.59336627641470052, "dev_loss": 1.0020956327872617, "epoch": 45, "train_acc": 0.95263343395572464, "train_loss": 0.1389447043105963}
{"dev_acc": 0.56383413343993916, "dev_loss": 1.0549730730376072, "epoch": 46, "train_acc": 0.95444227850408092, "train_loss": 0.13412712557466783}
{"dev_acc": 0.58669954421758175, "dev_loss": 1.1093328644388489, "epoch": 47, "train_acc": 0.95613984487343728, "train_loss": 0.1313074636134014}
{"dev_acc": 0.55537077171302818, "dev_loss": 1.1175412865621703, "epoch": 48, "train_acc": 0.95718977690430229, "train_loss": 0.1287318196820384}
{"dev_acc": 0.57212018611590398, "dev_loss": 1.1528023395554297, "epoch": 49, "train_acc": 0.95867330217715407, "train_loss": 0.12573400315260544}
{"dev_acc": 0.51445273443376183, "dev_loss": 1.5748920202853955, "epoch": 50, "train_acc": 0.95947668904022576, "train_loss": 0.12072433002732062}
