{'--activation': 'tanh',
 '--dropout': '0.70',
 '--epoch': '50',
 '--hidden': '100',
 '--lr': '0.1',
 '--mem_dim': '100',
 '--model': 'filter',
 '--optim': 'adagrad',
 '--reg': '3e-3',
 '--truncate_grad': '50',
 '<data>': 'data/senna0'}
{"dev_acc": 0.56249144363956671, "dev_loss": 0.68038302074585644, "epoch": 0, "train_acc": 0.62242553220916441, "train_loss": 0.74782387214370916}
{"dev_acc": 0.60399808588352155, "dev_loss": 0.67082542393888744, "epoch": 1, "train_acc": 0.672691209716619, "train_loss": 0.67940814661074289}
{"dev_acc": 0.56166839984457428, "dev_loss": 0.67687241520200458, "epoch": 2, "train_acc": 0.75879540943291135, "train_loss": 0.66375958730902851}
{"dev_acc": 0.58741899082285798, "dev_loss": 0.67383135429450447, "epoch": 3, "train_acc": 0.77619591823349121, "train_loss": 0.61990674820881853}
{"dev_acc": 0.55623138931147087, "dev_loss": 0.67909997009805267, "epoch": 4, "train_acc": 0.79715180411425957, "train_loss": 0.5833419650038586}
{"dev_acc": 0.58895860436759728, "dev_loss": 0.67095932524119106, "epoch": 5, "train_acc": 0.824961235177747, "train_loss": 0.53931635325845284}
{"dev_acc": 0.52859195006107906, "dev_loss": 0.6894192206008094, "epoch": 6, "train_acc": 0.84228171849935485, "train_loss": 0.48355240959532653}
{"dev_acc": 0.53296759850840514, "dev_loss": 0.70408259811145923, "epoch": 7, "train_acc": 0.8560296109550608, "train_loss": 0.43448797990626925}
{"dev_acc": 0.54207133733144597, "dev_loss": 0.73709948866495067, "epoch": 8, "train_acc": 0.86841500356959411, "train_loss": 0.3919389170087591}
{"dev_acc": 0.55997272766728046, "dev_loss": 0.72814464010298252, "epoch": 9, "train_acc": 0.87982612565870444, "train_loss": 0.35576233138695734}
{"dev_acc": 0.58384244363840343, "dev_loss": 0.74250296050948761, "epoch": 10, "train_acc": 0.88723861001425153, "train_loss": 0.3294166051193223}
{"dev_acc": 0.61522578027609309, "dev_loss": 0.70615801055516514, "epoch": 11, "train_acc": 0.88807568193431374, "train_loss": 0.327694731139684}
{"dev_acc": 0.58013390944050325, "dev_loss": 0.75073077942111666, "epoch": 12, "train_acc": 0.88811614306213738, "train_loss": 0.31981734943847301}
{"dev_acc": 0.56027554069564323, "dev_loss": 0.78989747485944206, "epoch": 13, "train_acc": 0.89665223947355455, "train_loss": 0.30168695602259493}
{"dev_acc": 0.58901672842347619, "dev_loss": 0.78973761972572121, "epoch": 14, "train_acc": 0.90163144640730586, "train_loss": 0.27900602248544465}
{"dev_acc": 0.55366843917327835, "dev_loss": 0.82092850043305332, "epoch": 15, "train_acc": 0.9053334792863813, "train_loss": 0.27080849227362869}
{"dev_acc": 0.53906352742348107, "dev_loss": 0.81425109984619282, "epoch": 16, "train_acc": 0.90874574225780425, "train_loss": 0.25576324592516875}
{"dev_acc": 0.56978712263172704, "dev_loss": 0.83899700907724239, "epoch": 17, "train_acc": 0.91297160760691809, "train_loss": 0.24272347784371268}
{"dev_acc": 0.60575784819534395, "dev_loss": 0.75222912470677072, "epoch": 18, "train_acc": 0.90508839669124586, "train_loss": 0.28666140388143307}
{"dev_acc": 0.53917737363239249, "dev_loss": 0.84014358404757716, "epoch": 19, "train_acc": 0.90991446181593971, "train_loss": 0.25198311060947026}
{"dev_acc": 0.5782159577538134, "dev_loss": 0.79845194491956917, "epoch": 20, "train_acc": 0.91396663365581332, "train_loss": 0.23478729532931378}
{"dev_acc": 0.62000841452242894, "dev_loss": 0.7943647593326334, "epoch": 21, "train_acc": 0.91677859569556608, "train_loss": 0.2285303173504204}
{"dev_acc": 0.57424775940483319, "dev_loss": 0.74138089429054943, "epoch": 22, "train_acc": 0.90270764378114565, "train_loss": 0.30790065001560774}
{"dev_acc": 0.5399504364993446, "dev_loss": 0.81727185725633589, "epoch": 23, "train_acc": 0.90974125495139258, "train_loss": 0.24111724354597869}
{"dev_acc": 0.5186342111273381, "dev_loss": 0.84400074183940887, "epoch": 24, "train_acc": 0.91581731533563659, "train_loss": 0.22763896021252214}
{"dev_acc": 0.5560577265183948, "dev_loss": 0.82848499682066701, "epoch": 25, "train_acc": 0.91906754948668878, "train_loss": 0.2161362712607495}
{"dev_acc": 0.53657662371495152, "dev_loss": 0.84877356328070164, "epoch": 26, "train_acc": 0.92238062024203715, "train_loss": 0.21498178589508479}
{"dev_acc": 0.54276367813772475, "dev_loss": 0.8456177079517927, "epoch": 27, "train_acc": 0.92406529607632348, "train_loss": 0.20379534838249599}
{"dev_acc": 0.5232988622703294, "dev_loss": 0.8820615205248552, "epoch": 28, "train_acc": 0.92687035015308661, "train_loss": 0.19823673682558479}
{"dev_acc": 0.54838774255548928, "dev_loss": 0.86570377395089182, "epoch": 29, "train_acc": 0.92815639783651471, "train_loss": 0.19692236875755642}
{"dev_acc": 0.55339358682974127, "dev_loss": 0.89981975067140796, "epoch": 30, "train_acc": 0.92978293712467697, "train_loss": 0.19287330338943609}
{"dev_acc": 0.55586899821902924, "dev_loss": 1.0038912693687183, "epoch": 31, "train_acc": 0.93168560976261872, "train_loss": 0.18220127121596214}
{"dev_acc": 0.57687327325751137, "dev_loss": 1.0318581687253234, "epoch": 32, "train_acc": 0.92165360008696662, "train_loss": 0.17586014705407654}
{"dev_acc": 0.55223155210512231, "dev_loss": 0.85518113806444618, "epoch": 33, "train_acc": 0.93226476305182315, "train_loss": 0.26309450993040295}
{"dev_acc": 0.55544627539892499, "dev_loss": 0.93866115562351682, "epoch": 34, "train_acc": 0.93346183811653249, "train_loss": 0.18712300447160615}
{"dev_acc": 0.59370305447323957, "dev_loss": 0.79610243865421837, "epoch": 35, "train_acc": 0.92787832799620484, "train_loss": 0.19235290465928037}
{"dev_acc": 0.55304367576140612, "dev_loss": 0.90994817311210296, "epoch": 36, "train_acc": 0.93076164977804232, "train_loss": 0.19474910648356936}
{"dev_acc": 0.54284360025569556, "dev_loss": 0.95975871374165378, "epoch": 37, "train_acc": 0.93586991638362726, "train_loss": 0.17997151274157427}
{"dev_acc": 0.62744844789894771, "dev_loss": 1.0434612953436695, "epoch": 38, "train_acc": 0.93294704697255759, "train_loss": 0.18323626079811359}
{"dev_acc": 0.63769734657049071, "dev_loss": 0.66564244610656587, "epoch": 39, "train_acc": 0.88688440213818387, "train_loss": 0.3716777900176394}
{"dev_acc": 0.61740744711654971, "dev_loss": 0.67654630062835552, "epoch": 40, "train_acc": 0.90970598929045932, "train_loss": 0.2547625125880586}
{"dev_acc": 0.64564942172627682, "dev_loss": 0.71312128619423931, "epoch": 41, "train_acc": 0.91543048524361292, "train_loss": 0.2315430418975781}
{"dev_acc": 0.64665071785291339, "dev_loss": 0.72844378098047202, "epoch": 42, "train_acc": 0.9199113056893613, "train_loss": 0.21842891673597617}
{"dev_acc": 0.63134580350314562, "dev_loss": 0.77479423622467691, "epoch": 43, "train_acc": 0.92380844520159555, "train_loss": 0.20417105716018041}
{"dev_acc": 0.61338068011013203, "dev_loss": 0.79085138077581563, "epoch": 44, "train_acc": 0.92709655753676845, "train_loss": 0.19677251997172443}
{"dev_acc": 0.61772775249209066, "dev_loss": 0.81911677986915621, "epoch": 45, "train_acc": 0.92969552583107051, "train_loss": 0.19115338607745017}
{"dev_acc": 0.603562981214398, "dev_loss": 0.81280853639223749, "epoch": 46, "train_acc": 0.93236403714490701, "train_loss": 0.18437165280957293}
{"dev_acc": 0.61694955105111782, "dev_loss": 0.84033326587606483, "epoch": 47, "train_acc": 0.93394921743197845, "train_loss": 0.17995029695396889}
{"dev_acc": 0.60812017985633926, "dev_loss": 0.82922593821837964, "epoch": 48, "train_acc": 0.93560308589916141, "train_loss": 0.17812606122604363}
{"dev_acc": 0.59230857390410852, "dev_loss": 0.85045683415540096, "epoch": 49, "train_acc": 0.9374304274585874, "train_loss": 0.17212313143635918}
{"dev_acc": 0.59643564277104766, "dev_loss": 0.85052486866646049, "epoch": 50, "train_acc": 0.93852187463209691, "train_loss": 0.16986453333516646}
