{'--activation': 'tanh',
 '--dropout': '0.70',
 '--epoch': '50',
 '--hidden': '100',
 '--lr': '0.1',
 '--mem_dim': '100',
 '--model': 'filter',
 '--optim': 'adagrad',
 '--reg': '3e-3',
 '--truncate_grad': '50',
 '<data>': 'data/senna0'}
{"dev_acc": 0.55429671352189858, "dev_loss": 0.67974001169204712, "epoch": 0, "train_acc": 0.61044638456191103, "train_loss": 0.73249476808535907}
{"dev_acc": 0.53784604075129316, "dev_loss": 0.69058184432131908, "epoch": 1, "train_acc": 0.72930382910934322, "train_loss": 0.67663688712482206}
{"dev_acc": 0.50397886986592122, "dev_loss": 0.69219531438180382, "epoch": 2, "train_acc": 0.68748671877098533, "train_loss": 0.71336774395990976}
{"dev_acc": 0.56438507961795059, "dev_loss": 0.68025962582656319, "epoch": 3, "train_acc": 0.73470458938766581, "train_loss": 0.67898706469354753}
{"dev_acc": 0.60732401180904005, "dev_loss": 0.67575117732797352, "epoch": 4, "train_acc": 0.78978355589891824, "train_loss": 0.65058645549454264}
{"dev_acc": 0.56998576267752987, "dev_loss": 0.66813409647771294, "epoch": 5, "train_acc": 0.80674622518724659, "train_loss": 0.60597085990483246}
{"dev_acc": 0.58244111336317606, "dev_loss": 0.68688838183879852, "epoch": 6, "train_acc": 0.83001661359424306, "train_loss": 0.54779425159662587}
{"dev_acc": 0.61541396458051434, "dev_loss": 0.65062789991497993, "epoch": 7, "train_acc": 0.83928392640149641, "train_loss": 0.53237015348446515}
{"dev_acc": 0.59245812695383238, "dev_loss": 0.68717808755380771, "epoch": 8, "train_acc": 0.85009888818913792, "train_loss": 0.46126372763250445}
{"dev_acc": 0.5981925182095017, "dev_loss": 0.71794316145990578, "epoch": 9, "train_acc": 0.86356141099491213, "train_loss": 0.42358457754495776}
{"dev_acc": 0.59810328593100603, "dev_loss": 0.69395349573876175, "epoch": 10, "train_acc": 0.87319891329099286, "train_loss": 0.38826167512732218}
{"dev_acc": 0.61147423662717182, "dev_loss": 0.69246406653629877, "epoch": 11, "train_acc": 0.87224608811128146, "train_loss": 0.37152493261743952}
{"dev_acc": 0.6044550830024743, "dev_loss": 0.69207408811364857, "epoch": 12, "train_acc": 0.88577955964666788, "train_loss": 0.34138147265626756}
{"dev_acc": 0.60725363855672032, "dev_loss": 0.67908667586743832, "epoch": 13, "train_acc": 0.88908125439221364, "train_loss": 0.34188725661392078}
{"dev_acc": 0.60861964468686325, "dev_loss": 0.69060071823852398, "epoch": 14, "train_acc": 0.88965004428833572, "train_loss": 0.3210323554893979}
{"dev_acc": 0.59957513361035897, "dev_loss": 0.69893772274787935, "epoch": 15, "train_acc": 0.89625112547113184, "train_loss": 0.2883047490628271}
{"dev_acc": 0.59866976049656695, "dev_loss": 0.69962310638012626, "epoch": 16, "train_acc": 0.90261971205070946, "train_loss": 0.26887013484676708}
{"dev_acc": 0.63621869761979777, "dev_loss": 0.69062052101695115, "epoch": 17, "train_acc": 0.90770160429138214, "train_loss": 0.25516108899890105}
{"dev_acc": 0.61412732825981375, "dev_loss": 0.68733212012531497, "epoch": 18, "train_acc": 0.91056805784285733, "train_loss": 0.24860666456479061}
{"dev_acc": 0.65635966858467043, "dev_loss": 0.66863779005195412, "epoch": 19, "train_acc": 0.91592700778441138, "train_loss": 0.23255013933226973}
{"dev_acc": 0.55051125684796642, "dev_loss": 0.71981267325047937, "epoch": 20, "train_acc": 0.91553328972694015, "train_loss": 0.26939973483728596}
{"dev_acc": 0.64956201921679269, "dev_loss": 0.70497771605317083, "epoch": 21, "train_acc": 0.90828096633729583, "train_loss": 0.27307740799622915}
{"dev_acc": 0.6468146864689287, "dev_loss": 0.7304668421857059, "epoch": 22, "train_acc": 0.91410463946840426, "train_loss": 0.24183438729518389}
{"dev_acc": 0.63129369918782419, "dev_loss": 0.72941949910351211, "epoch": 23, "train_acc": 0.91869124892356058, "train_loss": 0.22432686597155996}
{"dev_acc": 0.64801077549652786, "dev_loss": 0.73515638735677513, "epoch": 24, "train_acc": 0.92290716508530513, "train_loss": 0.21154216428794251}
{"dev_acc": 0.64662295969227024, "dev_loss": 0.74432549798595049, "epoch": 25, "train_acc": 0.925684799444497, "train_loss": 0.20379740768406965}
{"dev_acc": 0.64615862942733171, "dev_loss": 0.73747654601798529, "epoch": 26, "train_acc": 0.92927703277619478, "train_loss": 0.19653078665679816}
{"dev_acc": 0.64372563427437601, "dev_loss": 0.75368144978503027, "epoch": 27, "train_acc": 0.93183005198941671, "train_loss": 0.19270696037278004}
{"dev_acc": 0.62878574630601314, "dev_loss": 0.79880470434935502, "epoch": 28, "train_acc": 0.93570099229431847, "train_loss": 0.18348700468225074}
{"dev_acc": 0.65349124593920294, "dev_loss": 0.75657659389876897, "epoch": 29, "train_acc": 0.93649259481265268, "train_loss": 0.17973593972281471}
{"dev_acc": 0.61866799393169924, "dev_loss": 0.81319827524878618, "epoch": 30, "train_acc": 0.93843435842008605, "train_loss": 0.18018785553624783}
{"dev_acc": 0.63763305396248093, "dev_loss": 0.80461864096910829, "epoch": 31, "train_acc": 0.94119409541919952, "train_loss": 0.17181708997254011}
{"dev_acc": 0.61223511313470014, "dev_loss": 0.87198990503592155, "epoch": 32, "train_acc": 0.94259250236648617, "train_loss": 0.16680513008547759}
{"dev_acc": 0.60033884428452977, "dev_loss": 1.0730291588531276, "epoch": 33, "train_acc": 0.94259854298930201, "train_loss": 0.16345121975084825}
{"dev_acc": 0.65343730996581295, "dev_loss": 0.71760288373168024, "epoch": 34, "train_acc": 0.91508580281894403, "train_loss": 0.25263535721806657}
{"dev_acc": 0.6321813734794004, "dev_loss": 0.74108828936836546, "epoch": 35, "train_acc": 0.91830026731145908, "train_loss": 0.23175838730103465}
{"dev_acc": 0.62685334433651629, "dev_loss": 0.7693843183639858, "epoch": 36, "train_acc": 0.92565987714215836, "train_loss": 0.20861804199256179}
{"dev_acc": 0.62753654967576655, "dev_loss": 0.79413911460765774, "epoch": 37, "train_acc": 0.93090265302325459, "train_loss": 0.1975447722088805}
{"dev_acc": 0.62545987673763237, "dev_loss": 0.82869144050138333, "epoch": 38, "train_acc": 0.93581532540411294, "train_loss": 0.17792754336532876}
{"dev_acc": 0.6358297667701821, "dev_loss": 0.80408055218867958, "epoch": 39, "train_acc": 0.93901555891244526, "train_loss": 0.17697021083853243}
{"dev_acc": 0.61521422607636733, "dev_loss": 0.85824141182404545, "epoch": 40, "train_acc": 0.94214882324329452, "train_loss": 0.1680834447116594}
{"dev_acc": 0.62240530819440132, "dev_loss": 0.8658158698817715, "epoch": 41, "train_acc": 0.94505749532159722, "train_loss": 0.16234841360342159}
{"dev_acc": 0.61323330230770334, "dev_loss": 0.93251827460647163, "epoch": 42, "train_acc": 0.94797769672542176, "train_loss": 0.15527357214251666}
{"dev_acc": 0.62957178285539328, "dev_loss": 0.92638560585744145, "epoch": 43, "train_acc": 0.94947560092600614, "train_loss": 0.14840957807094046}
{"dev_acc": 0.64272061714877549, "dev_loss": 0.95469849537559115, "epoch": 44, "train_acc": 0.95175498114247026, "train_loss": 0.14480900488881529}
{"dev_acc": 0.60181050431101535, "dev_loss": 1.0090943574073858, "epoch": 45, "train_acc": 0.95311757229999072, "train_loss": 0.14215805068578205}
{"dev_acc": 0.62652047496907959, "dev_loss": 0.98863761546090245, "epoch": 46, "train_acc": 0.95441177697405644, "train_loss": 0.1366064320425468}
{"dev_acc": 0.60998214333046197, "dev_loss": 1.0026054796180688, "epoch": 47, "train_acc": 0.95531210356805596, "train_loss": 0.13566470034755737}
{"dev_acc": 0.61620148593674895, "dev_loss": 0.98152989344920827, "epoch": 48, "train_acc": 0.95757232040798312, "train_loss": 0.1296408325483005}
{"dev_acc": 0.62110325442436154, "dev_loss": 0.94455440136204871, "epoch": 49, "train_acc": 0.95288696626151215, "train_loss": 0.13742312818361871}
{"dev_acc": 0.59506012194656044, "dev_loss": 0.98823416753605542, "epoch": 50, "train_acc": 0.94489519172418879, "train_loss": 0.17719907483437447}
