{'--activation': 'tanh',
 '--dropout': '0.70',
 '--epoch': '50',
 '--hidden': '100',
 '--lr': '0.1',
 '--mem_dim': '100',
 '--model': 'filter',
 '--optim': 'adagrad',
 '--reg': '3e-3',
 '--truncate_grad': '50',
 '<data>': 'data/senna0'}
{"dev_acc": 0.46605889180495469, "dev_loss": 0.74622203037142754, "epoch": 0, "train_acc": 0.69589694672801239, "train_loss": 0.69730520550208752}
{"dev_acc": 0.55694672816708646, "dev_loss": 0.68501172321183346, "epoch": 1, "train_acc": 0.69946193145175384, "train_loss": 0.70668409708180002}
{"dev_acc": 0.5831486074543909, "dev_loss": 0.67173143635903088, "epoch": 2, "train_acc": 0.78943253307408645, "train_loss": 0.65224700109868106}
{"dev_acc": 0.61630445424079294, "dev_loss": 0.66829625410693028, "epoch": 3, "train_acc": 0.81454918477700722, "train_loss": 0.59481224813793276}
{"dev_acc": 0.62966002506462548, "dev_loss": 0.66040658525058205, "epoch": 4, "train_acc": 0.83165042120286059, "train_loss": 0.52278891356685497}
{"dev_acc": 0.6347767809833369, "dev_loss": 0.66867658043546341, "epoch": 5, "train_acc": 0.85823447912492368, "train_loss": 0.44485226537607891}
{"dev_acc": 0.63573731182287552, "dev_loss": 0.69039126592023037, "epoch": 6, "train_acc": 0.8668778781726787, "train_loss": 0.40195759362246419}
{"dev_acc": 0.64334522021703411, "dev_loss": 0.69231332253132549, "epoch": 7, "train_acc": 0.88113536017157013, "train_loss": 0.35194918157273458}
{"dev_acc": 0.63865948371129722, "dev_loss": 0.70063511295510195, "epoch": 8, "train_acc": 0.88701753949860707, "train_loss": 0.33412591697459543}
{"dev_acc": 0.60382630084311517, "dev_loss": 0.72685342295361421, "epoch": 9, "train_acc": 0.89405536245822426, "train_loss": 0.29903237849379644}
{"dev_acc": 0.65983833106201539, "dev_loss": 0.70087720866182024, "epoch": 10, "train_acc": 0.89546600188040315, "train_loss": 0.30985621263013707}
{"dev_acc": 0.65496720484138038, "dev_loss": 0.6886539258328932, "epoch": 11, "train_acc": 0.90312818505281522, "train_loss": 0.27483407269774263}
{"dev_acc": 0.6495985462807089, "dev_loss": 0.741166854011161, "epoch": 12, "train_acc": 0.90736582364149154, "train_loss": 0.25303104071866106}
{"dev_acc": 0.65870733083264399, "dev_loss": 0.7636606579846037, "epoch": 13, "train_acc": 0.91120894413148124, "train_loss": 0.24315623409725221}
{"dev_acc": 0.61749176838473896, "dev_loss": 0.73437112270455274, "epoch": 14, "train_acc": 0.90468137340799126, "train_loss": 0.27851040236787472}
{"dev_acc": 0.66604162361488994, "dev_loss": 0.7110153849768851, "epoch": 15, "train_acc": 0.9081310986799036, "train_loss": 0.24814769304269052}
{"dev_acc": 0.63464828545204555, "dev_loss": 0.8073653783150283, "epoch": 16, "train_acc": 0.91297117874131695, "train_loss": 0.23053080475553162}
{"dev_acc": 0.66724737806818535, "dev_loss": 0.77949912787880749, "epoch": 17, "train_acc": 0.91908592340557149, "train_loss": 0.21722510632030265}
{"dev_acc": 0.65126670376855444, "dev_loss": 0.7827233891501757, "epoch": 18, "train_acc": 0.9233120562479028, "train_loss": 0.20731744083172135}
{"dev_acc": 0.63893761882603761, "dev_loss": 0.80010367870064714, "epoch": 19, "train_acc": 0.92498685271176628, "train_loss": 0.19431723458519282}
{"dev_acc": 0.68410420269956795, "dev_loss": 0.71491120802238584, "epoch": 20, "train_acc": 0.92752508748763285, "train_loss": 0.19572099037925253}
{"dev_acc": 0.66098263816277392, "dev_loss": 0.73008079750330324, "epoch": 21, "train_acc": 0.90845927560283335, "train_loss": 0.21705751651323318}
{"dev_acc": 0.64845674471878822, "dev_loss": 0.75609626927013907, "epoch": 22, "train_acc": 0.9168644378328743, "train_loss": 0.24751246925135795}
{"dev_acc": 0.60625437897495171, "dev_loss": 0.73951043760670088, "epoch": 23, "train_acc": 0.92013070729851809, "train_loss": 0.30042750466780005}
{"dev_acc": 0.64410140019365392, "dev_loss": 0.75778156412499287, "epoch": 24, "train_acc": 0.89838718077976876, "train_loss": 0.31342892840068459}
{"dev_acc": 0.65091675301461005, "dev_loss": 0.75193473783188636, "epoch": 25, "train_acc": 0.90937678927139276, "train_loss": 0.25261410260631972}
{"dev_acc": 0.67070131942204692, "dev_loss": 0.76788192668131416, "epoch": 26, "train_acc": 0.91402808277415581, "train_loss": 0.23327638888422139}
{"dev_acc": 0.65570650898807004, "dev_loss": 0.79707661580427414, "epoch": 27, "train_acc": 0.91859540797653483, "train_loss": 0.21493888821631899}
{"dev_acc": 0.64269814563063699, "dev_loss": 0.79514507307404914, "epoch": 28, "train_acc": 0.92135060338994568, "train_loss": 0.20601528700878785}
{"dev_acc": 0.63636604344726833, "dev_loss": 0.81845797561774292, "epoch": 29, "train_acc": 0.92473836809466481, "train_loss": 0.19683304418665298}
{"dev_acc": 0.66009712694012912, "dev_loss": 0.80515078629832715, "epoch": 30, "train_acc": 0.92722409215762025, "train_loss": 0.19219178129267536}
{"dev_acc": 0.64760826653456927, "dev_loss": 0.81989284312086441, "epoch": 31, "train_acc": 0.92924336628559767, "train_loss": 0.18710935468707363}
{"dev_acc": 0.64942106289482804, "dev_loss": 0.8529136028539922, "epoch": 32, "train_acc": 0.93208278633345842, "train_loss": 0.17831631141893059}
{"dev_acc": 0.64580375734170492, "dev_loss": 0.85806583327108199, "epoch": 33, "train_acc": 0.93401113212630615, "train_loss": 0.17298561801450163}
{"dev_acc": 0.61847420827820987, "dev_loss": 0.89027039522105567, "epoch": 34, "train_acc": 0.93539669654950941, "train_loss": 0.17330551300274469}
{"dev_acc": 0.60889904943987638, "dev_loss": 0.92364183801691979, "epoch": 35, "train_acc": 0.93798197079493206, "train_loss": 0.16421572731937137}
{"dev_acc": 0.60881647023689822, "dev_loss": 0.91370594174285158, "epoch": 36, "train_acc": 0.93966239705854115, "train_loss": 0.1596129036711951}
{"dev_acc": 0.60809757936499997, "dev_loss": 0.94578485317262151, "epoch": 37, "train_acc": 0.94122228031276323, "train_loss": 0.15777645751545089}
{"dev_acc": 0.6105453701484117, "dev_loss": 0.96054816010291688, "epoch": 38, "train_acc": 0.94222094382793786, "train_loss": 0.15469784069422463}
{"dev_acc": 0.6371230364758802, "dev_loss": 0.89434282530731124, "epoch": 39, "train_acc": 0.93818731031985125, "train_loss": 0.16764446453425644}
{"dev_acc": 0.62354265006631437, "dev_loss": 0.93794299832994255, "epoch": 40, "train_acc": 0.94281323420245378, "train_loss": 0.15697027862050256}
{"dev_acc": 0.66091066004666243, "dev_loss": 0.90319870401123936, "epoch": 41, "train_acc": 0.93644514347235108, "train_loss": 0.18133009660398128}
{"dev_acc": 0.64795186048604747, "dev_loss": 0.99493509693171034, "epoch": 42, "train_acc": 0.9415885756030804, "train_loss": 0.15897550964466431}
{"dev_acc": 0.60880702739134329, "dev_loss": 0.73536325838150718, "epoch": 43, "train_acc": 0.90439792091963855, "train_loss": 0.28101978069495503}
{"dev_acc": 0.6455492055147225, "dev_loss": 0.76311427647514007, "epoch": 44, "train_acc": 0.91179878890631361, "train_loss": 0.24629985513069808}
{"dev_acc": 0.63497403895339399, "dev_loss": 0.7814139425255624, "epoch": 45, "train_acc": 0.91683611774911267, "train_loss": 0.21767487337288174}
{"dev_acc": 0.64933489480707141, "dev_loss": 0.82091996093679753, "epoch": 46, "train_acc": 0.92010529181669565, "train_loss": 0.21121792082713114}
{"dev_acc": 0.66887216848426445, "dev_loss": 0.78885931408564958, "epoch": 47, "train_acc": 0.92283582610375892, "train_loss": 0.1983575573332145}
{"dev_acc": 0.65303604209614663, "dev_loss": 0.85653464815446312, "epoch": 48, "train_acc": 0.92567267539470943, "train_loss": 0.18992401391862379}
{"dev_acc": 0.61994797277810221, "dev_loss": 0.87311365249167594, "epoch": 49, "train_acc": 0.92728667728979497, "train_loss": 0.18526208068868971}
{"dev_acc": 0.63728926030811495, "dev_loss": 0.86292080921287251, "epoch": 50, "train_acc": 0.93030859855719406, "train_loss": 0.18287383468712598}
