{'--activation': 'tanh',
 '--dropout': '0.70',
 '--epoch': '50',
 '--hidden': '100',
 '--lr': '0.1',
 '--mem_dim': '100',
 '--model': 'filter',
 '--optim': 'adagrad',
 '--reg': '3e-3',
 '--truncate_grad': '50',
 '<data>': 'data/senna0'}
{"dev_acc": 0.55819916892327137, "dev_loss": 0.6806381493806839, "epoch": 0, "train_acc": 0.63876630134793733, "train_loss": 0.75001316130915774}
{"dev_acc": 0.45766262863785029, "dev_loss": 0.70263342452900746, "epoch": 1, "train_acc": 0.58795429824642242, "train_loss": 0.69658474643019186}
{"dev_acc": 0.48234137948417316, "dev_loss": 0.7118554328169141, "epoch": 2, "train_acc": 0.69707463209236231, "train_loss": 0.68048099098326287}
{"dev_acc": 0.58196310489702707, "dev_loss": 0.67221880597727635, "epoch": 3, "train_acc": 0.74309322592831417, "train_loss": 0.693684123362167}
{"dev_acc": 0.54508463654702011, "dev_loss": 0.6745806437517915, "epoch": 4, "train_acc": 0.79445933940182856, "train_loss": 0.65367890988724142}
{"dev_acc": 0.56939749831251008, "dev_loss": 0.6753838019711631, "epoch": 5, "train_acc": 0.80741260912799195, "train_loss": 0.61313680512241175}
{"dev_acc": 0.60133958911537477, "dev_loss": 0.6762305295893124, "epoch": 6, "train_acc": 0.82506217582183861, "train_loss": 0.55329707378073578}
{"dev_acc": 0.57149740237029012, "dev_loss": 0.69663745909929276, "epoch": 7, "train_acc": 0.84162289720656969, "train_loss": 0.50398010317283337}
{"dev_acc": 0.61937396742672413, "dev_loss": 0.68381547927856445, "epoch": 8, "train_acc": 0.85613018461218304, "train_loss": 0.45586133814310725}
{"dev_acc": 0.66514524939258302, "dev_loss": 0.66816801098840573, "epoch": 9, "train_acc": 0.86547649161536022, "train_loss": 0.39585390355720929}
{"dev_acc": 0.58444907617781772, "dev_loss": 0.71292963969920364, "epoch": 10, "train_acc": 0.8763200621685312, "train_loss": 0.37284661423933657}
{"dev_acc": 0.65755026987661558, "dev_loss": 0.64719736376511194, "epoch": 11, "train_acc": 0.88495618023511535, "train_loss": 0.33956644144144993}
{"dev_acc": 0.64204119212371502, "dev_loss": 0.7097099629629936, "epoch": 12, "train_acc": 0.89327165153576649, "train_loss": 0.31939735851851825}
{"dev_acc": 0.6565861284812492, "dev_loss": 0.702109072091324, "epoch": 13, "train_acc": 0.89866944984798258, "train_loss": 0.28652028021214032}
{"dev_acc": 0.68093912208795082, "dev_loss": 0.69162443027432474, "epoch": 14, "train_acc": 0.90340027243944787, "train_loss": 0.27684029594470477}
{"dev_acc": 0.62236627949312862, "dev_loss": 0.67942706349172766, "epoch": 15, "train_acc": 0.90826726642391253, "train_loss": 0.2575543646352908}
{"dev_acc": 0.64871545411483378, "dev_loss": 0.69593226237754735, "epoch": 16, "train_acc": 0.91200147700967849, "train_loss": 0.24718698843889222}
{"dev_acc": 0.64298427625732768, "dev_loss": 0.72049993800465018, "epoch": 17, "train_acc": 0.91716680313878041, "train_loss": 0.23867562059254113}
{"dev_acc": 0.65598016852493823, "dev_loss": 0.73413621328238932, "epoch": 18, "train_acc": 0.92119918424530478, "train_loss": 0.22581329978737225}
{"dev_acc": 0.64273218629553319, "dev_loss": 0.69351588136383469, "epoch": 19, "train_acc": 0.90905199830633676, "train_loss": 0.26704074261132393}
{"dev_acc": 0.65154833013869806, "dev_loss": 0.69323719525709748, "epoch": 20, "train_acc": 0.90602061751497187, "train_loss": 0.26232624355456025}
{"dev_acc": 0.65643484310854905, "dev_loss": 0.7043353405648044, "epoch": 21, "train_acc": 0.91509380361952763, "train_loss": 0.23265237299964139}
{"dev_acc": 0.57888167549756986, "dev_loss": 0.74012612737715244, "epoch": 22, "train_acc": 0.91951399720947069, "train_loss": 0.22247238743525657}
{"dev_acc": 0.62219227427739265, "dev_loss": 0.73470062662714297, "epoch": 23, "train_acc": 0.9235238975997625, "train_loss": 0.21556519451838493}
{"dev_acc": 0.64494775662695036, "dev_loss": 0.73253516683221931, "epoch": 24, "train_acc": 0.9273974677804605, "train_loss": 0.20319284588434511}
{"dev_acc": 0.65171033703127057, "dev_loss": 0.76445163240922354, "epoch": 25, "train_acc": 0.93252326537464958, "train_loss": 0.18960666738574311}
{"dev_acc": 0.62975964676159857, "dev_loss": 0.81599972747998051, "epoch": 26, "train_acc": 0.93505114109276999, "train_loss": 0.1811490837363762}
{"dev_acc": 0.61575239710550167, "dev_loss": 0.87060891377041116, "epoch": 27, "train_acc": 0.93661997649949447, "train_loss": 0.17549360919159121}
{"dev_acc": 0.6237378808331141, "dev_loss": 0.86272046344155184, "epoch": 28, "train_acc": 0.93915907965627543, "train_loss": 0.16834196786556829}
{"dev_acc": 0.66394643376843554, "dev_loss": 0.68313685481968733, "epoch": 29, "train_acc": 0.9350904636166798, "train_loss": 0.2087406587647532}
{"dev_acc": 0.61699422842281659, "dev_loss": 0.71165101689153487, "epoch": 30, "train_acc": 0.91620180753167402, "train_loss": 0.26899969686412906}
{"dev_acc": 0.64003157401736177, "dev_loss": 0.71983174101582592, "epoch": 31, "train_acc": 0.90737607256754327, "train_loss": 0.29606906211230599}
{"dev_acc": 0.65482352409334488, "dev_loss": 0.69649221698221353, "epoch": 32, "train_acc": 0.91207715920486598, "train_loss": 0.24680777011944652}
{"dev_acc": 0.64881004945772658, "dev_loss": 0.68574177912835566, "epoch": 33, "train_acc": 0.91455709741042079, "train_loss": 0.2252209236549915}
{"dev_acc": 0.66776713231741491, "dev_loss": 0.72367929086820892, "epoch": 34, "train_acc": 0.91801660513292993, "train_loss": 0.22126165431993425}
{"dev_acc": 0.66776958995913882, "dev_loss": 0.7295237469536785, "epoch": 35, "train_acc": 0.92449039512015729, "train_loss": 0.20233448231434362}
{"dev_acc": 0.66282103508063606, "dev_loss": 0.72348557765196475, "epoch": 36, "train_acc": 0.92743625899820914, "train_loss": 0.19230501697773755}
{"dev_acc": 0.65150995358996877, "dev_loss": 0.76177272499106563, "epoch": 37, "train_acc": 0.93111550361363282, "train_loss": 0.183279729313055}
{"dev_acc": 0.65052477646731466, "dev_loss": 0.76556567579141954, "epoch": 38, "train_acc": 0.9338875409486469, "train_loss": 0.17499767263424346}
{"dev_acc": 0.65391979751353424, "dev_loss": 0.78364147812161333, "epoch": 39, "train_acc": 0.936135582219354, "train_loss": 0.16796882376052688}
{"dev_acc": 0.64735890996246004, "dev_loss": 0.77179480967294822, "epoch": 40, "train_acc": 0.93799658215491966, "train_loss": 0.17031106865659792}
{"dev_acc": 0.61918947510928957, "dev_loss": 0.75510379199736888, "epoch": 41, "train_acc": 0.93691278515229404, "train_loss": 0.18023577241206401}
{"dev_acc": 0.66890887884423733, "dev_loss": 0.79001104536499567, "epoch": 42, "train_acc": 0.93300214639830115, "train_loss": 0.19084890600761009}
{"dev_acc": 0.66986809183842078, "dev_loss": 0.74475566047476605, "epoch": 43, "train_acc": 0.93867391408281264, "train_loss": 0.16882690429172473}
{"dev_acc": 0.6390453776324867, "dev_loss": 0.82227275306857861, "epoch": 44, "train_acc": 0.94154344519886368, "train_loss": 0.16317081668957939}
{"dev_acc": 0.65221838372649632, "dev_loss": 0.79215601434199401, "epoch": 45, "train_acc": 0.94397549982529272, "train_loss": 0.16331730080772885}
{"dev_acc": 0.66516527250274116, "dev_loss": 0.80804551716261941, "epoch": 46, "train_acc": 0.94407790735575048, "train_loss": 0.1564070632339741}
{"dev_acc": 0.67669160308781051, "dev_loss": 0.80124514849324313, "epoch": 47, "train_acc": 0.94614143517753602, "train_loss": 0.1500768787859382}
{"dev_acc": 0.65202210706121666, "dev_loss": 0.85543271875940263, "epoch": 48, "train_acc": 0.93995812370077192, "train_loss": 0.17313607579549919}
{"dev_acc": 0.66770326971215732, "dev_loss": 0.78941171849146485, "epoch": 49, "train_acc": 0.94552535169915208, "train_loss": 0.153975060497723}
{"dev_acc": 0.6711497704446644, "dev_loss": 0.82605391774060466, "epoch": 50, "train_acc": 0.94777099503247153, "train_loss": 0.14869550633552478}
