{'--activation': 'tanh',
 '--dropout': '0.70',
 '--epoch': '50',
 '--hidden': '100',
 '--lr': '0.1',
 '--mem_dim': '100',
 '--model': 'filter',
 '--optim': 'adagrad',
 '--reg': '3e-3',
 '--truncate_grad': '50',
 '<data>': 'data/senna0'}
{"dev_acc": 0.58925128064837706, "dev_loss": 0.67798167307462009, "epoch": 0, "train_acc": 0.70388414604613869, "train_loss": 0.72264140957518463}
{"dev_acc": 0.55105095773349411, "dev_loss": 0.68289179408124512, "epoch": 1, "train_acc": 0.73197704758983351, "train_loss": 0.65572426854809629}
{"dev_acc": 0.5360651844553721, "dev_loss": 0.69880109227129394, "epoch": 2, "train_acc": 0.79032254735188845, "train_loss": 0.66632341395450545}
{"dev_acc": 0.55003830971401579, "dev_loss": 0.67184866645506447, "epoch": 3, "train_acc": 0.80497674794963037, "train_loss": 0.61622359028345419}
{"dev_acc": 0.59415472587940688, "dev_loss": 0.66234491339751655, "epoch": 4, "train_acc": 0.82571440081365066, "train_loss": 0.55850116295527807}
{"dev_acc": 0.59736815850747749, "dev_loss": 0.66710325649806435, "epoch": 5, "train_acc": 0.83279220055982084, "train_loss": 0.51858934892129294}
{"dev_acc": 0.60677715762846152, "dev_loss": 0.68373464792966843, "epoch": 6, "train_acc": 0.85686775477645827, "train_loss": 0.43520027936636646}
{"dev_acc": 0.62225170864519352, "dev_loss": 0.65162398905626362, "epoch": 7, "train_acc": 0.86533201034264562, "train_loss": 0.39694366677180876}
{"dev_acc": 0.57570202384718827, "dev_loss": 0.67296383609729149, "epoch": 8, "train_acc": 0.86966939357985495, "train_loss": 0.40361081146269662}
{"dev_acc": 0.58347462878223932, "dev_loss": 0.65447797386773998, "epoch": 9, "train_acc": 0.87050903867393525, "train_loss": 0.36947569997297436}
{"dev_acc": 0.62447328230053589, "dev_loss": 0.65027367443378481, "epoch": 10, "train_acc": 0.88041996588166904, "train_loss": 0.32883289963289908}
{"dev_acc": 0.62341846141297153, "dev_loss": 0.6607436485854643, "epoch": 11, "train_acc": 0.88830624889444443, "train_loss": 0.30851625387934095}
{"dev_acc": 0.61247034257587085, "dev_loss": 0.66365943955523632, "epoch": 12, "train_acc": 0.89383199937201829, "train_loss": 0.2968306314079327}
{"dev_acc": 0.60978430601865874, "dev_loss": 0.68188183149322867, "epoch": 13, "train_acc": 0.89630649588670275, "train_loss": 0.27776711723543229}
{"dev_acc": 0.63841396147819585, "dev_loss": 0.70166548175205079, "epoch": 14, "train_acc": 0.90097068621566778, "train_loss": 0.26580738213762073}
{"dev_acc": 0.61408572195927602, "dev_loss": 0.70361042049314293, "epoch": 15, "train_acc": 0.90542755444342804, "train_loss": 0.25292937009288824}
{"dev_acc": 0.60212393315376922, "dev_loss": 0.73849562632053023, "epoch": 16, "train_acc": 0.91092218380475998, "train_loss": 0.2421049337769281}
{"dev_acc": 0.59275714386508382, "dev_loss": 0.73262170658979031, "epoch": 17, "train_acc": 0.91287546635346239, "train_loss": 0.23831831851879817}
{"dev_acc": 0.56432945856966188, "dev_loss": 0.77182940290575586, "epoch": 18, "train_acc": 0.91674114628566006, "train_loss": 0.22852624522424833}
{"dev_acc": 0.58065919505687502, "dev_loss": 0.77797532449143803, "epoch": 19, "train_acc": 0.91997264065370288, "train_loss": 0.22025347879168258}
{"dev_acc": 0.58926155835612881, "dev_loss": 0.79289284295269424, "epoch": 20, "train_acc": 0.89470217916490524, "train_loss": 0.31746097022219549}
{"dev_acc": 0.56022089699154021, "dev_loss": 0.77601991992975983, "epoch": 21, "train_acc": 0.88937514563877085, "train_loss": 0.33386905870954448}
{"dev_acc": 0.55414546146982957, "dev_loss": 0.78048645252627991, "epoch": 22, "train_acc": 0.90244981563974724, "train_loss": 0.28152162312600715}
{"dev_acc": 0.57534527942325531, "dev_loss": 0.78622313375983921, "epoch": 23, "train_acc": 0.90264935570454941, "train_loss": 0.26513492433012381}
{"dev_acc": 0.56336135131149567, "dev_loss": 0.8063870407640934, "epoch": 24, "train_acc": 0.90997228713255174, "train_loss": 0.24959359930450969}
{"dev_acc": 0.55490323215173976, "dev_loss": 0.81734909197049477, "epoch": 25, "train_acc": 0.91215903048859914, "train_loss": 0.23827060857858462}
{"dev_acc": 0.57270032297828344, "dev_loss": 0.80467869713902473, "epoch": 26, "train_acc": 0.91503156256539575, "train_loss": 0.23011990374726349}
{"dev_acc": 0.57282986872415265, "dev_loss": 0.80191518419555252, "epoch": 27, "train_acc": 0.91758908690356178, "train_loss": 0.22520931888868312}
{"dev_acc": 0.56973276177507726, "dev_loss": 0.8212531004101038, "epoch": 28, "train_acc": 0.92023365476739916, "train_loss": 0.22053902593288052}
{"dev_acc": 0.56697909963724369, "dev_loss": 0.81637041150991407, "epoch": 29, "train_acc": 0.92214960897193554, "train_loss": 0.2086759839999737}
{"dev_acc": 0.58202224653108081, "dev_loss": 0.83688871130081155, "epoch": 30, "train_acc": 0.92571508922369838, "train_loss": 0.20486100953915215}
{"dev_acc": 0.57999709272393418, "dev_loss": 0.84457764109330513, "epoch": 31, "train_acc": 0.92805492047371774, "train_loss": 0.19990774646660761}
{"dev_acc": 0.59326856568739339, "dev_loss": 0.84468769967289903, "epoch": 32, "train_acc": 0.92955332695831405, "train_loss": 0.19292304590580206}
{"dev_acc": 0.58654763306002711, "dev_loss": 0.85068247201187275, "epoch": 33, "train_acc": 0.93127026433483961, "train_loss": 0.19306676463839964}
{"dev_acc": 0.58768535888229922, "dev_loss": 0.85021335112729246, "epoch": 34, "train_acc": 0.93416359899895507, "train_loss": 0.18546863189398141}
{"dev_acc": 0.58797141661526775, "dev_loss": 0.85508878751924, "epoch": 35, "train_acc": 0.93625951064241553, "train_loss": 0.18379525394791213}
{"dev_acc": 0.57831139431373224, "dev_loss": 0.86261344451590305, "epoch": 36, "train_acc": 0.93821865877736466, "train_loss": 0.17864289655349411}
{"dev_acc": 0.58894218163441181, "dev_loss": 0.87039296671615118, "epoch": 37, "train_acc": 0.939952458592477, "train_loss": 0.17812319427804729}
{"dev_acc": 0.58643957080442721, "dev_loss": 0.86764541534440853, "epoch": 38, "train_acc": 0.94190665538302953, "train_loss": 0.17248226491007895}
{"dev_acc": 0.58708368410517109, "dev_loss": 0.86904813951280502, "epoch": 39, "train_acc": 0.94296507203165714, "train_loss": 0.16917961242230561}
{"dev_acc": 0.60346026646319761, "dev_loss": 0.89690555395957616, "epoch": 40, "train_acc": 0.94443529091695089, "train_loss": 0.16872142756833858}
{"dev_acc": 0.58853710985693086, "dev_loss": 0.85906108814690796, "epoch": 41, "train_acc": 0.94632168547278761, "train_loss": 0.16043236658133306}
{"dev_acc": 0.60052010756476315, "dev_loss": 0.91216768384245894, "epoch": 42, "train_acc": 0.94699899721289238, "train_loss": 0.1625008164850488}
{"dev_acc": 0.58907469281193314, "dev_loss": 0.90969236567616463, "epoch": 43, "train_acc": 0.94850222256300465, "train_loss": 0.16047315589517733}
{"dev_acc": 0.54322126440320029, "dev_loss": 0.96154320609223631, "epoch": 44, "train_acc": 0.95011898935627537, "train_loss": 0.15405834602288565}
{"dev_acc": 0.57386913590053557, "dev_loss": 0.96003336226567626, "epoch": 45, "train_acc": 0.95157072336816095, "train_loss": 0.15135610450697987}
{"dev_acc": 0.59186327058691879, "dev_loss": 0.89267695888078635, "epoch": 46, "train_acc": 0.94935303215278943, "train_loss": 0.15484553829105896}
{"dev_acc": 0.58719751383242336, "dev_loss": 0.92440319257522263, "epoch": 47, "train_acc": 0.9522513947805844, "train_loss": 0.15228186636909702}
{"dev_acc": 0.5789071993972279, "dev_loss": 0.95831121171691591, "epoch": 48, "train_acc": 0.95300403922092169, "train_loss": 0.14545868057439867}
{"dev_acc": 0.611974927542694, "dev_loss": 0.87659829851639059, "epoch": 49, "train_acc": 0.94357686717823641, "train_loss": 0.17954481298714003}
{"dev_acc": 0.58789742857590066, "dev_loss": 0.88624940100791194, "epoch": 50, "train_acc": 0.94418977651397651, "train_loss": 0.1790925694420113}
