{'--activation': 'tanh',
 '--dropout': '0.70',
 '--epoch': '50',
 '--hidden': '100',
 '--lr': '0.1',
 '--mem_dim': '100',
 '--model': 'filter',
 '--optim': 'adagrad',
 '--reg': '3e-3',
 '--truncate_grad': '50',
 '<data>': 'data/senna0'}
{"dev_acc": 0.56490284768509491, "dev_loss": 0.6801813574773925, "epoch": 0, "train_acc": 0.70005662476168262, "train_loss": 0.77907372879076608}
{"dev_acc": 0.57895786993895137, "dev_loss": 0.67616788085017887, "epoch": 1, "train_acc": 0.65771606328712295, "train_loss": 0.73925422377224215}
{"dev_acc": 0.51406510307162978, "dev_loss": 0.69390108436346054, "epoch": 2, "train_acc": 0.69952196309232095, "train_loss": 0.70752286722388447}
{"dev_acc": 0.58409119551306965, "dev_loss": 0.67688288752521786, "epoch": 3, "train_acc": 0.74243728526640262, "train_loss": 0.67492040689987476}
{"dev_acc": 0.57075197048818249, "dev_loss": 0.68561534956097603, "epoch": 4, "train_acc": 0.81484491793776048, "train_loss": 0.64390925723540637}
{"dev_acc": 0.52626761653521548, "dev_loss": 0.67713021912745064, "epoch": 5, "train_acc": 0.81867065201867772, "train_loss": 0.58355828365193141}
{"dev_acc": 0.52286509940779147, "dev_loss": 0.69731318711170132, "epoch": 6, "train_acc": 0.83166562904506236, "train_loss": 0.52902086975076534}
{"dev_acc": 0.54032165299127899, "dev_loss": 0.68019666575959747, "epoch": 7, "train_acc": 0.84638181025091619, "train_loss": 0.4662207137274591}
{"dev_acc": 0.58809434874958144, "dev_loss": 0.663472977067743, "epoch": 8, "train_acc": 0.86133452537737243, "train_loss": 0.44006321343440041}
{"dev_acc": 0.5924632388687554, "dev_loss": 0.70926827325352604, "epoch": 9, "train_acc": 0.87569400440291145, "train_loss": 0.38961833465514306}
{"dev_acc": 0.59398770876392193, "dev_loss": 0.69505567223365816, "epoch": 10, "train_acc": 0.88963790555908417, "train_loss": 0.33422160125042821}
{"dev_acc": 0.57480380247599694, "dev_loss": 0.68779908998736317, "epoch": 11, "train_acc": 0.8946304461796496, "train_loss": 0.32219408909330449}
{"dev_acc": 0.6015265618435649, "dev_loss": 0.71369126319353071, "epoch": 12, "train_acc": 0.90007150046520579, "train_loss": 0.30991668404445427}
{"dev_acc": 0.63694478458251136, "dev_loss": 0.7596623629464635, "epoch": 13, "train_acc": 0.90545340564601151, "train_loss": 0.27432793112400966}
{"dev_acc": 0.61462753775226509, "dev_loss": 0.70095395975347075, "epoch": 14, "train_acc": 0.89967539845775546, "train_loss": 0.29388298103703731}
{"dev_acc": 0.58178349320115141, "dev_loss": 0.71345679728048184, "epoch": 15, "train_acc": 0.90180491723354483, "train_loss": 0.30295788595980455}
{"dev_acc": 0.62814561348185338, "dev_loss": 0.70675875925059828, "epoch": 16, "train_acc": 0.90688293994450908, "train_loss": 0.25872595825739486}
{"dev_acc": 0.62067500339621628, "dev_loss": 0.74921346296157154, "epoch": 17, "train_acc": 0.91089611898317491, "train_loss": 0.24337836145423353}
{"dev_acc": 0.65125617910023892, "dev_loss": 0.77847395077281234, "epoch": 18, "train_acc": 0.9158193534115564, "train_loss": 0.23157431937966355}
{"dev_acc": 0.60629268091462063, "dev_loss": 0.76681866134250798, "epoch": 19, "train_acc": 0.91983623243103807, "train_loss": 0.22150438842791004}
{"dev_acc": 0.64531747702411657, "dev_loss": 0.75745879431321683, "epoch": 20, "train_acc": 0.92294663872505511, "train_loss": 0.21127096177012472}
{"dev_acc": 0.61954926690370138, "dev_loss": 0.78500066338373087, "epoch": 21, "train_acc": 0.92575913142008504, "train_loss": 0.20548026549962903}
{"dev_acc": 0.64709878965181011, "dev_loss": 0.81669435243488153, "epoch": 22, "train_acc": 0.92700375204240759, "train_loss": 0.20252345458315568}
{"dev_acc": 0.61122557281995837, "dev_loss": 0.80508149714608279, "epoch": 23, "train_acc": 0.93193675746144389, "train_loss": 0.19575129664146423}
{"dev_acc": 0.59850618784525533, "dev_loss": 0.827576410590804, "epoch": 24, "train_acc": 0.93302831364250027, "train_loss": 0.18764764393213398}
{"dev_acc": 0.60598164564424972, "dev_loss": 0.79980402373309645, "epoch": 25, "train_acc": 0.93271566156084995, "train_loss": 0.18854518883303104}
{"dev_acc": 0.6210243122025505, "dev_loss": 0.80255807493813336, "epoch": 26, "train_acc": 0.93512253603799889, "train_loss": 0.19167663043333938}
{"dev_acc": 0.60676337661743673, "dev_loss": 0.84948493397262481, "epoch": 27, "train_acc": 0.93731344034384656, "train_loss": 0.18045316507179243}
{"dev_acc": 0.58792324503525939, "dev_loss": 0.90520743116004654, "epoch": 28, "train_acc": 0.94049332366580585, "train_loss": 0.17206751095658593}
{"dev_acc": 0.60405388440457997, "dev_loss": 0.79365662929402403, "epoch": 29, "train_acc": 0.9392695250099844, "train_loss": 0.18673890186628456}
{"dev_acc": 0.61443265093986665, "dev_loss": 0.84683259130854693, "epoch": 30, "train_acc": 0.93678668149284217, "train_loss": 0.18347574416553539}
{"dev_acc": 0.59766770505378253, "dev_loss": 0.92234881019352799, "epoch": 31, "train_acc": 0.94045259214360255, "train_loss": 0.17113291400431691}
{"dev_acc": 0.59319337932820981, "dev_loss": 0.89115060786467182, "epoch": 32, "train_acc": 0.94470974104646188, "train_loss": 0.16461746243662731}
{"dev_acc": 0.62886674609325499, "dev_loss": 0.90069505147403106, "epoch": 33, "train_acc": 0.94609443174956809, "train_loss": 0.16188732035313674}
{"dev_acc": 0.62199132343507701, "dev_loss": 0.90015165047537138, "epoch": 34, "train_acc": 0.94894539397936462, "train_loss": 0.15328982366061816}
{"dev_acc": 0.58834294825041866, "dev_loss": 1.0140003943982134, "epoch": 35, "train_acc": 0.94888247204307408, "train_loss": 0.14938179899413798}
{"dev_acc": 0.58775837369910044, "dev_loss": 0.98520578922554181, "epoch": 36, "train_acc": 0.95101533481774281, "train_loss": 0.14678173452935142}
{"dev_acc": 0.59145065841635869, "dev_loss": 1.0320011348604956, "epoch": 37, "train_acc": 0.95277719154733453, "train_loss": 0.14102945538643671}
{"dev_acc": 0.53784966409709556, "dev_loss": 0.76800521622811047, "epoch": 38, "train_acc": 0.80788940112424301, "train_loss": 0.65433891971217606}
{"dev_acc": 0.62327208340282081, "dev_loss": 0.72205350827425718, "epoch": 39, "train_acc": 0.88803914465117062, "train_loss": 0.39799328464307365}
{"dev_acc": 0.61455091920443738, "dev_loss": 0.73035641959203146, "epoch": 40, "train_acc": 0.91272792955404591, "train_loss": 0.26387448913618167}
{"dev_acc": 0.61313726997529105, "dev_loss": 0.75222061614372904, "epoch": 41, "train_acc": 0.91897908568621056, "train_loss": 0.23871013696623755}
{"dev_acc": 0.60975238996414427, "dev_loss": 0.75618846355272196, "epoch": 42, "train_acc": 0.92426609201511634, "train_loss": 0.21630296194218571}
{"dev_acc": 0.63619561604163444, "dev_loss": 0.75197826917948463, "epoch": 43, "train_acc": 0.92891745408277382, "train_loss": 0.20338024352411915}
{"dev_acc": 0.62486186720278691, "dev_loss": 0.79303654256675926, "epoch": 44, "train_acc": 0.93392850433824914, "train_loss": 0.19029020795545576}
{"dev_acc": 0.64626262818341829, "dev_loss": 0.83477362082339823, "epoch": 45, "train_acc": 0.9367248445086751, "train_loss": 0.18213651420200785}
{"dev_acc": 0.65200394094646019, "dev_loss": 0.83313713971126291, "epoch": 46, "train_acc": 0.93763540642128973, "train_loss": 0.18092591946655767}
{"dev_acc": 0.6709249482985582, "dev_loss": 0.79200481091226849, "epoch": 47, "train_acc": 0.93707603840396625, "train_loss": 0.17093165585538372}
{"dev_acc": 0.64344559034197268, "dev_loss": 0.86266462993808091, "epoch": 48, "train_acc": 0.94028604924687664, "train_loss": 0.17451629839923022}
{"dev_acc": 0.6625825940532345, "dev_loss": 0.85696577072043767, "epoch": 49, "train_acc": 0.94397421147317639, "train_loss": 0.16061671985507814}
{"dev_acc": 0.68743621066889271, "dev_loss": 0.89203721273224801, "epoch": 50, "train_acc": 0.94590251370499745, "train_loss": 0.15716720496442851}
