{'--activation': 'tanh',
 '--dropout': '0.70',
 '--epoch': '50',
 '--hidden': '100',
 '--lr': '0.1',
 '--mem_dim': '100',
 '--model': 'filter',
 '--optim': 'adagrad',
 '--reg': '3e-3',
 '--truncate_grad': '50',
 '<data>': 'data/senna0'}
{"dev_acc": 0.57139294326405599, "dev_loss": 0.68155988625117714, "epoch": 0, "train_acc": 0.6906882700445397, "train_loss": 0.76284821727607821}
{"dev_acc": 0.56809293467338173, "dev_loss": 0.67142946219870026, "epoch": 1, "train_acc": 0.73486656733349398, "train_loss": 0.70329177907750573}
{"dev_acc": 0.54528510261586116, "dev_loss": 0.68049749519143787, "epoch": 2, "train_acc": 0.77053000150483952, "train_loss": 0.66933568614193151}
{"dev_acc": 0.54217105116398168, "dev_loss": 0.67539050642933163, "epoch": 3, "train_acc": 0.78325399897559889, "train_loss": 0.6454293712784972}
{"dev_acc": 0.55596873450730755, "dev_loss": 0.67515273658292629, "epoch": 4, "train_acc": 0.80499361398137359, "train_loss": 0.59528126331824294}
{"dev_acc": 0.5640500956807134, "dev_loss": 0.69216912026916233, "epoch": 5, "train_acc": 0.81767386320081981, "train_loss": 0.52997013832194895}
{"dev_acc": 0.55254618186122528, "dev_loss": 0.69839467294514179, "epoch": 6, "train_acc": 0.84300784638206328, "train_loss": 0.49461468818444237}
{"dev_acc": 0.55813987626882144, "dev_loss": 0.70690688890005859, "epoch": 7, "train_acc": 0.86298785302563175, "train_loss": 0.43819143262373494}
{"dev_acc": 0.59955220573787238, "dev_loss": 0.71833827186908039, "epoch": 8, "train_acc": 0.87502343520984671, "train_loss": 0.3773624554182155}
{"dev_acc": 0.58751585708275222, "dev_loss": 0.72174479413245407, "epoch": 9, "train_acc": 0.8857816639460161, "train_loss": 0.33855323848326374}
{"dev_acc": 0.58749397964337668, "dev_loss": 0.72851229379219673, "epoch": 10, "train_acc": 0.89146326277686305, "train_loss": 0.32672515782657302}
{"dev_acc": 0.61100540344794918, "dev_loss": 0.71102105466915033, "epoch": 11, "train_acc": 0.89267252759152793, "train_loss": 0.32866866522928395}
{"dev_acc": 0.61327886555927535, "dev_loss": 0.71542077830859596, "epoch": 12, "train_acc": 0.89905235211385237, "train_loss": 0.30613650676876875}
{"dev_acc": 0.66691727039706994, "dev_loss": 0.69263202650472522, "epoch": 13, "train_acc": 0.90429534421406266, "train_loss": 0.27106049834290824}
{"dev_acc": 0.63936246012271503, "dev_loss": 0.70483449560457045, "epoch": 14, "train_acc": 0.90915891289743034, "train_loss": 0.25273906285697711}
{"dev_acc": 0.64421526197800627, "dev_loss": 0.70916217605450327, "epoch": 15, "train_acc": 0.91314227968562411, "train_loss": 0.24536639288409695}
{"dev_acc": 0.69827146026295994, "dev_loss": 0.67771562940574115, "epoch": 16, "train_acc": 0.91580791602212008, "train_loss": 0.23313820622625608}
{"dev_acc": 0.68668975800526633, "dev_loss": 0.69427164135101649, "epoch": 17, "train_acc": 0.91832214679999224, "train_loss": 0.22669977384701936}
{"dev_acc": 0.67660616280440089, "dev_loss": 0.6889876799125757, "epoch": 18, "train_acc": 0.92022761069186476, "train_loss": 0.21868966652835276}
{"dev_acc": 0.63688407948933723, "dev_loss": 0.7332405203155109, "epoch": 19, "train_acc": 0.91993349771893973, "train_loss": 0.22069684449801386}
{"dev_acc": 0.60569988999370117, "dev_loss": 0.79823623863714077, "epoch": 20, "train_acc": 0.91748127289590375, "train_loss": 0.24955809788109404}
{"dev_acc": 0.61742845511157118, "dev_loss": 0.73903405027730129, "epoch": 21, "train_acc": 0.901122600463936, "train_loss": 0.3109980917084797}
{"dev_acc": 0.61831065384915651, "dev_loss": 0.77239336366099975, "epoch": 22, "train_acc": 0.90996462576027581, "train_loss": 0.25734689644290298}
{"dev_acc": 0.6144993091523101, "dev_loss": 0.76832363661378622, "epoch": 23, "train_acc": 0.91521051564642997, "train_loss": 0.22985166683203623}
{"dev_acc": 0.64010484621698704, "dev_loss": 0.75940046033688957, "epoch": 24, "train_acc": 0.91922144435729891, "train_loss": 0.22711760656579538}
{"dev_acc": 0.62759104690122314, "dev_loss": 0.77796129735984976, "epoch": 25, "train_acc": 0.92212100233586558, "train_loss": 0.21337260497377336}
{"dev_acc": 0.63159544014417435, "dev_loss": 0.75934612418391878, "epoch": 26, "train_acc": 0.92532768289997736, "train_loss": 0.20395923321300385}
{"dev_acc": 0.65050112023237416, "dev_loss": 0.75951509803001371, "epoch": 27, "train_acc": 0.92813242731167878, "train_loss": 0.19686478491532883}
{"dev_acc": 0.67550776527428813, "dev_loss": 0.74156192613632554, "epoch": 28, "train_acc": 0.93079688174274344, "train_loss": 0.19001455095768288}
{"dev_acc": 0.64609847656491792, "dev_loss": 0.74228680040687323, "epoch": 29, "train_acc": 0.93140049182608242, "train_loss": 0.19854523120794293}
{"dev_acc": 0.65497578075643192, "dev_loss": 0.74068461790946982, "epoch": 30, "train_acc": 0.92988291193360517, "train_loss": 0.20963342004402943}
{"dev_acc": 0.66529152344751785, "dev_loss": 0.7411212003124612, "epoch": 31, "train_acc": 0.92815647911544208, "train_loss": 0.20212855499312929}
{"dev_acc": 0.67617010071081762, "dev_loss": 0.71801789577252095, "epoch": 32, "train_acc": 0.93415076415677578, "train_loss": 0.18558458884282014}
{"dev_acc": 0.6709887152977736, "dev_loss": 0.76727430559029541, "epoch": 33, "train_acc": 0.93679570165765991, "train_loss": 0.17624506937292747}
{"dev_acc": 0.66872825854831852, "dev_loss": 0.81610824596802034, "epoch": 34, "train_acc": 0.93894556396179407, "train_loss": 0.17469676416308347}
{"dev_acc": 0.67154501586973903, "dev_loss": 0.81106156303680366, "epoch": 35, "train_acc": 0.94062712554064021, "train_loss": 0.16865774463886865}
{"dev_acc": 0.68829719186957583, "dev_loss": 0.7722890069042998, "epoch": 36, "train_acc": 0.94238409793520672, "train_loss": 0.16263804196334397}
{"dev_acc": 0.65493815561770619, "dev_loss": 0.89176874292648534, "epoch": 37, "train_acc": 0.94200412360563446, "train_loss": 0.16381921238220618}
{"dev_acc": 0.69364231428127165, "dev_loss": 0.80884035593563952, "epoch": 38, "train_acc": 0.94478568293478782, "train_loss": 0.15631069423434843}
{"dev_acc": 0.67489850864297274, "dev_loss": 0.91442460659891367, "epoch": 39, "train_acc": 0.9463813142211438, "train_loss": 0.15264187430037493}
{"dev_acc": 0.68393750801994002, "dev_loss": 0.88213820406235754, "epoch": 40, "train_acc": 0.94784806626780282, "train_loss": 0.14615958875956608}
{"dev_acc": 0.65606923833554376, "dev_loss": 0.875037026658122, "epoch": 41, "train_acc": 0.94892116998028431, "train_loss": 0.15038540306902834}
{"dev_acc": 0.68271030659021559, "dev_loss": 0.87965025526604479, "epoch": 42, "train_acc": 0.94639932890297773, "train_loss": 0.15125823331517138}
{"dev_acc": 0.61407626274253779, "dev_loss": 0.84903695860079353, "epoch": 43, "train_acc": 0.92894533983244443, "train_loss": 0.28253589303563742}
{"dev_acc": 0.63494367396657059, "dev_loss": 0.71042608043977196, "epoch": 44, "train_acc": 0.88760570083671464, "train_loss": 0.3658165813341171}
{"dev_acc": 0.61116227138384016, "dev_loss": 0.73439142134572777, "epoch": 45, "train_acc": 0.89127042277778989, "train_loss": 0.32154204724268115}
{"dev_acc": 0.61009600934753172, "dev_loss": 0.76872850701745066, "epoch": 46, "train_acc": 0.89994885529504975, "train_loss": 0.29121816161241904}
{"dev_acc": 0.59459613704546588, "dev_loss": 0.7908459046323385, "epoch": 47, "train_acc": 0.90659580512174387, "train_loss": 0.25971751452181963}
{"dev_acc": 0.57734843307881867, "dev_loss": 0.79507277846070268, "epoch": 48, "train_acc": 0.91066714608795096, "train_loss": 0.23932821062210022}
{"dev_acc": 0.59789209269683907, "dev_loss": 0.81325074099004269, "epoch": 49, "train_acc": 0.9139488341016927, "train_loss": 0.22832308762966172}
{"dev_acc": 0.60013475437281927, "dev_loss": 0.8135702289707426, "epoch": 50, "train_acc": 0.91690406755334519, "train_loss": 0.21811068047219712}
