{'--activation': 'tanh',
 '--dropout': '0.70',
 '--epoch': '50',
 '--hidden': '100',
 '--lr': '0.1',
 '--mem_dim': '100',
 '--model': 'filter',
 '--optim': 'adagrad',
 '--reg': '3e-3',
 '--truncate_grad': '50',
 '<data>': 'data/senna0'}
{"dev_acc": 0.57003016800297868, "dev_loss": 0.66982711958033703, "epoch": 0, "train_acc": 0.64625339272428772, "train_loss": 0.74837507703636263}
{"dev_acc": 0.49673536235490529, "dev_loss": 0.68967905959912712, "epoch": 1, "train_acc": 0.71936843580097465, "train_loss": 0.71902272520186028}
{"dev_acc": 0.55953908541710917, "dev_loss": 0.67915210819670135, "epoch": 2, "train_acc": 0.74300902150770165, "train_loss": 0.65063665562038175}
{"dev_acc": 0.55371656063246621, "dev_loss": 0.67840554033006939, "epoch": 3, "train_acc": 0.77319450895937547, "train_loss": 0.62498405802099011}
{"dev_acc": 0.60985990076076557, "dev_loss": 0.66768049980912891, "epoch": 4, "train_acc": 0.80984876252637128, "train_loss": 0.57140690022254292}
{"dev_acc": 0.60537791203141711, "dev_loss": 0.68426200241914814, "epoch": 5, "train_acc": 0.83314593455055175, "train_loss": 0.51143554494350774}
{"dev_acc": 0.58501218408985012, "dev_loss": 0.70357060698526241, "epoch": 6, "train_acc": 0.85396372926007447, "train_loss": 0.47654144503647766}
{"dev_acc": 0.56221487248056834, "dev_loss": 0.74459404179028099, "epoch": 7, "train_acc": 0.86700766747928326, "train_loss": 0.41503096836371511}
{"dev_acc": 0.62872217403369279, "dev_loss": 0.69265975936182911, "epoch": 8, "train_acc": 0.87849534089358094, "train_loss": 0.37012716597299788}
{"dev_acc": 0.63094888214959233, "dev_loss": 0.72967061001275269, "epoch": 9, "train_acc": 0.88743492930526291, "train_loss": 0.33509659384896012}
{"dev_acc": 0.55119941045269671, "dev_loss": 0.85321776329406673, "epoch": 10, "train_acc": 0.8934486268678884, "train_loss": 0.31456295622783842}
{"dev_acc": 0.62622196470167946, "dev_loss": 0.91943828176174847, "epoch": 11, "train_acc": 0.89519715360157537, "train_loss": 0.28932011477012609}
{"dev_acc": 0.57666015898098977, "dev_loss": 0.83844902991716352, "epoch": 12, "train_acc": 0.89712211690866328, "train_loss": 0.28022985092564662}
{"dev_acc": 0.56824749245508954, "dev_loss": 0.78982627431729013, "epoch": 13, "train_acc": 0.90175548823289142, "train_loss": 0.2637107961765443}
{"dev_acc": 0.58843532254656672, "dev_loss": 0.8147950095590204, "epoch": 14, "train_acc": 0.90658780243078452, "train_loss": 0.25421502955753028}
{"dev_acc": 0.61691496945841073, "dev_loss": 0.81041494001900516, "epoch": 15, "train_acc": 0.91056373420106418, "train_loss": 0.24249737970958335}
{"dev_acc": 0.58023095393881796, "dev_loss": 0.8159927361910897, "epoch": 16, "train_acc": 0.90942599190205231, "train_loss": 0.25171999346252671}
{"dev_acc": 0.56791994833639381, "dev_loss": 0.88735353218258495, "epoch": 17, "train_acc": 0.9121782930790171, "train_loss": 0.23163984935580387}
{"dev_acc": 0.53363385144680275, "dev_loss": 0.91083314954968431, "epoch": 18, "train_acc": 0.9103505831858224, "train_loss": 0.2395826629937709}
{"dev_acc": 0.61623749917883663, "dev_loss": 0.81650455743407035, "epoch": 19, "train_acc": 0.90886930515526043, "train_loss": 0.24632972104421852}
{"dev_acc": 0.56933080237507527, "dev_loss": 0.846122596105228, "epoch": 20, "train_acc": 0.9128329616728339, "train_loss": 0.22685117143666064}
{"dev_acc": 0.58338910060606486, "dev_loss": 0.91430614922761122, "epoch": 21, "train_acc": 0.91687747079104887, "train_loss": 0.21617947095530579}
{"dev_acc": 0.57378062600953605, "dev_loss": 0.97544890533234663, "epoch": 22, "train_acc": 0.92015231635679506, "train_loss": 0.2135701271125279}
{"dev_acc": 0.54833500522187251, "dev_loss": 1.0264606102552665, "epoch": 23, "train_acc": 0.92355253044240371, "train_loss": 0.19953747689071896}
{"dev_acc": 0.55019322266795256, "dev_loss": 1.0990220584041839, "epoch": 24, "train_acc": 0.92619482616754512, "train_loss": 0.19288843027846533}
{"dev_acc": 0.54781237930554882, "dev_loss": 1.093688011310795, "epoch": 25, "train_acc": 0.92894460511918908, "train_loss": 0.18944679683551804}
{"dev_acc": 0.57831724626792125, "dev_loss": 1.1413409230382447, "epoch": 26, "train_acc": 0.93148440044752878, "train_loss": 0.18232056000962546}
{"dev_acc": 0.53621119367449577, "dev_loss": 1.1975893493051575, "epoch": 27, "train_acc": 0.93346969260615509, "train_loss": 0.17738197197772185}
{"dev_acc": 0.55923365614219722, "dev_loss": 1.1481405634299986, "epoch": 28, "train_acc": 0.9325650661711028, "train_loss": 0.17642227561829046}
{"dev_acc": 0.56159502528417227, "dev_loss": 1.1571480941659371, "epoch": 29, "train_acc": 0.93496433750030006, "train_loss": 0.17181881977233424}
{"dev_acc": 0.58167921994607696, "dev_loss": 1.0369361198640294, "epoch": 30, "train_acc": 0.92758749543763974, "train_loss": 0.18588765422390668}
{"dev_acc": 0.55090757357860831, "dev_loss": 0.92130478788333547, "epoch": 31, "train_acc": 0.92879995095045942, "train_loss": 0.19631931644862907}
{"dev_acc": 0.60778622142819483, "dev_loss": 0.76790979072185495, "epoch": 32, "train_acc": 0.91988964532071016, "train_loss": 0.21863396423660689}
{"dev_acc": 0.60930089716207381, "dev_loss": 0.93957480042341301, "epoch": 33, "train_acc": 0.92648411084387572, "train_loss": 0.20519789743798644}
{"dev_acc": 0.59614879677558996, "dev_loss": 0.9261310621015062, "epoch": 34, "train_acc": 0.92737457674589163, "train_loss": 0.20188125516554614}
{"dev_acc": 0.58469817846441763, "dev_loss": 1.0278322626441618, "epoch": 35, "train_acc": 0.92765919574188849, "train_loss": 0.19459961890427196}
{"dev_acc": 0.5721821779230023, "dev_loss": 1.0658152784391339, "epoch": 36, "train_acc": 0.93316168122421062, "train_loss": 0.17633220815811529}
{"dev_acc": 0.61166276940075781, "dev_loss": 1.119741782995074, "epoch": 37, "train_acc": 0.93574766909685325, "train_loss": 0.16946260472302785}
{"dev_acc": 0.58912920778788203, "dev_loss": 0.74556806031614542, "epoch": 38, "train_acc": 0.90905881879353989, "train_loss": 0.34953655006328621}
{"dev_acc": 0.58478491726191384, "dev_loss": 0.73724570125341415, "epoch": 39, "train_acc": 0.91853546075615944, "train_loss": 0.2365929129285903}
{"dev_acc": 0.56670094843890595, "dev_loss": 0.84818051243200898, "epoch": 40, "train_acc": 0.92528031738328598, "train_loss": 0.21012551573553134}
{"dev_acc": 0.56527021029243019, "dev_loss": 0.87323061456637718, "epoch": 41, "train_acc": 0.92913726625498438, "train_loss": 0.19172874684121366}
{"dev_acc": 0.56872350700636687, "dev_loss": 0.92528819725183509, "epoch": 42, "train_acc": 0.93202914165556838, "train_loss": 0.18205662553944282}
{"dev_acc": 0.57496343004090178, "dev_loss": 0.9317361773656947, "epoch": 43, "train_acc": 0.93431901365090486, "train_loss": 0.17442936337263032}
{"dev_acc": 0.5778082032978139, "dev_loss": 0.95149612120751825, "epoch": 44, "train_acc": 0.93706189128793904, "train_loss": 0.1703501229956923}
{"dev_acc": 0.56671797994611484, "dev_loss": 0.9911976595675307, "epoch": 45, "train_acc": 0.93749653279495082, "train_loss": 0.16699415609764401}
{"dev_acc": 0.64193504626275466, "dev_loss": 0.84393868390803362, "epoch": 46, "train_acc": 0.94028964119657332, "train_loss": 0.16090939004853577}
{"dev_acc": 0.59114666392665238, "dev_loss": 1.0186101832160992, "epoch": 47, "train_acc": 0.94060679154698856, "train_loss": 0.16156429175832354}
{"dev_acc": 0.58647593578058321, "dev_loss": 0.98587852264089249, "epoch": 48, "train_acc": 0.94255077129699227, "train_loss": 0.15365321779254487}
{"dev_acc": 0.5852806135045735, "dev_loss": 0.98648911222283331, "epoch": 49, "train_acc": 0.94415018997209155, "train_loss": 0.15033886864307244}
{"dev_acc": 0.57330908330152641, "dev_loss": 1.0922895511196526, "epoch": 50, "train_acc": 0.94481536361989726, "train_loss": 0.14996329264507535}
